=~=~=~=~=~=~=~=~=~=~=~= PuTTY log 2024.09.18 01:19:07 =~=~=~=~=~=~=~=~=~=~=~=
 Pokla. Kj-Kj-Kj-Kj-Kj-KoV:4"s L&> *1 Qx TcW
C> *1 QxUo]>>HP
zRrK)> *1 IxUo]
B R+iX+iRXVIr +dsR------------------ ARQ protocol starts! --------------------------
endnode : 34, dest : 12
>>>>> HAL OnTxDone Function
>>>>> HAL OnTxTimeout
>>>>> HAL OnRxError
>>>>> HAL OnRxTimeout

   Initializing Radio Interrupt handlers 
------------------ ARQ protocol starts! --------------------------
endnode : 34, dest : 12
>>>>> HAL OnTxDone Function
>>>>> HAL OnTxTimeout
>>>>> HAL OnRxError
>>>>> HAL OnRxTimeout

   Initializing Radio Interrupt handlers 
Execution time: 7034 milli secomds
error count: 0
Execution time: 6915 milli secomds
error count: 0
Execution time: 6846 milli secomds
error count: 0
Execution time: 6915 milli secomds
error count: 0
Execution time: 6846 milli secomds
error count: 0
Execution time: 6846 milli secomds
error count: 0
Execution time: 6984 milli secomds
error count: 0
Execution time: 7053 milli secomds
error count: 0
Execution time: 6846 milli secomds
error count: 0
Execution time: 6846 milli secomds
error count: 0
-----------------------The End-----------------------
------------------ ARQ protocol starts! --------------------------
endnode : 34, dest : 12
>>>>> HAL OnTxDone Function
>>>>> HAL OnTxTimeout
>>>>> HAL OnRxError
>>>>> HAL OnRxTimeout

   Initializing Radio Interrupt handlers 
Execution time: 11496 milli secomds
error count: 0
Execution time: 11444 milli secomds
error count: 0
Execution time: 11444 milli secomds
error count: 0
Execution time: 11444 milli secomds
error count: 0
Execution time: 11444 milli secomds
error count: 0
Execution time: 11444 milli secomds
error count: 0
Execution time: 11444 milli secomds
error count: 0
Execution time: 11444 milli secomds
error count: 0
Execution time: 11444 milli secomds
error count: 0
Execution time: 11444 milli secomds
error count: 0
-----------------------The End-----------------------
------------------ ARQ protocol starts! --------------------------
endnode : 34, dest : 12
>>>>> HAL OnTxDone Function
>>>>> HAL OnTxTimeout
>>>>> HAL OnRxError
>>>>> HAL OnRxTimeout

   Initializing Radio Interrupt handlers 
Execution time: 21796 milli secomds
error count: 0
Execution time: 21745 milli secomds
error count: 0
Execution time: 21745 milli secomds
error count: 0
Execution time: 21745 milli secomds
error count: 0
Execution time: 21745 milli secomds
error count: 0
Execution time: 21745 milli secomds
error count: 0
Execution time: 21745 milli secomds
error count: 0
Execution time: 21745 milli secomds
error count: 0
Execution time: 21745 milli secomds
error count: 0
Execution time: 21745 milli secomds
error count: 0
-----------------------The End-----------------------
------------------ ARQ protocol starts! --------------------------
endnode : 34, dest : 12
>>>>> HAL OnTxDone Function
>>>>> HAL OnTxTimeout
>>>>> HAL OnRxError
>>>>> HAL OnRxTimeout

   Initializing Radio Interrupt handlers 
Execution time: 302157 milli secomds
error count: 9
Execution time: 260745 milli secomds
error count: 2
Execution time: 38244 milli secomds
error count: 0
Execution time: 38628 milli secomds
error count: 0
Execution time: 38245 milli secomds
error count: 0
Execution time: 38245 milli secomds
error count: 0
Execution time: 38628 milli secomds
error count: 0
Execution time: 39011 milli secomds
error count: 0
Execution time: 38628 milli secomds
error count: 0
Execution time: 38628 milli secomds
error count: 0
-----------------------The End-----------------------
