=~=~=~=~=~=~=~=~=~=~=~= PuTTY log 2024.09.16 09:04:05 =~=~=~=~=~=~=~=~=~=~=~=
------------------ ARQ protocol starts! --------------------------
endnode : 34, dest : 12
>>>>> HAL OnTxDone Function
>>>>> HAL OnTxTimeout
>>>>> HAL OnRxError
>>>>> HAL OnRxTimeout

   Initializing Radio Interrupt handlers 
Execution time: 25061 milli secomds
error count: 4
Execution time: 23745 milli secomds
error count: 2
Execution time: 14203 milli secomds
error count: 2
Execution time: 23285 milli secomds
error count: 1
Execution time: 28229 milli secomds
error count: 2
Execution time: 29838 milli secomds
error count: 0
Execution time: 27654 milli secomds
error count: 0
Execution time: 18457 milli secomds
error count: 0
Execution time: 24780 milli secomds
error count: 3
Execution time: 26504 milli secomds
error count: 6
-----------------------The End-----------------------
------------------ ARQ protocol starts! --------------------------
endnode : 34, dest : 12
>>>>> HAL OnTxDone Function
>>>>> HAL OnTxTimeout
>>>>> HAL OnRxError
>>>>> HAL OnRxTimeout

   Initializing Radio Interrupt handlers 
Execution time: 11496 milli secomds
error count: 0
Execution time: 11444 milli secomds
error count: 0
Execution time: 11445 milli secomds
error count: 0
Execution time: 11445 milli secomds
error count: 0
Execution time: 11444 milli secomds
error count: 0
Execution time: 11444 milli secomds
error count: 0
Execution time: 11559 milli secomds
error count: 0
Execution time: 11444 milli secomds
error count: 0
Execution time: 11444 milli secomds
error count: 0
Execution time: 11444 milli secomds
error count: 0
-----------------------The End-----------------------
