=~=~=~=~=~=~=~=~=~=~=~= PuTTY log 2024.09.16 05:19:03 =~=~=~=~=~=~=~=~=~=~=~=
------------------ ARQ protocol starts! --------------------------
endnode : 34, dest : 12
>>>>> HAL OnTxDone Function

>>>>> HAL OnTxTimeout

>>>>> HAL OnRxError

>>>>> HAL OnRxTimeout

   Initializing Radio Interrupt handlers 
Execution time: 75396 milli secomds
error count: 0
Execution time: 75345 milli secomds
error count: 0
Execution time: 75345 milli secomds
error count: 0
Execution time: 75345 milli secomds
error count: 0
Execution time: 75345 milli secomds
error count: 0
Execution time: 75345 milli secomds
error count: 0
Execution time: 75345 milli secomds
error count: 0
Execution time: 75345 milli secomds
error count: 0
Execution time: 75345 milli secomds
error count: 0
Execution time: 75345 milli secomds
error count: 0
-----------------------The End-----------------------
------------------ ARQ protocol starts! --------------------------
endnode : 34, dest : 12
>>>>> HAL OnTxDone Function

>>>>> HAL OnTxTimeout

>>>>> HAL OnRxError

>>>>> HAL OnRxTimeout

     Initializing Radio Interrupt handlers 
Execution time: 104801 milli secomds
error count: 3
Execution time: 111534 milli secomds
error count: 7
Execution time: 104749 milli secomds
error count: 3
Execution time: 106256 milli secomds
error count: 2
Execution time: 136415 milli secomds
error count: 12
Execution time: 128120 milli secomds
error count: 4
Execution time: 88916 milli secomds
error count: 1
Execution time: 91932 milli secomds
error count: 0
Execution time: 88916 milli secomds
error count: 1
Execution time: 88916 milli secomds
error count: 1
