=~=~=~=~=~=~=~=~=~=~=~= PuTTY log 2024.09.16 09:11:33 =~=~=~=~=~=~=~=~=~=~=~=
------------------ ARQ protocol starts! --------------------------
endnode : 34, dest : 12
>>>>> HAL OnTxDone Function

>>>>> HAL OnTxTimeout

>>>>> HAL OnRxError

>>>>> HAL OnRxTimeout

   Initializing Radio Interrupt handlers 
Execution time: 15309 milli secomds
error count: 1
------------------ ARQ protocol starts! --------------------------
endnode : 34, dest : 12
>>>>> HAL OnTxDone Function

>>>>> HAL OnTxTimeout

>>>>> HAL OnRxError

>>>>> HAL OnRxTimeout

   Initializing Radio Interrupt handlers 
Execution time: 6896 milli secomds
error count: 0
Execution time: 6846 milli secomds
error count: 0
Execution time: 6846 milli secomds
error count: 0
Execution time: 6846 milli secomds
error count: 0
Execution time: 6984 milli secomds
error count: 0
Execution time: 6846 milli secomds
error count: 0
Execution time: 6915 milli secomds
error count: 0
Execution time: 6846 milli secomds
error count: 0
Execution time: 6984 milli secomds
error count: 0
Execution time: 6846 milli secomds
error count: 0
-----------------------The End-----------------------
------------------ ARQ protocol starts! --------------------------
endnode : 34, dest : 12
>>>>> HAL OnTxDone Function

>>>>> HAL OnTxTimeout

>>>>> HAL OnRxError

>>>>> HAL OnRxTimeout

   Initializing Radio Interrupt handlers 
Execution time: 15792 milli secomds
error count: 4
Execution time: 16016 milli secomds
error count: 0
Execution time: 14499 milli secomds
error count: 1
Execution time: 15120 milli secomds
error count: 2
Execution time: 10637 milli secomds
error count: 1
Execution time: 9465 milli secomds
error count: 4
Execution time: 8983 milli secomds
error count: 4
Execution time: 7880 milli secomds
error count: 1
Execution time: 10845 milli secomds
error count: 2

 -------------------------------------------------
[ARQ] ACK is received (1)
 -------------------------------------------------
[WARNING] cannot happen event 2 in the state 0
Execution time: 15672 milli secomds
error count: 3
-----------------------The End-----------------------
