=~=~=~=~=~=~=~=~=~=~=~= PuTTY log 2024.08.31 21:21:52 =~=~=~=~=~=~=~=~=~=~=~=
------------------- ARQ protocol starts! -------------------------- sf8
endnode : 34, dest : 12
>>>>> HAL OnTxDone Function

>>>>> HAL OnTxTimeout

>>>>> HAL OnRxError

>>>>> HAL OnRxTimeout

   Initializing Radio Interrupt handlers 
Execution time: 20118 milli secomds
error count: 4
Execution time: 18457 milli secomds
error count: 12
Execution time: 19261 milli secomds
error count: 8
Execution time: 19032 milli secomds
error count: 7
Execution time: 18802 milli secomds
error count: 6
Execution time: 14319 milli secomds
error count: 3
Execution time: 19722 milli secomds
error count: 11
Execution time: 19146 milli secomds
error count: 6
Execution time: 15698 milli secomds
error count: 6
Execution time: 13859 milli secomds
error count: 1
-----------------------The End-----------------------

 -------------------------------------------------
[ARQ] ACK is received (0)
 -------------------------------------------------
------------------ ARQ protocol starts! -------------------------- sf9
endnode : 34, dest : 12
>>>>> HAL OnTxDone Function

>>>>> HAL OnTxTimeout

>>>>> HAL OnRxError

>>>>> HAL OnRxTimeout

   Initializing Radio Interrupt handlers 
Execution time: 26155 milli secomds
error count: 3
Execution time: 24360 milli secomds
error count: 2
Execution time: 22181 milli secomds
error count: 0
Execution time: 24796 milli secomds
error count: 3
Execution time: 24360 milli secomds
error count: 0
Execution time: 23706 milli secomds
error count: 0
Execution time: 24142 milli secomds
error count: 0
Execution time: 23488 milli secomds
error count: 0
Execution time: 23270 milli secomds
error count: 0
Execution time: 22617 milli secomds
error count: 0
-----------------------The End-----------------------
------------------ ARQ protocol starts! -------------------------- sf10
endnode : 34, dest : 12
>>>>> HAL OnTxDone Function

>>>>> HAL OnTxTimeout

>>>>> HAL OnRxError

>>>>> HAL OnRxTimeout

   Initializing Radio Interrupt handlers 
Execution time: 45189 milli secomds
error count: 1
Execution time: 42074 milli secomds
error count: 0
Execution time: 44372 milli secomds
error count: 2
Execution time: 43606 milli secomds
error count: 2
Execution time: 40926 milli secomds
error count: 0
Execution time: 46287 milli secomds
error count: 0
Execution time: 40926 milli secomds
error count: 0
Execution time: 43606 milli secomds
error count: 1
Execution time: 43989 milli secomds
error count: 1
Execution time: 42840 milli secomds
error count: 0
-----------------------The End-----------------------
------------------ ARQ protocol starts! -------------------------- sf11
endnode : 34, dest : 12
>>>>> HAL OnTxDone Function

>>>>> HAL OnTxTimeout

>>>>> HAL OnRxError

>>>>> HAL OnRxTimeout

   Initializing Radio Interrupt handlers 
Execution time: 76904 milli secomds
error count: 0
Execution time: 75345 milli secomds
error count: 0
Execution time: 75345 milli secomds
error count: 0
Execution time: 75345 milli secomds
error count: 0
Execution time: 75345 milli secomds
error count: 0
Execution time: 75345 milli secomds
error count: 0
Execution time: 75345 milli secomds
error count: 0
Execution time: 75345 milli secomds
error count: 0
Execution time: 75345 milli secomds
error count: 0
Execution time: 75345 milli secomds
error count: 0
-----------------------The End-----------------------
------------------ ARQ protocol starts! -------------------------- sf12
endnode : 34, dest : 12
>>>>> HAL OnTxDone Function

>>>>> HAL OnTxTimeout

>>>>> HAL OnRxError

>>>>> HAL OnRxTimeout

   Initializing Radio Interrupt handlers 
Execution time: 149497 milli secomds
error count: 0
Execution time: 149444 milli secomds
error count: 0
Execution time: 149444 milli secomds
error count: 0
Execution time: 149444 milli secomds
error count: 0
Execution time: 149444 milli secomds
error count: 0
Execution time: 149445 milli secomds
error count: 0
Execution time: 149445 milli secomds
error count: 0
Execution time: 149445 milli secomds
error count: 0
Execution time: 149445 milli secomds
error count: 0
Execution time: 149445 milli secomds
error count: 0
-----------------------The End-----------------------
