=~=~=~=~=~=~=~=~=~=~=~= PuTTY log 2024.08.19 09:32:25 =~=~=~=~=~=~=~=~=~=~=~=
n '4"s L&> *1 Qx TcW
C> *1 QxUo]>>HP
zRrK)> *1 IxUo]
B R+iX+iRXVIr +dsR[PsYn L&BsY0J[PTZo]WrYn+sZ(J
[PTZo]WrYn+sZ(LI[PTZo]WrYn+sZ(I
j-Kj-Kj-Kj-Kj-Kj-Kj-Kj-Kj-Kj-KI[PA
J iW J
j-Kj-Kj-Kj-Kj-Kj-Kj-Kj-Kj-Kj-KI[PsYn L&BsY1J[PTZo]WrYn+sZ(J

j-Kj-Kj-Kj-Kj-Kj-Kj-Kj-Kj-Kj-KI[PA
J iW )J
j-Kj-Kj-Kj-Kj-Kj-Kj-Kj-Kj-Kj-KI[PsYn L&BsY2J[P[ARQ] Time out! retransmission (1)
[ARQ] Time out! retransmission (2)
[ARQ] Time out! retransmission (3)
[ARQ] Time out! retransmission (4)
[ARQ] Time out! retransmission (5)
[ARQ] max retransmission reached! give up sending
[ARQ] sending to 12 (seq:6)
[ARQ] Time out! retransmission (0)
[ARQ] Time out! retransmission (1)
[ARQ] Time out! retransmission (2)
[ARQ] Time out! retransmission (3)
------------------ ARQ protocol starts! --------------------------
endnode : 12, dest : 34
>>>>> HAL OnTxDone Function
>>>>> HAL OnTxTimeout
>>>>> HAL OnRxError
>>>>> HAL OnRxTimeout

   Initializing Radio Interrupt handlers 
------------------ ARQ protocol starts! --------------------------
endnode : 34, dest : 12
>>>>> HAL OnTxDone Function
>>>>> HAL OnTxTimeout
>>>>> HAL OnRxError
>>>>> HAL OnRxTimeout

   Initializing Radio Interrupt handlers 
[ARQ] sending to 12 (seq:0)
[ARQ] Time out! retransmission (0)
[ARQ] Time out! retransmission (1)
[ARQ] Time out! retransmission (2)
[ARQ] Time out! retransmission (3)
[ARQ] Time out! retransmission (4)
[ARQ] Time out! retransmission (5)
[ARQ] max retransmission reached! give up sending
[ARQ] sending to 12 (seq:1)
[ARQ] Time out! retransmission (0)

 -------------------------------------------------
[ARQ] ACK is received (1)
 -------------------------------------------------
[ARQ] sending to 12 (seq:2)
[ARQ] Time out! retransmission (0)
[ARQ] Time out! retransmission (1)
[ARQ] Time out! retransmission (2)
[ARQ] Time out! retransmission (3)
[ARQ] Time out! retransmission (4)
[ARQ] Time out! retransmission (5)
[ARQ] max retransmission reached! give up sending
[ARQ] sending to 12 (seq:3)
[ARQ] Time out! retransmission (0)
[ARQ] Time out! retransmission (1)

 -------------------------------------------------
[ARQ] ACK is received (3)
 -------------------------------------------------
[ARQ] sending to 12 (seq:4)

 -------------------------------------------------
[ARQ] ACK is received (4)
 -------------------------------------------------
[ARQ] sending to 12 (seq:5)

 -------------------------------------------------
[ARQ] ACK is received (5)
 -------------------------------------------------
[ARQ] sending to 12 (seq:6)
[ARQ] Time out! retransmission (0)
[ARQ] Time out! retransmission (1)

 -------------------------------------------------
[ARQ] ACK is received (6)
 -------------------------------------------------
[ARQ] sending to 12 (seq:7)
[ARQ] Time out! retransmission (0)

 -------------------------------------------------
[ARQ] ACK is received (7)
 -------------------------------------------------
[ARQ] sending to 12 (seq:8)

 -------------------------------------------------
[ARQ] ACK is received (8)
 -------------------------------------------------
[ARQ] sending to 12 (seq:9)

 -------------------------------------------------
[ARQ] ACK is received (9)
 -------------------------------------------------
[ARQ] sending to 12 (seq:10)
[ARQ] Time out! retransmission (0)
[ARQ] Time out! retransmission (1)
[ARQ] Time out! retransmission (2)
[ARQ] Time out! retransmission (3)
[ARQ] Time out! retransmission (4)
[ARQ] Time out! retransmission (5)
[ARQ] max retransmission reached! give up sending
[ARQ] sending to 12 (seq:11)
[ARQ] Time out! retransmission (0)
[ARQ] Time out! retransmission (1)
[ARQ] Time out! retransmission (2)
[ARQ] Time out! retransmission (3)
[ARQ] Time out! retransmission (4)
[ARQ] Time out! retransmission (5)
[ARQ] max retransmission reached! give up sending
[ARQ] sending to 12 (seq:12)
[ARQ] Time out! retransmission (0)
[ARQ] Time out! retransmission (1)
[ARQ] Time out! retransmission (2)
[ARQ] Time out! retransmission (3)
[ARQ] Time out! retransmission (4)
[ARQ] Time out! retransmission (5)
[ARQ] max retransmission reached! give up sending
[ARQ] sending to 12 (seq:13)
[ARQ] Time out! retransmission (0)
[ARQ] Time out! retransmission (1)
[ARQ] Time out! retransmission (2)
[ARQ] Time out! retransmission (3)
[ARQ] Time out! retransmission (4)
[ARQ] Time out! retransmission (5)
[ARQ] max retransmission reached! give up sending
[ARQ] sending to 12 (seq:14)

 -------------------------------------------------
[ARQ] ACK is received (14)
 -------------------------------------------------
[ARQ] sending to 12 (seq:15)
[ARQ] Time out! retransmission (0)

 -------------------------------------------------
[ARQ] ACK is received (15)
 -------------------------------------------------
[ARQ] sending to 12 (seq:16)

 -------------------------------------------------
[ARQ] ACK is received (16)
 -------------------------------------------------
[ARQ] sending to 12 (seq:17)
[ARQ] Time out! retransmission (0)

 -------------------------------------------------
[ARQ] ACK is received (17)
 -------------------------------------------------
[ARQ] sending to 12 (seq:18)
[ARQ] Time out! retransmission (0)

 -------------------------------------------------
[ARQ] ACK is received (18)
 -------------------------------------------------
[ARQ] sending to 12 (seq:19)

 -------------------------------------------------
[ARQ] ACK is received (19)
 -------------------------------------------------
[ARQ] sending to 12 (seq:20)

 -------------------------------------------------
[ARQ] ACK is received (20)
 -------------------------------------------------
[ARQ] sending to 12 (seq:21)

 -------------------------------------------------
[ARQ] ACK is received (21)
 -------------------------------------------------
[ARQ] sending to 12 (seq:22)

 -------------------------------------------------
[ARQ] ACK is received (22)
 -------------------------------------------------
[ARQ] sending to 12 (seq:23)

 -------------------------------------------------
[ARQ] ACK is received (23)
 -------------------------------------------------
[ARQ] sending to 12 (seq:24)
[ARQ] Time out! retransmission (0)
[ARQ] Time out! retransmission (1)
[ARQ] Time out! retransmission (2)
[ARQ] Time out! retransmission (3)

 -------------------------------------------------
[ARQ] ACK is received (24)
 -------------------------------------------------
[ARQ] sending to 12 (seq:25)

 -------------------------------------------------
[ARQ] ACK is received (25)
 -------------------------------------------------
[ARQ] sending to 12 (seq:26)
[ARQ] Time out! retransmission (0)
[ARQ] Time out! retransmission (1)

 -------------------------------------------------
[ARQ] ACK is received (26)
 -------------------------------------------------
[ARQ] sending to 12 (seq:27)
[ARQ] Time out! retransmission (0)
[ARQ] Time out! retransmission (1)

 -------------------------------------------------
[ARQ] ACK is received (27)
 -------------------------------------------------
[ARQ] sending to 12 (seq:28)
[ARQ] Time out! retransmission (0)

 -------------------------------------------------
[ARQ] ACK is received (28)
 -------------------------------------------------
[ARQ] sending to 12 (seq:29)
[ARQ] Time out! retransmission (0)

 -------------------------------------------------
[ARQ] ACK is received (29)
 -------------------------------------------------
[ARQ] sending to 12 (seq:30)
[ARQ] Time out! retransmission (0)
[ARQ] Time out! retransmission (1)
[ARQ] Time out! retransmission (2)
[ARQ] Time out! retransmission (3)
[ARQ] Time out! retransmission (4)

 -------------------------------------------------
[ARQ] ACK is received (30)
 -------------------------------------------------
[ARQ] sending to 12 (seq:31)
[ARQ] Time out! retransmission (0)

 -------------------------------------------------
[ARQ] ACK is received (31)
 -------------------------------------------------
[ARQ] sending to 12 (seq:32)
[ARQ] Time out! retransmission (0)

 -------------------------------------------------
[ARQ] ACK is received (32)
 -------------------------------------------------
[ARQ] sending to 12 (seq:33)

 -------------------------------------------------
[ARQ] ACK is received (33)
 -------------------------------------------------
[ARQ] sending to 12 (seq:34)

 -------------------------------------------------
[ARQ] ACK is received (34)
 -------------------------------------------------
[ARQ] sending to 12 (seq:35)

 -------------------------------------------------
[ARQ] ACK is received (35)
 -------------------------------------------------
[ARQ] sending to 12 (seq:36)

 -------------------------------------------------
[ARQ] ACK is received (36)
 -------------------------------------------------
[ARQ] sending to 12 (seq:37)

 -------------------------------------------------
[ARQ] ACK is received (37)
 -------------------------------------------------
[ARQ] sending to 12 (seq:38)

 -------------------------------------------------
[ARQ] ACK is received (38)
 -------------------------------------------------
[ARQ] sending to 12 (seq:39)
[ARQ] Time out! retransmission (0)

 -------------------------------------------------
[ARQ] ACK is received (39)
 -------------------------------------------------
[ARQ] sending to 12 (seq:40)

 -------------------------------------------------
[ARQ] ACK is received (40)
 -------------------------------------------------
[ARQ] sending to 12 (seq:41)

 -------------------------------------------------
[ARQ] ACK is received (41)
 -------------------------------------------------
[ARQ] sending to 12 (seq:42)
[ARQ] Time out! retransmission (0)
[ARQ] Time out! retransmission (1)
[ARQ] Time out! retransmission (2)
[ARQ] Time out! retransmission (3)
[ARQ] Time out! retransmission (4)
[ARQ] Time out! retransmission (5)
[ARQ] max retransmission reached! give up sending
[ARQ] sending to 12 (seq:43)
[ARQ] Time out! retransmission (0)
[ARQ] Time out! retransmission (1)
[ARQ] Time out! retransmission (2)

 -------------------------------------------------
[ARQ] ACK is received (43)
 -------------------------------------------------
[ARQ] sending to 12 (seq:44)
[ARQ] Time out! retransmission (0)
[ARQ] Time out! retransmission (1)

 -------------------------------------------------
[ARQ] ACK is received (32)
 -------------------------------------------------
[ARQ] sending to 12 (seq:45)

 -------------------------------------------------
[ARQ] ACK is received (45)
 -------------------------------------------------
[ARQ] sending to 12 (seq:46)

 -------------------------------------------------
[ARQ] ACK is received (46)
 -------------------------------------------------
[ARQ] sending to 12 (seq:47)

 -------------------------------------------------
[ARQ] ACK is received (47)
 -------------------------------------------------
[ARQ] sending to 12 (seq:48)
[ARQ] Time out! retransmission (0)
[ARQ] Time out! retransmission (1)
[ARQ] Time out! retransmission (2)
[ARQ] Time out! retransmission (3)

 -------------------------------------------------
[ARQ] ACK is received (48)
 -------------------------------------------------
[ARQ] sending to 12 (seq:49)
[ARQ] Time out! retransmission (0)
[ARQ] Time out! retransmission (1)

 -------------------------------------------------
[ARQ] ACK is received (49)
 -------------------------------------------------
[ARQ] sending to 12 (seq:50)
[ARQ] Time out! retransmission (0)
[ARQ] Time out! retransmission (1)

 -------------------------------------------------
[ARQ] ACK is received (50)
 -------------------------------------------------
[ARQ] sending to 12 (seq:51)

 -------------------------------------------------
[ARQ] ACK is received (51)
 -------------------------------------------------
[ARQ] sending to 12 (seq:52)

 -------------------------------------------------
[ARQ] ACK is received (52)
 -------------------------------------------------
[ARQ] sending to 12 (seq:53)

 -------------------------------------------------
[ARQ] ACK is received (53)
 -------------------------------------------------
[ARQ] sending to 12 (seq:54)
[ARQ] Time out! retransmission (0)

 -------------------------------------------------
[ARQ] ACK is received (54)
 -------------------------------------------------
[ARQ] sending to 12 (seq:55)

 -------------------------------------------------
[ARQ] ACK is received (55)
 -------------------------------------------------
[ARQ] sending to 12 (seq:56)
[ARQ] Time out! retransmission (0)

 -------------------------------------------------
[ARQ] ACK is received (56)
 -------------------------------------------------
[ARQ] sending to 12 (seq:57)

 -------------------------------------------------
[ARQ] ACK is received (57)
 -------------------------------------------------
[ARQ] sending to 12 (seq:58)

 -------------------------------------------------
[ARQ] ACK is received (58)
 -------------------------------------------------
[ARQ] sending to 12 (seq:59)

 -------------------------------------------------
[ARQ] ACK is received (59)
 -------------------------------------------------
[ARQ] sending to 12 (seq:60)

 -------------------------------------------------
[ARQ] ACK is received (60)
 -------------------------------------------------
[ARQ] sending to 12 (seq:61)

 -------------------------------------------------
[ARQ] ACK is received (61)
 -------------------------------------------------
[ARQ] sending to 12 (seq:62)
[ARQ] Time out! retransmission (0)

 -------------------------------------------------
[ARQ] ACK is received (62)
 -------------------------------------------------
[ARQ] sending to 12 (seq:63)
[ARQ] Time out! retransmission (0)

 -------------------------------------------------
[ARQ] ACK is received (63)
 -------------------------------------------------
[ARQ] sending to 12 (seq:64)
[ARQ] Time out! retransmission (0)

 -------------------------------------------------
[ARQ] ACK is received (64)
 -------------------------------------------------
[ARQ] sending to 12 (seq:65)

 -------------------------------------------------
[ARQ] ACK is received (65)
 -------------------------------------------------
[ARQ] sending to 12 (seq:66)

 -------------------------------------------------
[ARQ] ACK is received (66)
 -------------------------------------------------
[ARQ] sending to 12 (seq:67)

 -------------------------------------------------
[ARQ] ACK is received (67)
 -------------------------------------------------
[ARQ] sending to 12 (seq:68)

 -------------------------------------------------
[ARQ] ACK is received (68)
 -------------------------------------------------
[ARQ] sending to 12 (seq:69)
[ARQ] Time out! retransmission (0)
[ARQ] Time out! retransmission (1)
[ARQ] Time out! retransmission (2)
[ARQ] Time out! retransmission (3)
[ARQ] Time out! retransmission (4)
[ARQ] Time out! retransmission (5)
[ARQ] max retransmission reached! give up sending
[ARQ] sending to 12 (seq:70)

 -------------------------------------------------
[ARQ] ACK is received (70)
 -------------------------------------------------
[ARQ] sending to 12 (seq:71)
[ARQ] Time out! retransmission (0)

 -------------------------------------------------
[ARQ] ACK is received (71)
 -------------------------------------------------
[ARQ] sending to 12 (seq:72)
[ARQ] Time out! retransmission (0)
[ARQ] Time out! retransmission (1)
[ARQ] Time out! retransmission (2)
[ARQ] Time out! retransmission (3)
[ARQ] Time out! retransmission (4)
[ARQ] Time out! retransmission (5)
[ARQ] max retransmission reached! give up sending
[ARQ] sending to 12 (seq:73)
[ARQ] Time out! retransmission (0)
[ARQ] Time out! retransmission (1)
[ARQ] Time out! retransmission (2)
[ARQ] Time out! retransmission (3)

 -------------------------------------------------
[ARQ] ACK is received (73)
 -------------------------------------------------
[ARQ] sending to 12 (seq:74)
[ARQ] Time out! retransmission (0)
[ARQ] Time out! retransmission (1)
[ARQ] Time out! retransmission (2)
[ARQ] Time out! retransmission (3)
[ARQ] Time out! retransmission (4)
[ARQ] Time out! retransmission (5)
[ARQ] max retransmission reached! give up sending
[ARQ] sending to 12 (seq:75)
[ARQ] Time out! retransmission (0)
[ARQ] Time out! retransmission (1)
[ARQ] Time out! retransmission (2)
[ARQ] Time out! retransmission (3)
[ARQ] Time out! retransmission (4)

 -------------------------------------------------
[ARQ] ACK is received (75)
 -------------------------------------------------
[ARQ] sending to 12 (seq:76)

 -------------------------------------------------
[ARQ] ACK is received (76)
 -------------------------------------------------
[ARQ] sending to 12 (seq:77)
[ARQ] Time out! retransmission (0)

 -------------------------------------------------
[ARQ] ACK is received (77)
 -------------------------------------------------
[ARQ] sending to 12 (seq:78)

 -------------------------------------------------
[ARQ] ACK is received (78)
 -------------------------------------------------
[ARQ] sending to 12 (seq:79)
[ARQ] Time out! retransmission (0)
[ARQ] Time out! retransmission (1)
[ARQ] Time out! retransmission (2)
[ARQ] Time out! retransmission (3)
[ARQ] Time out! retransmission (4)
[ARQ] Time out! retransmission (5)
[ARQ] max retransmission reached! give up sending
[ARQ] sending to 12 (seq:80)
[ARQ] Time out! retransmission (0)
[ARQ] Time out! retransmission (1)
[ARQ] Time out! retransmission (2)
[ARQ] Time out! retransmission (3)
[ARQ] Time out! retransmission (4)
[ARQ] Time out! retransmission (5)
[ARQ] max retransmission reached! give up sending
[ARQ] sending to 12 (seq:81)
[ARQ] Time out! retransmission (0)
[ARQ] Time out! retransmission (1)
[ARQ] Time out! retransmission (2)
[ARQ] Time out! retransmission (3)
[ARQ] Time out! retransmission (4)
[ARQ] Time out! retransmission (5)
[ARQ] max retransmission reached! give up sending
[ARQ] sending to 12 (seq:82)
[ARQ] Time out! retransmission (0)
[ARQ] Time out! retransmission (1)
[ARQ] Time out! retransmission (2)
[ARQ] Time out! retransmission (3)
[ARQ] Time out! retransmission (4)
[ARQ] Time out! retransmission (5)
[ARQ] max retransmission reached! give up sending
[ARQ] sending to 12 (seq:83)
[ARQ] Time out! retransmission (0)
[ARQ] Time out! retransmission (1)
[ARQ] Time out! retransmission (2)
[ARQ] Time out! retransmission (3)
[ARQ] Time out! retransmission (4)
[ARQ] Time out! retransmission (5)
[ARQ] max retransmission reached! give up sending
[ARQ] sending to 12 (seq:84)
[ARQ] Time out! retransmission (0)
[ARQ] Time out! retransmission (1)
[ARQ] Time out! retransmission (2)
[ARQ] Time out! retransmission (3)
[ARQ] Time out! retransmission (4)
[ARQ] Time out! retransmission (5)
[ARQ] max retransmission reached! give up sending
[ARQ] sending to 12 (seq:85)
[ARQ] Time out! retransmission (0)
[ARQ] Time out! retransmission (1)
[ARQ] Time out! retransmission (2)
[ARQ] Time out! retransmission (3)
[ARQ] Time out! retransmission (4)
[ARQ] Time out! retransmission (5)
[ARQ] max retransmission reached! give up sending
[ARQ] sending to 12 (seq:86)
[ARQ] Time out! retransmission (0)
[ARQ] Time out! retransmission (1)

 -------------------------------------------------
[ARQ] ACK is received (86)
 -------------------------------------------------
[ARQ] sending to 12 (seq:87)
[ARQ] Time out! retransmission (0)
[ARQ] Time out! retransmission (1)
[ARQ] Time out! retransmission (2)

 -------------------------------------------------
[ARQ] ACK is received (87)
 -------------------------------------------------
[ARQ] sending to 12 (seq:88)

 -------------------------------------------------
[ARQ] ACK is received (88)
 -------------------------------------------------
[ARQ] sending to 12 (seq:89)

 -------------------------------------------------
[ARQ] ACK is received (89)
 -------------------------------------------------
[ARQ] sending to 12 (seq:90)

 -------------------------------------------------
[ARQ] ACK is received (90)
 -------------------------------------------------
[ARQ] sending to 12 (seq:91)

 -------------------------------------------------
[ARQ] ACK is received (91)
 -------------------------------------------------
[ARQ] sending to 12 (seq:92)

 -------------------------------------------------
[ARQ] ACK is received (92)
 -------------------------------------------------
[ARQ] sending to 12 (seq:93)

 -------------------------------------------------
[ARQ] ACK is received (93)
 -------------------------------------------------
[ARQ] sending to 12 (seq:94)

 -------------------------------------------------
[ARQ] ACK is received (94)
 -------------------------------------------------
[ARQ] sending to 12 (seq:95)

 -------------------------------------------------
[ARQ] ACK is received (95)
 -------------------------------------------------
[ARQ] sending to 12 (seq:96)

 -------------------------------------------------
[ARQ] ACK is received (96)
 -------------------------------------------------
[ARQ] sending to 12 (seq:97)

 -------------------------------------------------
[ARQ] ACK is received (97)
 -------------------------------------------------
[ARQ] sending to 12 (seq:98)

 -------------------------------------------------
[ARQ] ACK is received (98)
 -------------------------------------------------
[ARQ] sending to 12 (seq:99)

 -------------------------------------------------
[ARQ] ACK is received (99)
 -------------------------------------------------
[ARQ] sending to 12 (seq:100)

 -------------------------------------------------
[ARQ] ACK is received (100)
 -------------------------------------------------
[ARQ] sending to 12 (seq:101)

 -------------------------------------------------
[ARQ] ACK is received (101)
 -------------------------------------------------
[ARQ] sending to 12 (seq:102)

 -------------------------------------------------
[ARQ] ACK is received (102)
 -------------------------------------------------
[ARQ] sending to 12 (seq:103)

 -------------------------------------------------
[ARQ] ACK is received (103)
 -------------------------------------------------
[ARQ] sending to 12 (seq:104)

 -------------------------------------------------
[ARQ] ACK is received (104)
 -------------------------------------------------
[ARQ] sending to 12 (seq:105)
[ARQ] Time out! retransmission (0)

 -------------------------------------------------
[ARQ] ACK is received (105)
 -------------------------------------------------
[ARQ] sending to 12 (seq:106)

 -------------------------------------------------
[ARQ] ACK is received (106)
 -------------------------------------------------
[ARQ] sending to 12 (seq:107)

 -------------------------------------------------
[ARQ] ACK is received (107)
 -------------------------------------------------
[ARQ] sending to 12 (seq:108)

 -------------------------------------------------
[ARQ] ACK is received (108)
 -------------------------------------------------
[ARQ] sending to 12 (seq:109)

 -------------------------------------------------
[ARQ] ACK is received (109)
 -------------------------------------------------
[ARQ] sending to 12 (seq:110)
[ARQ] Time out! retransmission (0)

 -------------------------------------------------
[ARQ] ACK is received (110)
 -------------------------------------------------
[ARQ] sending to 12 (seq:111)

 -------------------------------------------------
[ARQ] ACK is received (111)
 -------------------------------------------------
[ARQ] sending to 12 (seq:112)
[ARQ] Time out! retransmission (0)
[ARQ] Time out! retransmission (1)
[ARQ] Time out! retransmission (2)
[ARQ] Time out! retransmission (3)

 -------------------------------------------------
[ARQ] ACK is received (112)
 -------------------------------------------------
[ARQ] sending to 12 (seq:113)

 -------------------------------------------------
[ARQ] ACK is received (113)
 -------------------------------------------------
[ARQ] sending to 12 (seq:114)

 -------------------------------------------------
[ARQ] ACK is received (114)
 -------------------------------------------------
[ARQ] sending to 12 (seq:115)

 -------------------------------------------------
[ARQ] ACK is received (115)
 -------------------------------------------------
[ARQ] sending to 12 (seq:116)

 -------------------------------------------------
[ARQ] ACK is received (116)
 -------------------------------------------------
[ARQ] sending to 12 (seq:117)
[ARQ] Time out! retransmission (0)

 -------------------------------------------------
[ARQ] ACK is received (117)
 -------------------------------------------------
[ARQ] sending to 12 (seq:118)

 -------------------------------------------------
[ARQ] ACK is received (118)
 -------------------------------------------------
[ARQ] sending to 12 (seq:119)
[ARQ] Time out! retransmission (0)

 -------------------------------------------------
[ARQ] ACK is received (119)
 -------------------------------------------------
[ARQ] sending to 12 (seq:120)

 -------------------------------------------------
[ARQ] ACK is received (120)
 -------------------------------------------------
[ARQ] sending to 12 (seq:121)
[ARQ] Time out! retransmission (0)

 -------------------------------------------------
[ARQ] ACK is received (121)
 -------------------------------------------------
Execution time: 623109 milli secomds
Total Send Packet: 21
Total Rcvd ACK: 105
power: 14, DR: 10
------------------ ARQ protocol starts! --------------------------
endnode : 34, dest : 12
>>>>> HAL OnTxDone Function
>>>>> HAL OnTxTimeout
>>>>> HAL OnRxError
>>>>> HAL OnRxTimeout

   Initializing Radio Interrupt handlers 
[ARQ] sending to 12 (seq:0)
[ARQ] Time out! retransmission (0)

 -------------------------------------------------
[ARQ] ACK is received (0)
 -------------------------------------------------
[ARQ] sending to 12 (seq:1)

 -------------------------------------------------
[ARQ] ACK is received (1)
 -------------------------------------------------
[ARQ] sending to 12 (seq:2)
[ARQ] Time out! retransmission (0)
[ARQ] Time out! retransmission (1)
[ARQ] Time out! retransmission (2)
[ARQ] Time out! retransmission (3)

 -------------------------------------------------
[ARQ] ACK is received (2)
 -------------------------------------------------
[ARQ] sending to 12 (seq:3)

 -------------------------------------------------
[ARQ] ACK is received (3)
 -------------------------------------------------
[ARQ] sending to 12 (seq:4)
[ARQ] Time out! retransmission (0)

 -------------------------------------------------
[ARQ] ACK is received (4)
 -------------------------------------------------
[ARQ] sending to 12 (seq:5)
[ARQ] Time out! retransmission (0)
[ARQ] Time out! retransmission (1)
[ARQ] Time out! retransmission (2)
[ARQ] Time out! retransmission (3)
[ARQ] Time out! retransmission (4)
[ARQ] Time out! retransmission (5)
[ARQ] max retransmission reached! give up sending
[ARQ] sending to 12 (seq:6)
[ARQ] Time out! retransmission (0)
[ARQ] Time out! retransmission (1)

 -------------------------------------------------
[ARQ] ACK is received (6)
 -------------------------------------------------
[ARQ] sending to 12 (seq:7)

 -------------------------------------------------
[ARQ] ACK is received (7)
 -------------------------------------------------
[ARQ] sending to 12 (seq:8)

 -------------------------------------------------
[ARQ] ACK is received (8)
 -------------------------------------------------
[ARQ] sending to 12 (seq:9)
[ARQ] Time out! retransmission (0)

 -------------------------------------------------
[ARQ] ACK is received (9)
 -------------------------------------------------
[ARQ] sending to 12 (seq:10)

 -------------------------------------------------
[ARQ] ACK is received (10)
 -------------------------------------------------
[ARQ] sending to 12 (seq:11)
[ARQ] Time out! retransmission (0)

 -------------------------------------------------
[ARQ] ACK is received (11)
 -------------------------------------------------
[ARQ] sending to 12 (seq:12)
[ARQ] Time out! retransmission (0)

 -------------------------------------------------
[ARQ] ACK is received (12)
 -------------------------------------------------
[ARQ] sending to 12 (seq:13)
[ARQ] Time out! retransmission (0)
[ARQ] Time out! retransmission (1)

 -------------------------------------------------
[ARQ] ACK is received (13)
 -------------------------------------------------
[ARQ] sending to 12 (seq:14)

 -------------------------------------------------
[ARQ] ACK is received (14)
 -------------------------------------------------
[ARQ] sending to 12 (seq:15)

 -------------------------------------------------
[ARQ] ACK is received (15)
 -------------------------------------------------
[ARQ] sending to 12 (seq:16)

 -------------------------------------------------
[ARQ] ACK is received (16)
 -------------------------------------------------
[ARQ] sending to 12 (seq:17)

 -------------------------------------------------
[ARQ] ACK is received (17)
 -------------------------------------------------
[ARQ] sending to 12 (seq:18)

 -------------------------------------------------
[ARQ] ACK is received (18)
 -------------------------------------------------
[ARQ] sending to 12 (seq:19)

 -------------------------------------------------
[ARQ] ACK is received (19)
 -------------------------------------------------
[ARQ] sending to 12 (seq:20)

 -------------------------------------------------
[ARQ] ACK is received (20)
 -------------------------------------------------
[ARQ] sending to 12 (seq:21)

 -------------------------------------------------
[ARQ] ACK is received (21)
 -------------------------------------------------
[ARQ] sending to 12 (seq:22)

 -------------------------------------------------
[ARQ] ACK is received (22)
 -------------------------------------------------
[ARQ] sending to 12 (seq:23)

 -------------------------------------------------
[ARQ] ACK is received (23)
 -------------------------------------------------
[ARQ] sending to 12 (seq:24)

 -------------------------------------------------
[ARQ] ACK is received (24)
 -------------------------------------------------
[ARQ] sending to 12 (seq:25)

 -------------------------------------------------
[ARQ] ACK is received (25)
 -------------------------------------------------
[ARQ] sending to 12 (seq:26)

 -------------------------------------------------
[ARQ] ACK is received (26)
 -------------------------------------------------
[ARQ] sending to 12 (seq:27)

 -------------------------------------------------
[ARQ] ACK is received (27)
 -------------------------------------------------
[ARQ] sending to 12 (seq:28)

 -------------------------------------------------
[ARQ] ACK is received (28)
 -------------------------------------------------
[ARQ] sending to 12 (seq:29)

 -------------------------------------------------
[ARQ] ACK is received (29)
 -------------------------------------------------
[ARQ] sending to 12 (seq:30)

 -------------------------------------------------
[ARQ] ACK is received (30)
 -------------------------------------------------
[ARQ] sending to 12 (seq:31)

 -------------------------------------------------
[ARQ] ACK is received (31)
 -------------------------------------------------
[ARQ] sending to 12 (seq:32)

 -------------------------------------------------
[ARQ] ACK is received (32)
 -------------------------------------------------
[ARQ] sending to 12 (seq:33)

 -------------------------------------------------
[ARQ] ACK is received (33)
 -------------------------------------------------
[ARQ] sending to 12 (seq:34)

 -------------------------------------------------
[ARQ] ACK is received (34)
 -------------------------------------------------
[ARQ] sending to 12 (seq:35)

 -------------------------------------------------
[ARQ] ACK is received (35)
 -------------------------------------------------
[ARQ] sending to 12 (seq:36)
[ARQ] Time out! retransmission (0)

 -------------------------------------------------
[ARQ] ACK is received (36)
 -------------------------------------------------
[ARQ] sending to 12 (seq:37)

 -------------------------------------------------
[ARQ] ACK is received (37)
 -------------------------------------------------
[ARQ] sending to 12 (seq:38)

 -------------------------------------------------
[ARQ] ACK is received (38)
 -------------------------------------------------
[ARQ] sending to 12 (seq:39)

 -------------------------------------------------
[ARQ] ACK is received (39)
 -------------------------------------------------
[ARQ] sending to 12 (seq:40)

 -------------------------------------------------
[ARQ] ACK is received (40)
 -------------------------------------------------
[ARQ] sending to 12 (seq:41)

 -------------------------------------------------
[ARQ] ACK is received (41)
 -------------------------------------------------
[ARQ] sending to 12 (seq:42)

 -------------------------------------------------
[ARQ] ACK is received (42)
 -------------------------------------------------
[ARQ] sending to 12 (seq:43)

 -------------------------------------------------
[ARQ] ACK is received (43)
 -------------------------------------------------
[ARQ] sending to 12 (seq:44)

 -------------------------------------------------
[ARQ] ACK is received (44)
 -------------------------------------------------
[ARQ] sending to 12 (seq:45)

 -------------------------------------------------
[ARQ] ACK is received (45)
 -------------------------------------------------
[ARQ] sending to 12 (seq:46)

 -------------------------------------------------
[ARQ] ACK is received (46)
 -------------------------------------------------
[ARQ] sending to 12 (seq:47)

 -------------------------------------------------
[ARQ] ACK is received (47)
 -------------------------------------------------
[ARQ] sending to 12 (seq:48)

 -------------------------------------------------
[ARQ] ACK is received (48)
 -------------------------------------------------
[ARQ] sending to 12 (seq:49)
[ARQ] Time out! retransmission (0)

 -------------------------------------------------
[ARQ] ACK is received (49)
 -------------------------------------------------
[ARQ] sending to 12 (seq:50)

 -------------------------------------------------
[ARQ] ACK is received (50)
 -------------------------------------------------
[ARQ] sending to 12 (seq:51)

 -------------------------------------------------
[ARQ] ACK is received (51)
 -------------------------------------------------
[ARQ] sending to 12 (seq:52)

 -------------------------------------------------
[ARQ] ACK is received (52)
 -------------------------------------------------
[ARQ] sending to 12 (seq:53)

 -------------------------------------------------
[ARQ] ACK is received (53)
 -------------------------------------------------
[ARQ] sending to 12 (seq:54)

 -------------------------------------------------
[ARQ] ACK is received (54)
 -------------------------------------------------
[ARQ] sending to 12 (seq:55)

 -------------------------------------------------
[ARQ] ACK is received (55)
 -------------------------------------------------
[ARQ] sending to 12 (seq:56)

 -------------------------------------------------
[ARQ] ACK is received (56)
 -------------------------------------------------
[ARQ] sending to 12 (seq:57)

 -------------------------------------------------
[ARQ] ACK is received (57)
 -------------------------------------------------
[ARQ] sending to 12 (seq:58)

 -------------------------------------------------
[ARQ] ACK is received (58)
 -------------------------------------------------
[ARQ] sending to 12 (seq:59)
[ARQ] Time out! retransmission (0)

 -------------------------------------------------
[ARQ] ACK is received (59)
 -------------------------------------------------
[ARQ] sending to 12 (seq:60)

 -------------------------------------------------
[ARQ] ACK is received (60)
 -------------------------------------------------
[ARQ] sending to 12 (seq:61)
[ARQ] Time out! retransmission (0)

 -------------------------------------------------
[ARQ] ACK is received (61)
 -------------------------------------------------
[ARQ] sending to 12 (seq:62)

 -------------------------------------------------
[ARQ] ACK is received (62)
 -------------------------------------------------
[ARQ] sending to 12 (seq:63)

 -------------------------------------------------
[ARQ] ACK is received (63)
 -------------------------------------------------
[ARQ] sending to 12 (seq:64)
[ARQ] Time out! retransmission (0)

 -------------------------------------------------
[ARQ] ACK is received (64)
 -------------------------------------------------
[ARQ] sending to 12 (seq:65)

 -------------------------------------------------
[ARQ] ACK is received (65)
 -------------------------------------------------
[ARQ] sending to 12 (seq:66)
[ARQ] Time out! retransmission (0)

 -------------------------------------------------
[ARQ] ACK is received (66)
 -------------------------------------------------
[ARQ] sending to 12 (seq:67)
[ARQ] Time out! retransmission (0)

 -------------------------------------------------
[ARQ] ACK is received (67)
 -------------------------------------------------
[ARQ] sending to 12 (seq:68)
[ARQ] Time out! retransmission (0)
[ARQ] Time out! retransmission (1)

 -------------------------------------------------
[ARQ] ACK is received (68)
 -------------------------------------------------
[ARQ] sending to 12 (seq:69)

 -------------------------------------------------
[ARQ] ACK is received (69)
 -------------------------------------------------
[ARQ] sending to 12 (seq:70)

 -------------------------------------------------
[ARQ] ACK is received (70)
 -------------------------------------------------
[ARQ] sending to 12 (seq:71)
[ARQ] Time out! retransmission (0)

 -------------------------------------------------
[ARQ] ACK is received (71)
 -------------------------------------------------
[ARQ] sending to 12 (seq:72)

 -------------------------------------------------
[ARQ] ACK is received (72)
 -------------------------------------------------
[ARQ] sending to 12 (seq:73)

 -------------------------------------------------
[ARQ] ACK is received (73)
 -------------------------------------------------
[ARQ] sending to 12 (seq:74)
[ARQ] Time out! retransmission (0)
[ARQ] Time out! retransmission (1)

 -------------------------------------------------
[ARQ] ACK is received (74)
 -------------------------------------------------
[ARQ] sending to 12 (seq:75)

 -------------------------------------------------
[ARQ] ACK is received (75)
 -------------------------------------------------
[ARQ] sending to 12 (seq:76)

 -------------------------------------------------
[ARQ] ACK is received (76)
 -------------------------------------------------
[ARQ] sending to 12 (seq:77)

 -------------------------------------------------
[ARQ] ACK is received (77)
 -------------------------------------------------
[ARQ] sending to 12 (seq:78)
[ARQ] Time out! retransmission (0)

 -------------------------------------------------
[ARQ] ACK is received (78)
 -------------------------------------------------
[ARQ] sending to 12 (seq:79)

 -------------------------------------------------
[ARQ] ACK is received (79)
 -------------------------------------------------
[ARQ] sending to 12 (seq:80)

 -------------------------------------------------
[ARQ] ACK is received (80)
 -------------------------------------------------
[ARQ] sending to 12 (seq:81)

 -------------------------------------------------
[ARQ] ACK is received (81)
 -------------------------------------------------
[ARQ] sending to 12 (seq:82)

 -------------------------------------------------
[ARQ] ACK is received (82)
 -------------------------------------------------
[ARQ] sending to 12 (seq:83)

 -------------------------------------------------
[ARQ] ACK is received (83)
 -------------------------------------------------
[ARQ] sending to 12 (seq:84)

 -------------------------------------------------
[ARQ] ACK is received (84)
 -------------------------------------------------
[ARQ] sending to 12 (seq:85)

 -------------------------------------------------
[ARQ] ACK is received (85)
 -------------------------------------------------
[ARQ] sending to 12 (seq:86)

 -------------------------------------------------
[ARQ] ACK is received (86)
 -------------------------------------------------
[ARQ] sending to 12 (seq:87)

 -------------------------------------------------
[ARQ] ACK is received (87)
 -------------------------------------------------
[ARQ] sending to 12 (seq:88)

 -------------------------------------------------
[ARQ] ACK is received (88)
 -------------------------------------------------
[ARQ] sending to 12 (seq:89)

 -------------------------------------------------
[ARQ] ACK is received (89)
 -------------------------------------------------
[ARQ] sending to 12 (seq:90)

 -------------------------------------------------
[ARQ] ACK is received (90)
 -------------------------------------------------
[ARQ] sending to 12 (seq:91)

 -------------------------------------------------
[ARQ] ACK is received (91)
 -------------------------------------------------
[ARQ] sending to 12 (seq:92)

 -------------------------------------------------
[ARQ] ACK is received (92)
 -------------------------------------------------
[ARQ] sending to 12 (seq:93)

 -------------------------------------------------
[ARQ] ACK is received (93)
 -------------------------------------------------
[ARQ] sending to 12 (seq:94)

 -------------------------------------------------
[ARQ] ACK is received (94)
 -------------------------------------------------
[ARQ] sending to 12 (seq:95)

 -------------------------------------------------
[ARQ] ACK is received (95)
 -------------------------------------------------
[ARQ] sending to 12 (seq:96)
[ARQ] Time out! retransmission (0)

 -------------------------------------------------
[ARQ] ACK is received (96)
 -------------------------------------------------
[ARQ] sending to 12 (seq:97)

 -------------------------------------------------
[ARQ] ACK is received (97)
 -------------------------------------------------
[ARQ] sending to 12 (seq:98)

 -------------------------------------------------
[ARQ] ACK is received (98)
 -------------------------------------------------
[ARQ] sending to 12 (seq:99)

 -------------------------------------------------
[ARQ] ACK is received (99)
 -------------------------------------------------
[ARQ] sending to 12 (seq:100)

 -------------------------------------------------
[ARQ] ACK is received (100)
 -------------------------------------------------
[ARQ] sending to 12 (seq:101)

 -------------------------------------------------
[ARQ] ACK is received (101)
 -------------------------------------------------
[ARQ] sending to 12 (seq:102)

 -------------------------------------------------
[ARQ] ACK is received (102)
 -------------------------------------------------
[ARQ] sending to 12 (seq:103)
[ARQ] Time out! retransmission (0)
[ARQ] Time out! retransmission (1)

 -------------------------------------------------
[ARQ] ACK is received (103)
 -------------------------------------------------
[ARQ] sending to 12 (seq:104)

 -------------------------------------------------
[ARQ] ACK is received (104)
 -------------------------------------------------
[ARQ] sending to 12 (seq:105)

 -------------------------------------------------
[ARQ] ACK is received (105)
 -------------------------------------------------
Execution time: 195676 milli secomds
Total Send Packet: 140
Total Rcvd ACK: 105
power: 14, DR: 10
------------------ ARQ protocol starts! --------------------------
endnode : 34, dest : 12
>>>>> HAL OnTxDone Function
>>>>> HAL OnTxTimeout
>>>>> HAL OnRxError
>>>>> HAL OnRxTimeout

   Initializing Radio Interrupt handlers 
[ARQ] sending to 12 (seq:0)
[ARQ] Time out! retransmission (0)

 -------------------------------------------------
[ARQ] ACK is received (0)
 -------------------------------------------------
[ARQ] sending to 12 (seq:1)

 -------------------------------------------------
[ARQ] ACK is received (1)
 -------------------------------------------------
[ARQ] sending to 12 (seq:2)

 -------------------------------------------------
[ARQ] ACK is received (2)
 -------------------------------------------------
[ARQ] sending to 12 (seq:3)

 -------------------------------------------------
[ARQ] ACK is received (3)
 -------------------------------------------------
[ARQ] sending to 12 (seq:4)

 -------------------------------------------------
[ARQ] ACK is received (4)
 -------------------------------------------------
[ARQ] sending to 12 (seq:5)

 -------------------------------------------------
[ARQ] ACK is received (5)
 -------------------------------------------------
[ARQ] sending to 12 (seq:6)

 -------------------------------------------------
[ARQ] ACK is received (6)
 -------------------------------------------------
[ARQ] sending to 12 (seq:7)

 -------------------------------------------------
[ARQ] ACK is received (7)
 -------------------------------------------------
[ARQ] sending to 12 (seq:8)

 -------------------------------------------------
[ARQ] ACK is received (8)
 -------------------------------------------------
[ARQ] sending to 12 (seq:9)

 -------------------------------------------------
[ARQ] ACK is received (9)
 -------------------------------------------------
[ARQ] sending to 12 (seq:10)

 -------------------------------------------------
[ARQ] ACK is received (10)
 -------------------------------------------------
[ARQ] sending to 12 (seq:11)
[ARQ] Time out! retransmission (0)
[ARQ] Time out! retransmission (1)
[ARQ] Time out! retransmission (2)
[ARQ] Time out! retransmission (3)

 -------------------------------------------------
[ARQ] ACK is received (11)
 -------------------------------------------------
[ARQ] sending to 12 (seq:12)

 -------------------------------------------------
[ARQ] ACK is received (12)
 -------------------------------------------------
[ARQ] sending to 12 (seq:13)

 -------------------------------------------------
[ARQ] ACK is received (13)
 -------------------------------------------------
[ARQ] sending to 12 (seq:14)
[ARQ] Time out! retransmission (0)
[ARQ] Time out! retransmission (1)

 -------------------------------------------------
[ARQ] ACK is received (14)
 -------------------------------------------------
[ARQ] sending to 12 (seq:15)
[ARQ] Time out! retransmission (0)
[ARQ] Time out! retransmission (1)
[ARQ] Time out! retransmission (2)
[ARQ] Time out! retransmission (3)
[ARQ] Time out! retransmission (4)
[ARQ] Time out! retransmission (5)
[ARQ] max retransmission reached! give up sending
[ARQ] sending to 12 (seq:16)
[ARQ] Time out! retransmission (0)
[ARQ] Time out! retransmission (1)
[ARQ] Time out! retransmission (2)
[ARQ] Time out! retransmission (3)
[ARQ] Time out! retransmission (4)
[ARQ] Time out! retransmission (5)
[ARQ] max retransmission reached! give up sending
[ARQ] sending to 12 (seq:17)
[ARQ] Time out! retransmission (0)

 -------------------------------------------------
[ARQ] ACK is received (17)
 -------------------------------------------------
[ARQ] sending to 12 (seq:18)
[ARQ] Time out! retransmission (0)
[ARQ] Time out! retransmission (1)
[ARQ] Time out! retransmission (2)
[ARQ] Time out! retransmission (3)

 -------------------------------------------------
[ARQ] ACK is received (18)
 -------------------------------------------------
[ARQ] sending to 12 (seq:19)
[ARQ] Time out! retransmission (0)

 -------------------------------------------------
[ARQ] ACK is received (19)
 -------------------------------------------------
[ARQ] sending to 12 (seq:20)

 -------------------------------------------------
[ARQ] ACK is received (20)
 -------------------------------------------------
[ARQ] sending to 12 (seq:21)

 -------------------------------------------------
[ARQ] ACK is received (21)
 -------------------------------------------------
[ARQ] sending to 12 (seq:22)
[ARQ] Time out! retransmission (0)
[ARQ] Time out! retransmission (1)

 -------------------------------------------------
[ARQ] ACK is received (22)
 -------------------------------------------------
[ARQ] sending to 12 (seq:23)
[ARQ] Time out! retransmission (0)
[ARQ] Time out! retransmission (1)
[ARQ] Time out! retransmission (2)
[ARQ] Time out! retransmission (3)
[ARQ] Time out! retransmission (4)

 -------------------------------------------------
[ARQ] ACK is received (23)
 -------------------------------------------------
[ARQ] sending to 12 (seq:24)

 -------------------------------------------------
[ARQ] ACK is received (24)
 -------------------------------------------------
[ARQ] sending to 12 (seq:25)

 -------------------------------------------------
[ARQ] ACK is received (25)
 -------------------------------------------------
[ARQ] sending to 12 (seq:26)

 -------------------------------------------------
[ARQ] ACK is received (26)
 -------------------------------------------------
[ARQ] sending to 12 (seq:27)

 -------------------------------------------------
[ARQ] ACK is received (27)
 -------------------------------------------------
[ARQ] sending to 12 (seq:28)

 -------------------------------------------------
[ARQ] ACK is received (28)
 -------------------------------------------------
[ARQ] sending to 12 (seq:29)

 -------------------------------------------------
[ARQ] ACK is received (29)
 -------------------------------------------------
[ARQ] sending to 12 (seq:30)

 -------------------------------------------------
[ARQ] ACK is received (30)
 -------------------------------------------------
[ARQ] sending to 12 (seq:31)

 -------------------------------------------------
[ARQ] ACK is received (31)
 -------------------------------------------------
[ARQ] sending to 12 (seq:32)

 -------------------------------------------------
[ARQ] ACK is received (32)
 -------------------------------------------------
[ARQ] sending to 12 (seq:33)

 -------------------------------------------------
[ARQ] ACK is received (33)
 -------------------------------------------------
[ARQ] sending to 12 (seq:34)

 -------------------------------------------------
[ARQ] ACK is received (34)
 -------------------------------------------------
[ARQ] sending to 12 (seq:35)

 -------------------------------------------------
[ARQ] ACK is received (35)
 -------------------------------------------------
[ARQ] sending to 12 (seq:36)

 -------------------------------------------------
[ARQ] ACK is received (36)
 -------------------------------------------------
[ARQ] sending to 12 (seq:37)

 -------------------------------------------------
[ARQ] ACK is received (37)
 -------------------------------------------------
[ARQ] sending to 12 (seq:38)
[ARQ] Time out! retransmission (0)
[ARQ] Time out! retransmission (1)
[ARQ] Time out! retransmission (2)
[ARQ] Time out! retransmission (3)
[ARQ] Time out! retransmission (4)
[ARQ] Time out! retransmission (5)
[ARQ] max retransmission reached! give up sending
[ARQ] sending to 12 (seq:39)
[ARQ] Time out! retransmission (0)
[ARQ] Time out! retransmission (1)

 -------------------------------------------------
[ARQ] ACK is received (39)
 -------------------------------------------------
[ARQ] sending to 12 (seq:40)
[ARQ] Time out! retransmission (0)
[ARQ] Time out! retransmission (1)
[ARQ] Time out! retransmission (2)
[ARQ] Time out! retransmission (3)
[ARQ] Time out! retransmission (4)

 -------------------------------------------------
[ARQ] ACK is received (40)
 -------------------------------------------------
[ARQ] sending to 12 (seq:41)

 -------------------------------------------------
[ARQ] ACK is received (41)
 -------------------------------------------------
[ARQ] sending to 12 (seq:42)
[ARQ] Time out! retransmission (0)

 -------------------------------------------------
[ARQ] ACK is received (42)
 -------------------------------------------------
[ARQ] sending to 12 (seq:43)
[ARQ] Time out! retransmission (0)
[ARQ] Time out! retransmission (1)

 -------------------------------------------------
[ARQ] ACK is received (43)
 -------------------------------------------------
[ARQ] sending to 12 (seq:44)
[ARQ] Time out! retransmission (0)
[ARQ] Time out! retransmission (1)
[ARQ] Time out! retransmission (2)
[ARQ] Time out! retransmission (3)
[ARQ] Time out! retransmission (4)
[ARQ] Time out! retransmission (5)
[ARQ] max retransmission reached! give up sending
[ARQ] sending to 12 (seq:45)
[ARQ] Time out! retransmission (0)

 -------------------------------------------------
[ARQ] ACK is received (45)
 -------------------------------------------------
[ARQ] sending to 12 (seq:46)

 -------------------------------------------------
[ARQ] ACK is received (46)
 -------------------------------------------------
[ARQ] sending to 12 (seq:47)
[ARQ] Time out! retransmission (0)

 -------------------------------------------------
[ARQ] ACK is received (47)
 -------------------------------------------------
[ARQ] sending to 12 (seq:48)
[ARQ] Time out! retransmission (0)
[ARQ] Time out! retransmission (1)

 -------------------------------------------------
[ARQ] ACK is received (48)
 -------------------------------------------------
[ARQ] sending to 12 (seq:49)
[ARQ] Time out! retransmission (0)

 -------------------------------------------------
[ARQ] ACK is received (49)
 -------------------------------------------------
[ARQ] sending to 12 (seq:50)

 -------------------------------------------------
[ARQ] ACK is received (50)
 -------------------------------------------------
[ARQ] sending to 12 (seq:51)

 -------------------------------------------------
[ARQ] ACK is received (51)
 -------------------------------------------------
[ARQ] sending to 12 (seq:52)

 -------------------------------------------------
[ARQ] ACK is received (52)
 -------------------------------------------------
[ARQ] sending to 12 (seq:53)

 -------------------------------------------------
[ARQ] ACK is received (53)
 -------------------------------------------------
[ARQ] sending to 12 (seq:54)

 -------------------------------------------------
[ARQ] ACK is received (54)
 -------------------------------------------------
[ARQ] sending to 12 (seq:55)

 -------------------------------------------------
[ARQ] ACK is received (55)
 -------------------------------------------------
[ARQ] sending to 12 (seq:56)
[ARQ] Time out! retransmission (0)
[ARQ] Time out! retransmission (1)
[ARQ] Time out! retransmission (2)

 -------------------------------------------------
[ARQ] ACK is received (56)
 -------------------------------------------------
[ARQ] sending to 12 (seq:57)

 -------------------------------------------------
[ARQ] ACK is received (57)
 -------------------------------------------------
[ARQ] sending to 12 (seq:58)

 -------------------------------------------------
[ARQ] ACK is received (58)
 -------------------------------------------------
[ARQ] sending to 12 (seq:59)

 -------------------------------------------------
[ARQ] ACK is received (59)
 -------------------------------------------------
[ARQ] sending to 12 (seq:60)
[ARQ] Time out! retransmission (0)

 -------------------------------------------------
[ARQ] ACK is received (60)
 -------------------------------------------------
[ARQ] sending to 12 (seq:61)
[ARQ] Time out! retransmission (0)
[ARQ] Time out! retransmission (1)

 -------------------------------------------------
[ARQ] ACK is received (61)
 -------------------------------------------------
[ARQ] sending to 12 (seq:62)
[ARQ] Time out! retransmission (0)

 -------------------------------------------------
[ARQ] ACK is received (62)
 -------------------------------------------------
[ARQ] sending to 12 (seq:63)
[ARQ] Time out! retransmission (0)

 -------------------------------------------------
[ARQ] ACK is received (63)
 -------------------------------------------------
[ARQ] sending to 12 (seq:64)

 -------------------------------------------------
[ARQ] ACK is received (64)
 -------------------------------------------------
[ARQ] sending to 12 (seq:65)
[ARQ] Time out! retransmission (0)
[ARQ] Time out! retransmission (1)
[ARQ] Time out! retransmission (2)
[ARQ] Time out! retransmission (3)
[ARQ] Time out! retransmission (4)
[ARQ] Time out! retransmission (5)
[ARQ] max retransmission reached! give up sending
[ARQ] sending to 12 (seq:66)

 -------------------------------------------------
[ARQ] ACK is received (66)
 -------------------------------------------------
[ARQ] sending to 12 (seq:67)

 -------------------------------------------------
[ARQ] ACK is received (67)
 -------------------------------------------------
[ARQ] sending to 12 (seq:68)

 -------------------------------------------------
[ARQ] ACK is received (68)
 -------------------------------------------------
[ARQ] sending to 12 (seq:69)

 -------------------------------------------------
[ARQ] ACK is received (69)
 -------------------------------------------------
[ARQ] sending to 12 (seq:70)
[ARQ] Time out! retransmission (0)

 -------------------------------------------------
[ARQ] ACK is received (70)
 -------------------------------------------------
[ARQ] sending to 12 (seq:71)
[ARQ] Time out! retransmission (0)
[ARQ] Time out! retransmission (1)

 -------------------------------------------------
[ARQ] ACK is received (71)
 -------------------------------------------------
[ARQ] sending to 12 (seq:72)

 -------------------------------------------------
[ARQ] ACK is received (72)
 -------------------------------------------------
[ARQ] sending to 12 (seq:73)
[ARQ] Time out! retransmission (0)

 -------------------------------------------------
[ARQ] ACK is received (73)
 -------------------------------------------------
[ARQ] sending to 12 (seq:74)
[ARQ] Time out! retransmission (0)

 -------------------------------------------------
[ARQ] ACK is received (74)
 -------------------------------------------------
[ARQ] sending to 12 (seq:75)

 -------------------------------------------------
[ARQ] ACK is received (75)
 -------------------------------------------------
[ARQ] sending to 12 (seq:76)

 -------------------------------------------------
[ARQ] ACK is received (76)
 -------------------------------------------------
[ARQ] sending to 12 (seq:77)

 -------------------------------------------------
[ARQ] ACK is received (77)
 -------------------------------------------------
[ARQ] sending to 12 (seq:78)

 -------------------------------------------------
[ARQ] ACK is received (78)
 -------------------------------------------------
[ARQ] sending to 12 (seq:79)

 -------------------------------------------------
[ARQ] ACK is received (79)
 -------------------------------------------------
[ARQ] sending to 12 (seq:80)

 -------------------------------------------------
[ARQ] ACK is received (80)
 -------------------------------------------------
[ARQ] sending to 12 (seq:81)
[ARQ] Time out! retransmission (0)
[ARQ] Time out! retransmission (1)

 -------------------------------------------------
[ARQ] ACK is received (81)
 -------------------------------------------------
[ARQ] sending to 12 (seq:82)
[ARQ] Time out! retransmission (0)
[ARQ] Time out! retransmission (1)

 -------------------------------------------------
[ARQ] ACK is received (82)
 -------------------------------------------------
[ARQ] sending to 12 (seq:83)

 -------------------------------------------------
[ARQ] ACK is received (83)
 -------------------------------------------------
[ARQ] sending to 12 (seq:84)

 -------------------------------------------------
[ARQ] ACK is received (84)
 -------------------------------------------------
[ARQ] sending to 12 (seq:85)
[ARQ] Time out! retransmission (0)

 -------------------------------------------------
[ARQ] ACK is received (85)
 -------------------------------------------------
[ARQ] sending to 12 (seq:86)
[ARQ] Time out! retransmission (0)

 -------------------------------------------------
[ARQ] ACK is received (86)
 -------------------------------------------------
[ARQ] sending to 12 (seq:87)

 -------------------------------------------------
[ARQ] ACK is received (87)
 -------------------------------------------------
[ARQ] sending to 12 (seq:88)

 -------------------------------------------------
[ARQ] ACK is received (88)
 -------------------------------------------------
[ARQ] sending to 12 (seq:89)

 -------------------------------------------------
[ARQ] ACK is received (89)
 -------------------------------------------------
[ARQ] sending to 12 (seq:90)

 -------------------------------------------------
[ARQ] ACK is received (90)
 -------------------------------------------------
[ARQ] sending to 12 (seq:91)

 -------------------------------------------------
[ARQ] ACK is received (91)
 -------------------------------------------------
[ARQ] sending to 12 (seq:92)

 -------------------------------------------------
[ARQ] ACK is received (92)
 -------------------------------------------------
[ARQ] sending to 12 (seq:93)

 -------------------------------------------------
[ARQ] ACK is received (93)
 -------------------------------------------------
[ARQ] sending to 12 (seq:94)
[ARQ] Time out! retransmission (0)

 -------------------------------------------------
[ARQ] ACK is received (94)
 -------------------------------------------------
[ARQ] sending to 12 (seq:95)
[ARQ] Time out! retransmission (0)

 -------------------------------------------------
[ARQ] ACK is received (95)
 -------------------------------------------------
[ARQ] sending to 12 (seq:96)

 -------------------------------------------------
[ARQ] ACK is received (96)
 -------------------------------------------------
[ARQ] sending to 12 (seq:97)
[ARQ] Time out! retransmission (0)
[ARQ] Time out! retransmission (1)
[ARQ] Time out! retransmission (2)
[ARQ] Time out! retransmission (3)
[ARQ] Time out! retransmission (4)
[ARQ] Time out! retransmission (5)
[ARQ] max retransmission reached! give up sending
[ARQ] sending to 12 (seq:98)
[ARQ] Time out! retransmission (0)
[ARQ] Time out! retransmission (1)
[ARQ] Time out! retransmission (2)
[ARQ] Time out! retransmission (3)
[ARQ] Time out! retransmission (4)
[ARQ] Time out! retransmission (5)
[ARQ] max retransmission reached! give up sending
[ARQ] sending to 12 (seq:99)
[ARQ] Time out! retransmission (0)
[ARQ] Time out! retransmission (1)
[ARQ] Time out! retransmission (2)
[ARQ] Time out! retransmission (3)
[ARQ] Time out! retransmission (4)
[ARQ] Time out! retransmission (5)
[ARQ] max retransmission reached! give up sending
[ARQ] sending to 12 (seq:100)
[ARQ] Time out! retransmission (0)
[ARQ] Time out! retransmission (1)
[ARQ] Time out! retransmission (2)
[ARQ] Time out! retransmission (3)
[ARQ] Time out! retransmission (4)
[ARQ] Time out! retransmission (5)
[ARQ] max retransmission reached! give up sending
[ARQ] sending to 12 (seq:101)
[ARQ] Time out! retransmission (0)
[ARQ] Time out! retransmission (1)
[ARQ] Time out! retransmission (2)

 -------------------------------------------------
[ARQ] ACK is received (101)
 -------------------------------------------------
[ARQ] sending to 12 (seq:102)
[ARQ] Time out! retransmission (0)
[ARQ] Time out! retransmission (1)
[ARQ] Time out! retransmission (2)
[ARQ] Time out! retransmission (3)

 -------------------------------------------------
[ARQ] ACK is received (102)
 -------------------------------------------------
[ARQ] sending to 12 (seq:103)
[ARQ] Time out! retransmission (0)

 -------------------------------------------------
[ARQ] ACK is received (103)
 -------------------------------------------------
[ARQ] sending to 12 (seq:104)
[ARQ] Time out! retransmission (0)
[ARQ] Time out! retransmission (1)

 -------------------------------------------------
[ARQ] ACK is received (104)
 -------------------------------------------------
[ARQ] sending to 12 (seq:105)
[ARQ] Time out! retransmission (0)

 -------------------------------------------------
[ARQ] ACK is received (105)
 -------------------------------------------------
[ARQ] sending to 12 (seq:106)

 -------------------------------------------------
[ARQ] ACK is received (106)
 -------------------------------------------------
[ARQ] sending to 12 (seq:107)
[ARQ] Time out! retransmission (0)
[ARQ] Time out! retransmission (1)
[ARQ] Time out! retransmission (2)

 -------------------------------------------------
[ARQ] ACK is received (107)
 -------------------------------------------------
[ARQ] sending to 12 (seq:108)
[ARQ] Time out! retransmission (0)
[ARQ] Time out! retransmission (1)
[ARQ] Time out! retransmission (2)
[ARQ] Time out! retransmission (3)

 -------------------------------------------------
[ARQ] ACK is received (108)
 -------------------------------------------------
[ARQ] sending to 12 (seq:109)

 -------------------------------------------------
[ARQ] ACK is received (109)
 -------------------------------------------------
[ARQ] sending to 12 (seq:110)

 -------------------------------------------------
[ARQ] ACK is received (110)
 -------------------------------------------------
[ARQ] sending to 12 (seq:111)
[ARQ] Time out! retransmission (0)
[ARQ] Time out! retransmission (1)
[ARQ] Time out! retransmission (2)
[ARQ] Time out! retransmission (3)
[ARQ] Time out! retransmission (4)

 -------------------------------------------------
[ARQ] ACK is received (111)
 -------------------------------------------------
[ARQ] sending to 12 (seq:112)

 -------------------------------------------------
[ARQ] ACK is received (112)
 -------------------------------------------------
[ARQ] sending to 12 (seq:113)

 -------------------------------------------------
[ARQ] ACK is received (113)
 -------------------------------------------------
Execution time: 545072 milli secomds
Total Send Packet: 238
Total Rcvd ACK: 105
power: 14, DR: 10
------------------ ARQ protocol starts! --------------------------
endnode : 34, dest : 12
>>>>> HAL OnTxDone Function
>>>>> HAL OnTxTimeout
>>>>> HAL OnRxError
>>>>> HAL OnRxTimeout

   Initializing Radio Interrupt handlers 
[ARQ] sending to 12 (seq:0)
[ARQ] Time out! retransmission (0)
[ARQ] Time out! retransmission (1)
[ARQ] Time out! retransmission (2)
[ARQ] Time out! retransmission (3)
[ARQ] Time out! retransmission (4)
[ARQ] Time out! retransmission (5)
[ARQ] max retransmission reached! give up sending
[ARQ] sending to 12 (seq:1)
[ARQ] Time out! retransmission (0)
[ARQ] Time out! retransmission (1)
[ARQ] Time out! retransmission (2)
[ARQ] Time out! retransmission (3)
[ARQ] Time out! retransmission (4)
[ARQ] Time out! retransmission (5)
[ARQ] max retransmission reached! give up sending
[ARQ] sending to 12 (seq:2)
[ARQ] Time out! retransmission (0)
[ARQ] Time out! retransmission (1)
[ARQ] Time out! retransmission (2)
[ARQ] Time out! retransmission (3)

 -------------------------------------------------
[ARQ] ACK is received (2)
 -------------------------------------------------
[ARQ] sending to 12 (seq:3)
[ARQ] Time out! retransmission (0)
[ARQ] Time out! retransmission (1)

 -------------------------------------------------
[ARQ] ACK is received (3)
 -------------------------------------------------
[ARQ] sending to 12 (seq:4)

 -------------------------------------------------
[ARQ] ACK is received (4)
 -------------------------------------------------
[ARQ] sending to 12 (seq:5)
[ARQ] Time out! retransmission (0)

 -------------------------------------------------
[ARQ] ACK is received (5)
 -------------------------------------------------
[ARQ] sending to 12 (seq:6)
[ARQ] Time out! retransmission (0)
[ARQ] Time out! retransmission (1)
[ARQ] Time out! retransmission (2)

 -------------------------------------------------
[ARQ] ACK is received (6)
 -------------------------------------------------
[ARQ] sending to 12 (seq:7)

 -------------------------------------------------
[ARQ] ACK is received (7)
 -------------------------------------------------
[ARQ] sending to 12 (seq:8)
[ARQ] Time out! retransmission (0)
[ARQ] Time out! retransmission (1)

 -------------------------------------------------
[ARQ] ACK is received (8)
 -------------------------------------------------
[ARQ] sending to 12 (seq:9)
[ARQ] Time out! retransmission (0)
[ARQ] Time out! retransmission (1)
[ARQ] Time out! retransmission (2)
[ARQ] Time out! retransmission (3)
[ARQ] Time out! retransmission (4)
[ARQ] Time out! retransmission (5)
[ARQ] max retransmission reached! give up sending
[ARQ] sending to 12 (seq:10)
[ARQ] Time out! retransmission (0)
[ARQ] Time out! retransmission (1)
[ARQ] Time out! retransmission (2)
[ARQ] Time out! retransmission (3)
[ARQ] Time out! retransmission (4)
[ARQ] Time out! retransmission (5)
[ARQ] max retransmission reached! give up sending
[ARQ] sending to 12 (seq:11)
[ARQ] Time out! retransmission (0)
[ARQ] Time out! retransmission (1)
[ARQ] Time out! retransmission (2)

 -------------------------------------------------
[ARQ] ACK is received (11)
 -------------------------------------------------
[ARQ] sending to 12 (seq:12)
[ARQ] Time out! retransmission (0)

 -------------------------------------------------
[ARQ] ACK is received (12)
 -------------------------------------------------
[ARQ] sending to 12 (seq:13)
[ARQ] Time out! retransmission (0)

 -------------------------------------------------
[ARQ] ACK is received (13)
 -------------------------------------------------
[ARQ] sending to 12 (seq:14)

 -------------------------------------------------
[ARQ] ACK is received (14)
 -------------------------------------------------
[ARQ] sending to 12 (seq:15)

 -------------------------------------------------
[ARQ] ACK is received (15)
 -------------------------------------------------
[ARQ] sending to 12 (seq:16)
[ARQ] Time out! retransmission (0)

 -------------------------------------------------
[ARQ] ACK is received (16)
 -------------------------------------------------
[ARQ] sending to 12 (seq:17)
[ARQ] Time out! retransmission (0)
[ARQ] Time out! retransmission (1)
[ARQ] Time out! retransmission (2)
[ARQ] Time out! retransmission (3)
[ARQ] Time out! retransmission (4)
[ARQ] Time out! retransmission (5)
[ARQ] max retransmission reached! give up sending
[ARQ] sending to 12 (seq:18)
[ARQ] Time out! retransmission (0)
[ARQ] Time out! retransmission (1)
[ARQ] Time out! retransmission (2)
[ARQ] Time out! retransmission (3)
[ARQ] Time out! retransmission (4)
[ARQ] Time out! retransmission (5)
[ARQ] max retransmission reached! give up sending
[ARQ] sending to 12 (seq:19)
[ARQ] Time out! retransmission (0)
[ARQ] Time out! retransmission (1)
[ARQ] Time out! retransmission (2)
[ARQ] Time out! retransmission (3)
[ARQ] Time out! retransmission (4)
[ARQ] Time out! retransmission (5)
[ARQ] max retransmission reached! give up sending
[ARQ] sending to 12 (seq:20)

 -------------------------------------------------
[ARQ] ACK is received (20)
 -------------------------------------------------
[ARQ] sending to 12 (seq:21)
[ARQ] Time out! retransmission (0)
[ARQ] Time out! retransmission (1)
[ARQ] Time out! retransmission (2)
[ARQ] Time out! retransmission (3)
[ARQ] Time out! retransmission (4)
[ARQ] Time out! retransmission (5)
[ARQ] max retransmission reached! give up sending
[ARQ] sending to 12 (seq:22)
[ARQ] Time out! retransmission (0)
[ARQ] Time out! retransmission (1)
[ARQ] Time out! retransmission (2)
[ARQ] Time out! retransmission (3)
[ARQ] Time out! retransmission (4)
[ARQ] Time out! retransmission (5)
[ARQ] max retransmission reached! give up sending
[ARQ] sending to 12 (seq:23)
[ARQ] Time out! retransmission (0)
[ARQ] Time out! retransmission (1)
[ARQ] Time out! retransmission (2)

 -------------------------------------------------
[ARQ] ACK is received (23)
 -------------------------------------------------
[ARQ] sending to 12 (seq:24)

 -------------------------------------------------
[ARQ] ACK is received (24)
 -------------------------------------------------
[ARQ] sending to 12 (seq:25)

 -------------------------------------------------
[ARQ] ACK is received (25)
 -------------------------------------------------
[ARQ] sending to 12 (seq:26)

 -------------------------------------------------
[ARQ] ACK is received (26)
 -------------------------------------------------
[ARQ] sending to 12 (seq:27)
[ARQ] Time out! retransmission (0)
[ARQ] Time out! retransmission (1)
[ARQ] Time out! retransmission (2)
[ARQ] Time out! retransmission (3)

 -------------------------------------------------
[ARQ] ACK is received (27)
 -------------------------------------------------
[ARQ] sending to 12 (seq:28)
[ARQ] Time out! retransmission (0)

 -------------------------------------------------
[ARQ] ACK is received (28)
 -------------------------------------------------
[ARQ] sending to 12 (seq:29)

 -------------------------------------------------
[ARQ] ACK is received (29)
 -------------------------------------------------
[ARQ] sending to 12 (seq:30)
[ARQ] Time out! retransmission (0)
[ARQ] Time out! retransmission (1)

 -------------------------------------------------
[ARQ] ACK is received (30)
 -------------------------------------------------
[ARQ] sending to 12 (seq:31)
[ARQ] Time out! retransmission (0)
[ARQ] Time out! retransmission (1)

 -------------------------------------------------
[ARQ] ACK is received (31)
 -------------------------------------------------
[ARQ] sending to 12 (seq:32)
[ARQ] Time out! retransmission (0)
[ARQ] Time out! retransmission (1)
[ARQ] Time out! retransmission (2)
[ARQ] Time out! retransmission (3)
[ARQ] Time out! retransmission (4)
[ARQ] Time out! retransmission (5)
[ARQ] max retransmission reached! give up sending
[ARQ] sending to 12 (seq:33)
[ARQ] Time out! retransmission (0)
[ARQ] Time out! retransmission (1)
[ARQ] Time out! retransmission (2)
[ARQ] Time out! retransmission (3)
[ARQ] Time out! retransmission (4)
[ARQ] Time out! retransmission (5)
[ARQ] max retransmission reached! give up sending
[ARQ] sending to 12 (seq:34)
[ARQ] Time out! retransmission (0)
[ARQ] Time out! retransmission (1)
[ARQ] Time out! retransmission (2)
[ARQ] Time out! retransmission (3)
[ARQ] Time out! retransmission (4)
[ARQ] Time out! retransmission (5)
[ARQ] max retransmission reached! give up sending
[ARQ] sending to 12 (seq:35)
[ARQ] Time out! retransmission (0)
[ARQ] Time out! retransmission (1)
[ARQ] Time out! retransmission (2)
[ARQ] Time out! retransmission (3)
[ARQ] Time out! retransmission (4)
[ARQ] Time out! retransmission (5)
[ARQ] max retransmission reached! give up sending
[ARQ] sending to 12 (seq:36)
[ARQ] Time out! retransmission (0)
[ARQ] Time out! retransmission (1)
[ARQ] Time out! retransmission (2)
[ARQ] Time out! retransmission (3)
[ARQ] Time out! retransmission (4)
[ARQ] Time out! retransmission (5)
[ARQ] max retransmission reached! give up sending
[ARQ] sending to 12 (seq:37)
[ARQ] Time out! retransmission (0)
[ARQ] Time out! retransmission (1)

 -------------------------------------------------
[ARQ] ACK is received (37)
 -------------------------------------------------
[ARQ] sending to 12 (seq:38)
[ARQ] Time out! retransmission (0)
[ARQ] Time out! retransmission (1)
[ARQ] Time out! retransmission (2)
[ARQ] Time out! retransmission (3)
[ARQ] Time out! retransmission (4)
[ARQ] Time out! retransmission (5)
[ARQ] max retransmission reached! give up sending
[ARQ] sending to 12 (seq:39)
[ARQ] Time out! retransmission (0)
[ARQ] Time out! retransmission (1)
[ARQ] Time out! retransmission (2)

 -------------------------------------------------
[ARQ] ACK is received (39)
 -------------------------------------------------
[ARQ] sending to 12 (seq:40)
[ARQ] Time out! retransmission (0)
[ARQ] Time out! retransmission (1)
[ARQ] Time out! retransmission (2)
[ARQ] Time out! retransmission (3)
[ARQ] Time out! retransmission (4)
[ARQ] Time out! retransmission (5)
[ARQ] max retransmission reached! give up sending
[ARQ] sending to 12 (seq:41)
[ARQ] Time out! retransmission (0)
[ARQ] Time out! retransmission (1)

 -------------------------------------------------
[ARQ] ACK is received (41)
 -------------------------------------------------
[ARQ] sending to 12 (seq:42)

 -------------------------------------------------
[ARQ] ACK is received (42)
 -------------------------------------------------
[ARQ] sending to 12 (seq:43)

 -------------------------------------------------
[ARQ] ACK is received (43)
 -------------------------------------------------
[ARQ] sending to 12 (seq:44)

 -------------------------------------------------
[ARQ] ACK is received (44)
 -------------------------------------------------
[ARQ] sending to 12 (seq:45)
[ARQ] Time out! retransmission (0)

 -------------------------------------------------
[ARQ] ACK is received (45)
 -------------------------------------------------
[ARQ] sending to 12 (seq:46)
[ARQ] Time out! retransmission (0)
[ARQ] Time out! retransmission (1)
[ARQ] Time out! retransmission (2)
[ARQ] Time out! retransmission (3)
[ARQ] Time out! retransmission (4)
[ARQ] Time out! retransmission (5)
[ARQ] max retransmission reached! give up sending
[ARQ] sending to 12 (seq:47)
[ARQ] Time out! retransmission (0)
[ARQ] Time out! retransmission (1)
[ARQ] Time out! retransmission (2)
[ARQ] Time out! retransmission (3)
[ARQ] Time out! retransmission (4)
[ARQ] Time out! retransmission (5)
[ARQ] max retransmission reached! give up sending
[ARQ] sending to 12 (seq:48)
[ARQ] Time out! retransmission (0)
[ARQ] Time out! retransmission (1)
[ARQ] Time out! retransmission (2)
[ARQ] Time out! retransmission (3)
[ARQ] Time out! retransmission (4)
[ARQ] Time out! retransmission (5)
[ARQ] max retransmission reached! give up sending
[ARQ] sending to 12 (seq:49)
[ARQ] Time out! retransmission (0)
[ARQ] Time out! retransmission (1)
[ARQ] Time out! retransmission (2)
[ARQ] Time out! retransmission (3)
[ARQ] Time out! retransmission (4)
[ARQ] Time out! retransmission (5)
[ARQ] max retransmission reached! give up sending
[ARQ] sending to 12 (seq:50)
[ARQ] Time out! retransmission (0)

 -------------------------------------------------
[ARQ] ACK is received (50)
 -------------------------------------------------
[ARQ] sending to 12 (seq:51)
[ARQ] Time out! retransmission (0)

 -------------------------------------------------
[ARQ] ACK is received (51)
 -------------------------------------------------
[ARQ] sending to 12 (seq:52)
[ARQ] Time out! retransmission (0)

 -------------------------------------------------
[ARQ] ACK is received (52)
 -------------------------------------------------
[ARQ] sending to 12 (seq:53)
[ARQ] Time out! retransmission (0)
[ARQ] Time out! retransmission (1)
[ARQ] Time out! retransmission (2)

 -------------------------------------------------
[ARQ] ACK is received (53)
 -------------------------------------------------
[ARQ] sending to 12 (seq:54)
[ARQ] Time out! retransmission (0)
[ARQ] Time out! retransmission (1)
[ARQ] Time out! retransmission (2)
[ARQ] Time out! retransmission (3)
[ARQ] Time out! retransmission (4)
[ARQ] Time out! retransmission (5)
[ARQ] max retransmission reached! give up sending
[ARQ] sending to 12 (seq:55)
[ARQ] Time out! retransmission (0)
[ARQ] Time out! retransmission (1)

 -------------------------------------------------
[ARQ] ACK is received (55)
 -------------------------------------------------
[ARQ] sending to 12 (seq:56)

 -------------------------------------------------
[ARQ] ACK is received (56)
 -------------------------------------------------
[ARQ] sending to 12 (seq:57)
[ARQ] Time out! retransmission (0)

 -------------------------------------------------
[ARQ] ACK is received (57)
 -------------------------------------------------
[ARQ] sending to 12 (seq:58)

 -------------------------------------------------
[ARQ] ACK is received (58)
 -------------------------------------------------
[ARQ] sending to 12 (seq:59)

 -------------------------------------------------
[ARQ] ACK is received (59)
 -------------------------------------------------
[ARQ] sending to 12 (seq:60)
[ARQ] Time out! retransmission (0)
[ARQ] Time out! retransmission (1)
[ARQ] Time out! retransmission (2)
[ARQ] Time out! retransmission (3)
[ARQ] Time out! retransmission (4)
[ARQ] Time out! retransmission (5)
[ARQ] max retransmission reached! give up sending
[ARQ] sending to 12 (seq:61)
[ARQ] Time out! retransmission (0)
[ARQ] Time out! retransmission (1)
[ARQ] Time out! retransmission (2)
[ARQ] Time out! retransmission (3)
[ARQ] Time out! retransmission (4)
[ARQ] Time out! retransmission (5)
[ARQ] max retransmission reached! give up sending
[ARQ] sending to 12 (seq:62)
[ARQ] Time out! retransmission (0)

 -------------------------------------------------
[ARQ] ACK is received (62)
 -------------------------------------------------
[ARQ] sending to 12 (seq:63)

 -------------------------------------------------
[ARQ] ACK is received (63)
 -------------------------------------------------
[ARQ] sending to 12 (seq:64)

 -------------------------------------------------
[ARQ] ACK is received (64)
 -------------------------------------------------
[ARQ] sending to 12 (seq:65)

 -------------------------------------------------
[ARQ] ACK is received (65)
 -------------------------------------------------
[ARQ] sending to 12 (seq:66)

 -------------------------------------------------
[ARQ] ACK is received (66)
 -------------------------------------------------
[ARQ] sending to 12 (seq:67)
[ARQ] Time out! retransmission (0)

 -------------------------------------------------
[ARQ] ACK is received (67)
 -------------------------------------------------
[ARQ] sending to 12 (seq:68)

 -------------------------------------------------
[ARQ] ACK is received (68)
 -------------------------------------------------
[ARQ] sending to 12 (seq:69)
[ARQ] Time out! retransmission (0)
[ARQ] Time out! retransmission (1)

 -------------------------------------------------
[ARQ] ACK is received (69)
 -------------------------------------------------
[ARQ] sending to 12 (seq:70)

 -------------------------------------------------
[ARQ] ACK is received (70)
 -------------------------------------------------
[ARQ] sending to 12 (seq:71)

 -------------------------------------------------
[ARQ] ACK is received (71)
 -------------------------------------------------
[ARQ] sending to 12 (seq:72)

 -------------------------------------------------
[ARQ] ACK is received (72)
 -------------------------------------------------
[ARQ] sending to 12 (seq:73)

 -------------------------------------------------
[ARQ] ACK is received (73)
 -------------------------------------------------
[ARQ] sending to 12 (seq:74)
[ARQ] Time out! retransmission (0)

 -------------------------------------------------
[ARQ] ACK is received (74)
 -------------------------------------------------
[ARQ] sending to 12 (seq:75)

 -------------------------------------------------
[ARQ] ACK is received (75)
 -------------------------------------------------
[ARQ] sending to 12 (seq:76)

 -------------------------------------------------
[ARQ] ACK is received (76)
 -------------------------------------------------
[ARQ] sending to 12 (seq:77)

 -------------------------------------------------
[ARQ] ACK is received (77)
 -------------------------------------------------
[ARQ] sending to 12 (seq:78)

 -------------------------------------------------
[ARQ] ACK is received (78)
 -------------------------------------------------
[ARQ] sending to 12 (seq:79)

 -------------------------------------------------
[ARQ] ACK is received (79)
 -------------------------------------------------
[ARQ] sending to 12 (seq:80)

 -------------------------------------------------
[ARQ] ACK is received (80)
 -------------------------------------------------
[ARQ] sending to 12 (seq:81)
[ARQ] Time out! retransmission (0)

 -------------------------------------------------
[ARQ] ACK is received (81)
 -------------------------------------------------
[ARQ] sending to 12 (seq:82)

 -------------------------------------------------
[ARQ] ACK is received (82)
 -------------------------------------------------
[ARQ] sending to 12 (seq:83)

 -------------------------------------------------
[ARQ] ACK is received (83)
 -------------------------------------------------
[ARQ] sending to 12 (seq:84)

 -------------------------------------------------
[ARQ] ACK is received (84)
 -------------------------------------------------
[ARQ] sending to 12 (seq:85)

 -------------------------------------------------
[ARQ] ACK is received (85)
 -------------------------------------------------
[ARQ] sending to 12 (seq:86)

 -------------------------------------------------
[ARQ] ACK is received (86)
 -------------------------------------------------
[ARQ] sending to 12 (seq:87)

 -------------------------------------------------
[ARQ] ACK is received (87)
 -------------------------------------------------
[ARQ] sending to 12 (seq:88)
[ARQ] Time out! retransmission (0)

 -------------------------------------------------
[ARQ] ACK is received (88)
 -------------------------------------------------
[ARQ] sending to 12 (seq:89)
[ARQ] Time out! retransmission (0)

 -------------------------------------------------
[ARQ] ACK is received (89)
 -------------------------------------------------
[ARQ] sending to 12 (seq:90)

 -------------------------------------------------
[ARQ] ACK is received (90)
 -------------------------------------------------
[ARQ] sending to 12 (seq:91)

 -------------------------------------------------
[ARQ] ACK is received (91)
 -------------------------------------------------
[ARQ] sending to 12 (seq:92)

 -------------------------------------------------
[ARQ] ACK is received (92)
 -------------------------------------------------
[ARQ] sending to 12 (seq:93)

 -------------------------------------------------
[ARQ] ACK is received (93)
 -------------------------------------------------
[ARQ] sending to 12 (seq:94)
[ARQ] Time out! retransmission (0)

 -------------------------------------------------
[ARQ] ACK is received (94)
 -------------------------------------------------
[ARQ] sending to 12 (seq:95)

 -------------------------------------------------
[ARQ] ACK is received (95)
 -------------------------------------------------
[ARQ] sending to 12 (seq:96)
[ARQ] Time out! retransmission (0)

 -------------------------------------------------
[ARQ] ACK is received (96)
 -------------------------------------------------
[ARQ] sending to 12 (seq:97)

 -------------------------------------------------
[ARQ] ACK is received (97)
 -------------------------------------------------
[ARQ] sending to 12 (seq:98)

 -------------------------------------------------
[ARQ] ACK is received (98)
 -------------------------------------------------
[ARQ] sending to 12 (seq:99)
[ARQ] Time out! retransmission (0)

 -------------------------------------------------
[ARQ] ACK is received (99)
 -------------------------------------------------
[ARQ] sending to 12 (seq:100)
[ARQ] Time out! retransmission (0)
[ARQ] Time out! retransmission (1)
[ARQ] Time out! retransmission (2)
[ARQ] Time out! retransmission (3)
[ARQ] Time out! retransmission (4)
[ARQ] Time out! retransmission (5)
[ARQ] max retransmission reached! give up sending
[ARQ] sending to 12 (seq:101)
[ARQ] Time out! retransmission (0)
[ARQ] Time out! retransmission (1)
[ARQ] Time out! retransmission (2)
[ARQ] Time out! retransmission (3)

 -------------------------------------------------
[ARQ] ACK is received (101)
 -------------------------------------------------
[ARQ] sending to 12 (seq:102)
[ARQ] Time out! retransmission (0)
[ARQ] Time out! retransmission (1)

 -------------------------------------------------
[ARQ] ACK is received (102)
 -------------------------------------------------
[ARQ] sending to 12 (seq:103)
[ARQ] Time out! retransmission (0)
[ARQ] Time out! retransmission (1)
[ARQ] Time out! retransmission (2)
[ARQ] Time out! retransmission (3)
[ARQ] Time out! retransmission (4)
[ARQ] Time out! retransmission (5)
[ARQ] max retransmission reached! give up sending
[ARQ] sending to 12 (seq:104)
[ARQ] Time out! retransmission (0)
[ARQ] Time out! retransmission (1)
[ARQ] Time out! retransmission (2)
[ARQ] Time out! retransmission (3)
[ARQ] Time out! retransmission (4)
[ARQ] Time out! retransmission (5)
[ARQ] max retransmission reached! give up sending
[ARQ] sending to 12 (seq:105)
[ARQ] Time out! retransmission (0)
[ARQ] Time out! retransmission (1)
[ARQ] Time out! retransmission (2)
[ARQ] Time out! retransmission (3)
[ARQ] Time out! retransmission (4)
[ARQ] Time out! retransmission (5)
[ARQ] max retransmission reached! give up sending
[ARQ] sending to 12 (seq:106)
[ARQ] Time out! retransmission (0)
[ARQ] Time out! retransmission (1)
[ARQ] Time out! retransmission (2)
[ARQ] Time out! retransmission (3)
[ARQ] Time out! retransmission (4)
[ARQ] Time out! retransmission (5)
[ARQ] max retransmission reached! give up sending
[ARQ] sending to 12 (seq:107)
[ARQ] Time out! retransmission (0)
[ARQ] Time out! retransmission (1)
[ARQ] Time out! retransmission (2)
[ARQ] Time out! retransmission (3)
[ARQ] Time out! retransmission (4)
[ARQ] Time out! retransmission (5)
[ARQ] max retransmission reached! give up sending
[ARQ] sending to 12 (seq:108)
[ARQ] Time out! retransmission (0)
[ARQ] Time out! retransmission (1)
[ARQ] Time out! retransmission (2)
[ARQ] Time out! retransmission (3)
[ARQ] Time out! retransmission (4)
[ARQ] Time out! retransmission (5)
[ARQ] max retransmission reached! give up sending
[ARQ] sending to 12 (seq:109)
[ARQ] Time out! retransmission (0)
[ARQ] Time out! retransmission (1)
[ARQ] Time out! retransmission (2)
[ARQ] Time out! retransmission (3)
[ARQ] Time out! retransmission (4)
[ARQ] Time out! retransmission (5)
[ARQ] max retransmission reached! give up sending
[ARQ] sending to 12 (seq:110)

 -------------------------------------------------
[ARQ] ACK is received (110)
 -------------------------------------------------
[ARQ] sending to 12 (seq:111)
[ARQ] Time out! retransmission (0)

 -------------------------------------------------
[ARQ] ACK is received (111)
 -------------------------------------------------
[ARQ] sending to 12 (seq:112)

 -------------------------------------------------
[ARQ] ACK is received (112)
 -------------------------------------------------
[ARQ] sending to 12 (seq:113)
[ARQ] Time out! retransmission (0)
[ARQ] Time out! retransmission (1)
[ARQ] Time out! retransmission (2)
[ARQ] Time out! retransmission (3)
[ARQ] Time out! retransmission (4)

 -------------------------------------------------
[ARQ] ACK is received (113)
 -------------------------------------------------
[ARQ] sending to 12 (seq:114)
[ARQ] Time out! retransmission (0)
[ARQ] Time out! retransmission (1)
[ARQ] Time out! retransmission (2)
[ARQ] Time out! retransmission (3)
[ARQ] Time out! retransmission (4)
[ARQ] Time out! retransmission (5)
[ARQ] max retransmission reached! give up sending
[ARQ] sending to 12 (seq:115)
[ARQ] Time out! retransmission (0)
[ARQ] Time out! retransmission (1)
[ARQ] Time out! retransmission (2)
[ARQ] Time out! retransmission (3)

 -------------------------------------------------
[ARQ] ACK is received (115)
 -------------------------------------------------
[ARQ] sending to 12 (seq:116)
[ARQ] Time out! retransmission (0)

 -------------------------------------------------
[ARQ] ACK is received (116)
 -------------------------------------------------
[ARQ] sending to 12 (seq:117)
[ARQ] Time out! retransmission (0)
[ARQ] Time out! retransmission (1)
[ARQ] Time out! retransmission (2)
[ARQ] Time out! retransmission (3)

 -------------------------------------------------
[ARQ] ACK is received (117)
 -------------------------------------------------
[ARQ] sending to 12 (seq:118)
[ARQ] Time out! retransmission (0)

 -------------------------------------------------
[ARQ] ACK is received (118)
 -------------------------------------------------
[ARQ] sending to 12 (seq:119)
[ARQ] Time out! retransmission (0)

 -------------------------------------------------
[ARQ] ACK is received (119)
 -------------------------------------------------
[ARQ] sending to 12 (seq:120)
[ARQ] Time out! retransmission (0)

 -------------------------------------------------
[ARQ] ACK is received (120)
 -------------------------------------------------
[ARQ] sending to 12 (seq:121)
[ARQ] Time out! retransmission (0)

 -------------------------------------------------
[ARQ] ACK is received (121)
 -------------------------------------------------
[ARQ] sending to 12 (seq:122)
[ARQ] Time out! retransmission (0)
[ARQ] Time out! retransmission (1)

 -------------------------------------------------
[ARQ] ACK is received (122)
 -------------------------------------------------
[ARQ] sending to 12 (seq:123)
[ARQ] Time out! retransmission (0)
[ARQ] Time out! retransmission (1)
[ARQ] Time out! retransmission (2)
[ARQ] Time out! retransmission (3)
[ARQ] Time out! retransmission (4)
[ARQ] Time out! retransmission (5)
[ARQ] max retransmission reached! give up sending
[ARQ] sending to 12 (seq:124)
[ARQ] Time out! retransmission (0)
[ARQ] Time out! retransmission (1)
[ARQ] Time out! retransmission (2)
[ARQ] Time out! retransmission (3)
[ARQ] Time out! retransmission (4)
[ARQ] Time out! retransmission (5)
[ARQ] max retransmission reached! give up sending
[ARQ] sending to 12 (seq:125)
[ARQ] Time out! retransmission (0)
[ARQ] Time out! retransmission (1)
[ARQ] Time out! retransmission (2)
[ARQ] Time out! retransmission (3)
[ARQ] Time out! retransmission (4)

 -------------------------------------------------
[ARQ] ACK is received (125)
 -------------------------------------------------
[ARQ] sending to 12 (seq:126)
[ARQ] Time out! retransmission (0)

 -------------------------------------------------
[ARQ] ACK is received (126)
 -------------------------------------------------
[ARQ] sending to 12 (seq:127)

 -------------------------------------------------
[ARQ] ACK is received (127)
 -------------------------------------------------
[ARQ] sending to 12 (seq:128)
[ARQ] Time out! retransmission (0)

 -------------------------------------------------
[ARQ] ACK is received (128)
 -------------------------------------------------
[ARQ] sending to 12 (seq:129)
[ARQ] Time out! retransmission (0)
[ARQ] Time out! retransmission (1)

 -------------------------------------------------
[ARQ] ACK is received (129)
 -------------------------------------------------
[ARQ] sending to 12 (seq:130)
[ARQ] Time out! retransmission (0)
[ARQ] Time out! retransmission (1)
[ARQ] Time out! retransmission (2)

 -------------------------------------------------
[ARQ] ACK is received (130)
 -------------------------------------------------
[ARQ] sending to 12 (seq:131)
[ARQ] Time out! retransmission (0)

 -------------------------------------------------
[ARQ] ACK is received (131)
 -------------------------------------------------
[ARQ] sending to 12 (seq:132)

 -------------------------------------------------
[ARQ] ACK is received (132)
 -------------------------------------------------
[ARQ] sending to 12 (seq:133)

 -------------------------------------------------
[ARQ] ACK is received (133)
 -------------------------------------------------
[ARQ] sending to 12 (seq:134)
[ARQ] Time out! retransmission (0)
[ARQ] Time out! retransmission (1)
[ARQ] Time out! retransmission (2)
[ARQ] Time out! retransmission (3)
[ARQ] Time out! retransmission (4)

 -------------------------------------------------
[ARQ] ACK is received (134)
 -------------------------------------------------
[ARQ] sending to 12 (seq:135)
[ARQ] Time out! retransmission (0)
[ARQ] Time out! retransmission (1)
[ARQ] Time out! retransmission (2)
[ARQ] Time out! retransmission (3)
[ARQ] Time out! retransmission (4)
[ARQ] Time out! retransmission (5)
[ARQ] max retransmission reached! give up sending
[ARQ] sending to 12 (seq:136)
[ARQ] Time out! retransmission (0)
[ARQ] Time out! retransmission (1)
[ARQ] Time out! retransmission (2)
[ARQ] Time out! retransmission (3)
[ARQ] Time out! retransmission (4)
[ARQ] Time out! retransmission (5)
[ARQ] max retransmission reached! give up sending
[ARQ] sending to 12 (seq:137)

 -------------------------------------------------
[ARQ] ACK is received (137)
 -------------------------------------------------
[ARQ] sending to 12 (seq:138)
[ARQ] Time out! retransmission (0)
[ARQ] Time out! retransmission (1)

 -------------------------------------------------
[ARQ] ACK is received (138)
 -------------------------------------------------
[ARQ] sending to 12 (seq:139)
[ARQ] Time out! retransmission (0)

 -------------------------------------------------
[ARQ] ACK is received (139)
 -------------------------------------------------
[ARQ] sending to 12 (seq:140)
[ARQ] Time out! retransmission (0)
[ARQ] Time out! retransmission (1)
[ARQ] Time out! retransmission (2)
[ARQ] Time out! retransmission (3)
[ARQ] Time out! retransmission (4)
[ARQ] Time out! retransmission (5)
[ARQ] max retransmission reached! give up sending
[ARQ] sending to 12 (seq:141)
[ARQ] Time out! retransmission (0)
[ARQ] Time out! retransmission (1)

 -------------------------------------------------
[ARQ] ACK is received (141)
 -------------------------------------------------
Execution time: 1135176 milli secomds
Total Send Packet: 179
Total Rcvd ACK: 105
power: 14, DR: 10
