=~=~=~=~=~=~=~=~=~=~=~= PuTTY log 2024.08.06 13:56:50 =~=~=~=~=~=~=~=~=~=~=~=
---- ARQ protocol starts! --------------------------
endnode : 12, dest : 34
>>>>> HAL OnTxDone Function
>>>>> HAL OnTxTimeout
>>>>> HAL OnRxError
>>>>> HAL OnRxTimeout

   Initializing Radio Interrupt handlers 
------------------ ARQ protocol starts! --------------------------
endnode : 12, dest : 34
>>>>> HAL OnTxDone Function
>>>>> HAL OnTxTimeout
>>>>> HAL OnRxError
>>>>> HAL OnRxTimeout

   Initializing Radio Interrupt handlers 
------------------ ARQ protocol starts! --------------------------
endnode : 12, dest : 34
>>>>> HAL OnTxDone Function
>>>>> HAL OnTxTimeout
>>>>> HAL OnRxError
>>>>> HAL OnRxTimeout

   Initializing Radio Interrupt handlers 
crc  , ACK .
 -------------------------------------------------
RCVD from 34 : Hello (length:20)
 -------------------------------------------------
crc  , ACK .
 -------------------------------------------------
RCVD from 34 : Hello (length:20)
 -------------------------------------------------
crc  , ACK .
 -------------------------------------------------
RCVD from 34 : Hello (length:20)
 -------------------------------------------------
crc  , ACK .
 -------------------------------------------------
RCVD from 34 : Hello (length:20)
 -------------------------------------------------
crc  , ACK .
 -------------------------------------------------
RCVD from 34 : Hello (length:20)
 -------------------------------------------------
crc  , ACK .
 -------------------------------------------------
RCVD from 34 : Hello (length:20)
 -------------------------------------------------
crc  , ACK .
 -------------------------------------------------
RCVD from 34 : Hello (length:20)
 -------------------------------------------------
crc  , ACK .
 -------------------------------------------------
RCVD from 34 : Hello (length:20)
 -------------------------------------------------
crc  , ACK .
 -------------------------------------------------
RCVD from 34 : Hello (length:20)
 -------------------------------------------------
crc  .
 -------------------------------------------------
RCVD from 34 : Hello (length:20)
 -------------------------------------------------
crc  , ACK .
 -------------------------------------------------
RCVD from 34 : Hello (length:20)
 -------------------------------------------------
crc  , ACK .
 -------------------------------------------------
RCVD from 34 : Hello (length:20)
 -------------------------------------------------
crc  , ACK .
 -------------------------------------------------
RCVD from 34 : Hello (length:20)
 -------------------------------------------------
crc  , ACK .
 -------------------------------------------------
RCVD from 34 : Hello (length:20)
 -------------------------------------------------
crc  , ACK .
 -------------------------------------------------
RCVD from 34 : Hello (length:20)
 -------------------------------------------------
crc  , ACK .
 -------------------------------------------------
RCVD from 34 : Hello (length:20)
 -------------------------------------------------
crc  , ACK .
 -------------------------------------------------
RCVD from 34 : Hello (length:20)
 -------------------------------------------------
crc  , ACK .
 -------------------------------------------------
RCVD from 34 : Hello (length:20)
 -------------------------------------------------
crc  , ACK .
 -------------------------------------------------
RCVD from 34 : Hello (length:20)
 -------------------------------------------------
crc  , ACK .
 -------------------------------------------------
RCVD from 34 : Hello (length:20)
 -------------------------------------------------
crc  , ACK .
 -------------------------------------------------
RCVD from 34 : Hello (length:20)
 -------------------------------------------------
crc  , ACK .
 -------------------------------------------------
RCVD from 34 : Hello (length:20)
 -------------------------------------------------
crc  , ACK .
 -------------------------------------------------
RCVD from 34 : Hello (length:20)
 -------------------------------------------------
crc  , ACK .
 -------------------------------------------------
RCVD from 34 : Hello (length:20)
 -------------------------------------------------
crc  , ACK .
 -------------------------------------------------
RCVD from 34 : Hello (length:20)
 -------------------------------------------------
crc  , ACK .
 -------------------------------------------------
RCVD from 34 : Hello (length:20)
 -------------------------------------------------
crc  , ACK .
 -------------------------------------------------
RCVD from 34 : Hello (length:20)
 -------------------------------------------------
crc  , ACK .
 -------------------------------------------------
RCVD from 34 : Hello (length:20)
 -------------------------------------------------
crc  , ACK .
 -------------------------------------------------
RCVD from 34 : Hello (length:20)
 -------------------------------------------------
crc  , ACK .
 -------------------------------------------------
RCVD from 34 : Hello (length:20)
 -------------------------------------------------
crc  , ACK .
 -------------------------------------------------
RCVD from 34 : Hello (length:20)
 -------------------------------------------------
crc  , ACK .
 -------------------------------------------------
RCVD from 34 : Hello (length:20)
 -------------------------------------------------
crc  , ACK .
 -------------------------------------------------
RCVD from 34 : Hello (length:20)
 -------------------------------------------------
crc  , ACK .
 -------------------------------------------------
RCVD from 34 : Hello (length:20)
 -------------------------------------------------
crc  , ACK .
 -------------------------------------------------
RCVD from 34 : Hello (length:20)
 -------------------------------------------------
crc  , ACK .
 -------------------------------------------------
RCVD from 34 : Hello (length:20)
 -------------------------------------------------
crc  , ACK .
 -------------------------------------------------
RCVD from 34 : Hello (length:20)
 -------------------------------------------------
crc  , ACK .
 -------------------------------------------------
RCVD from 34 : Hello (length:20)
 -------------------------------------------------
crc  , ACK .
 -------------------------------------------------
RCVD from 34 : Hello (length:20)
 -------------------------------------------------
crc  , ACK .
 -------------------------------------------------
RCVD from 34 : Hello (length:20)
 -------------------------------------------------
crc  , ACK .
 -------------------------------------------------
RCVD from 34 : Hello (length:20)
 -------------------------------------------------
crc  , ACK .
 -------------------------------------------------
RCVD from 34 : Hello (length:20)
 -------------------------------------------------
crc  , ACK .
 -------------------------------------------------
RCVD from 34 : Hello (length:20)
 -------------------------------------------------
crc  , ACK .
 -------------------------------------------------
RCVD from 34 : Hello (length:20)
 -------------------------------------------------
crc  , ACK .
 -------------------------------------------------
RCVD from 34 : Hello (length:20)
 -------------------------------------------------
crc  , ACK .
 -------------------------------------------------
RCVD from 34 : Hello (length:20)
 -------------------------------------------------
crc  , ACK .
 -------------------------------------------------
RCVD from 34 : Hello (length:20)
 -------------------------------------------------
crc  , ACK .
 -------------------------------------------------
RCVD from 34 : Hello (length:20)
 -------------------------------------------------
crc  , ACK .
 -------------------------------------------------
RCVD from 34 : Hello (length:20)
 -------------------------------------------------
crc  , ACK .
 -------------------------------------------------
RCVD from 34 : Hello (length:20)
 -------------------------------------------------
crc  , ACK .
 -------------------------------------------------
RCVD from 34 : Hello (length:20)
 -------------------------------------------------
crc  , ACK .
 -------------------------------------------------
RCVD from 34 : Hello (length:20)
 -------------------------------------------------
crc  , ACK .
 -------------------------------------------------
RCVD from 34 : Hello (length:20)
 -------------------------------------------------
crc  , ACK .
 -------------------------------------------------
RCVD from 34 : Hello (length:20)
 -------------------------------------------------
crc  , ACK .
 -------------------------------------------------
RCVD from 34 : Hello (length:20)
 -------------------------------------------------
crc  , ACK .
 -------------------------------------------------
RCVD from 34 : Hello (length:20)
 -------------------------------------------------
crc  , ACK .
 -------------------------------------------------
RCVD from 34 : Hello (length:20)
 -------------------------------------------------
crc  , ACK .
 -------------------------------------------------
RCVD from 34 : Hello (length:20)
 -------------------------------------------------
crc  , ACK .
 -------------------------------------------------
RCVD from 34 : Hello (length:20)
 -------------------------------------------------
crc  , ACK .
 -------------------------------------------------
RCVD from 34 : Hello (length:20)
 -------------------------------------------------
crc  , ACK .
 -------------------------------------------------
RCVD from 34 : Hello (length:20)
 -------------------------------------------------
crc  , ACK .
 -------------------------------------------------
RCVD from 34 : Hello (length:20)
 -------------------------------------------------
crc  , ACK .
 -------------------------------------------------
RCVD from 34 : Hello (length:20)
 -------------------------------------------------
crc  , ACK .
 -------------------------------------------------
RCVD from 34 : Hello (length:20)
 -------------------------------------------------
crc  , ACK .
 -------------------------------------------------
RCVD from 34 : Hello (length:20)
 -------------------------------------------------
crc  , ACK .
 -------------------------------------------------
RCVD from 34 : Hello (length:20)
 -------------------------------------------------
crc  , ACK .
 -------------------------------------------------
RCVD from 34 : Hello (length:20)
 -------------------------------------------------
crc  , ACK .
 -------------------------------------------------
RCVD from 34 : Hello (length:20)
 -------------------------------------------------
crc  , ACK .
 -------------------------------------------------
RCVD from 34 : Hello (length:20)
 -------------------------------------------------
crc  , ACK .
 -------------------------------------------------
RCVD from 34 : Hello (length:20)
 -------------------------------------------------
crc  , ACK .
 -------------------------------------------------
RCVD from 34 : Hello (length:20)
 -------------------------------------------------
crc  , ACK .
 -------------------------------------------------
RCVD from 34 : Hello (length:20)
 -------------------------------------------------
crc  , ACK .
 -------------------------------------------------
RCVD from 34 : Hello (length:20)
 -------------------------------------------------
crc  .
 -------------------------------------------------
RCVD from 34 : He (length:20)
 -------------------------------------------------
crc  , ACK .
 -------------------------------------------------
RCVD from 34 : Hello (length:20)
 -------------------------------------------------
crc  , ACK .
 -------------------------------------------------
RCVD from 34 : Hello (length:20)
 -------------------------------------------------
crc  , ACK .
 -------------------------------------------------
RCVD from 34 : Hello (length:20)
 -------------------------------------------------
crc  , ACK .
 -------------------------------------------------
RCVD from 34 : Hello (length:20)
 -------------------------------------------------
crc  , ACK .
 -------------------------------------------------
RCVD from 34 : Hello (length:20)
 -------------------------------------------------
crc  , ACK .
 -------------------------------------------------
RCVD from 34 : Hello (length:20)
 -------------------------------------------------
crc  , ACK .
 -------------------------------------------------
RCVD from 34 : Hello (length:20)
 -------------------------------------------------
crc  , ACK .
 -------------------------------------------------
RCVD from 34 : Hello (length:20)
 -------------------------------------------------
crc  , ACK .
 -------------------------------------------------
RCVD from 34 : Hello (length:20)
 -------------------------------------------------
crc  , ACK .
 -------------------------------------------------
RCVD from 34 : Hello (length:20)
 -------------------------------------------------
crc  , ACK .
 -------------------------------------------------
RCVD from 34 : Hello (length:20)
 -------------------------------------------------
crc  , ACK .
 -------------------------------------------------
RCVD from 34 : Hello (length:20)
 -------------------------------------------------
crc  , ACK .
 -------------------------------------------------
RCVD from 34 : Hello (length:20)
 -------------------------------------------------
crc  , ACK .
 -------------------------------------------------
RCVD from 34 : Hello (length:20)
 -------------------------------------------------
crc  , ACK .
 -------------------------------------------------
RCVD from 34 : Hello (length:20)
 -------------------------------------------------
crc  .
 -------------------------------------------------
RCVD from 34 : Hmllo (length:20)
 -------------------------------------------------
crc  , ACK .
 -------------------------------------------------
RCVD from 34 : Hello (length:20)
 -------------------------------------------------
crc  , ACK .
 -------------------------------------------------
RCVD from 34 : Hello (length:20)
 -------------------------------------------------
crc  , ACK .
 -------------------------------------------------
RCVD from 34 : Hello (length:20)
 -------------------------------------------------
crc  , ACK .
 -------------------------------------------------
RCVD from 34 : Hello (length:20)
 -------------------------------------------------
[PHYMAC] WARNING : PDU size is too large!! PDU will be truncated...
crc  , ACK .
 -------------------------------------------------
RCVD from 34 : Hello (length:20)
 -------------------------------------------------
crc  , ACK .
 -------------------------------------------------
RCVD from 34 : Hello (length:20)
 -------------------------------------------------
crc  , ACK .
 -------------------------------------------------
RCVD from 34 : Hello (length:20)
 -------------------------------------------------
crc  , ACK .
 -------------------------------------------------
RCVD from 34 : Hello (length:20)
 -------------------------------------------------
crc  , ACK .
 -------------------------------------------------
RCVD from 34 : Hello (length:20)
 -------------------------------------------------
crc  , ACK .
 -------------------------------------------------
RCVD from 34 : Hello (length:20)
 -------------------------------------------------
crc  , ACK .
 -------------------------------------------------
RCVD from 34 : Hello (length:20)
 -------------------------------------------------
crc  , ACK .
 -------------------------------------------------
RCVD from 34 : Hello (length:20)
 -------------------------------------------------
crc  , ACK .
 -------------------------------------------------
RCVD from 34 : Hello (length:20)
 -------------------------------------------------
crc  , ACK .
 -------------------------------------------------
RCVD from 34 : Hello (length:20)
 -------------------------------------------------
crc  , ACK .
 -------------------------------------------------
RCVD from 34 : Hello (length:20)
 -------------------------------------------------
Total Rcvd: 105, CRC error: 3
Average RSSI: -125
Total ACK Send: 105
power: 14, DR: 12
crc  , ACK .
 -------------------------------------------------
RCVD from 34 : Hello (length:20)
 -------------------------------------------------
Total Rcvd: 106, CRC error: 3
Average RSSI: -125
Total ACK Send: 106
power: 14, DR: 12
crc  , ACK .
 -------------------------------------------------
RCVD from 34 : Hello (length:20)
 -------------------------------------------------
Total Rcvd: 107, CRC error: 3
Average RSSI: -125
Total ACK Send: 107
power: 14, DR: 12
crc  , ACK .
 -------------------------------------------------
RCVD from 34 : Hello (length:20)
 -------------------------------------------------
Total Rcvd: 108, CRC error: 3
Average RSSI: -125
Total ACK Send: 108
power: 14, DR: 12
crc  , ACK .
 -------------------------------------------------
RCVD from 34 : Hello (length:20)
 -------------------------------------------------
Total Rcvd: 109, CRC error: 3
Average RSSI: -125
Total ACK Send: 109
power: 14, DR: 12
crc  , ACK .
 -------------------------------------------------
RCVD from 34 : Hello (length:20)
 -------------------------------------------------
Total Rcvd: 110, CRC error: 3
Average RSSI: -125
Total ACK Send: 110
power: 14, DR: 12
crc  , ACK .
 -------------------------------------------------
RCVD from 34 : Hello (length:20)
 -------------------------------------------------
Total Rcvd: 111, CRC error: 3
Average RSSI: -125
Total ACK Send: 111
power: 14, DR: 12
crc  , ACK .
 -------------------------------------------------
RCVD from 34 : Hello (length:20)
 -------------------------------------------------
Total Rcvd: 112, CRC error: 3
Average RSSI: -125
Total ACK Send: 112
power: 14, DR: 12
crc  , ACK .
 -------------------------------------------------
RCVD from 34 : Hello (length:20)
 -------------------------------------------------
Total Rcvd: 113, CRC error: 3
Average RSSI: -125
Total ACK Send: 113
power: 14, DR: 12
crc  , ACK .
 -------------------------------------------------
RCVD from 34 : Hello (length:20)
 -------------------------------------------------
Total Rcvd: 114, CRC error: 3
Average RSSI: -125
Total ACK Send: 114
power: 14, DR: 12
crc  , ACK .
 -------------------------------------------------
RCVD from 34 : Hello (length:20)
 -------------------------------------------------
Total Rcvd: 115, CRC error: 3
Average RSSI: -125
Total ACK Send: 115
power: 14, DR: 12
crc  , ACK .
 -------------------------------------------------
RCVD from 34 : Hello (length:20)
 -------------------------------------------------
Total Rcvd: 116, CRC error: 3
Average RSSI: -125
Total ACK Send: 116
power: 14, DR: 12
crc  , ACK .
 -------------------------------------------------
RCVD from 34 : Hello (length:20)
 -------------------------------------------------
Total Rcvd: 117, CRC error: 3
Average RSSI: -125
Total ACK Send: 117
power: 14, DR: 12
crc  , ACK .
 -------------------------------------------------
RCVD from 34 : Hello (length:20)
 -------------------------------------------------
Total Rcvd: 118, CRC error: 3
Average RSSI: -125
Total ACK Send: 118
power: 14, DR: 12
crc  , ACK .
 -------------------------------------------------
RCVD from 34 : Hello (length:20)
 -------------------------------------------------
Total Rcvd: 119, CRC error: 3
Average RSSI: -125
Total ACK Send: 119
power: 14, DR: 12
crc  , ACK .
 -------------------------------------------------
RCVD from 34 : Hello (length:20)
 -------------------------------------------------
Total Rcvd: 120, CRC error: 3
Average RSSI: -125
Total ACK Send: 120
power: 14, DR: 12
crc  , ACK .
 -------------------------------------------------
RCVD from 34 : Hello (length:20)
 -------------------------------------------------
Total Rcvd: 121, CRC error: 3
Average RSSI: -125
Total ACK Send: 121
power: 14, DR: 12
crc  , ACK .
 -------------------------------------------------
RCVD from 34 : Hello (length:20)
 -------------------------------------------------
Total Rcvd: 122, CRC error: 3
Average RSSI: -125
Total ACK Send: 122
power: 14, DR: 12
crc  , ACK .
 -------------------------------------------------
RCVD from 34 : Hello (length:20)
 -------------------------------------------------
Total Rcvd: 123, CRC error: 3
Average RSSI: -125
Total ACK Send: 123
power: 14, DR: 12
crc  , ACK .
 -------------------------------------------------
RCVD from 34 : Hello (length:20)
 -------------------------------------------------
Total Rcvd: 124, CRC error: 3
Average RSSI: -125
Total ACK Send: 124
power: 14, DR: 12
crc  , ACK .
 -------------------------------------------------
RCVD from 34 : Hello (length:20)
 -------------------------------------------------
Total Rcvd: 125, CRC error: 3
Average RSSI: -125
Total ACK Send: 125
power: 14, DR: 12
------------------ ARQ protocol starts! --------------------------
endnode : 12, dest : 34
>>>>> HAL OnTxDone Function
>>>>> HAL OnTxTimeout
>>>>> HAL OnRxError
>>>>> HAL OnRxTimeout

   Initializing Radio Interrupt handlers 
crc  , ACK .
 -------------------------------------------------
RCVD from 34 : Hello (length:20)
 -------------------------------------------------
crc  .
 -------------------------------------------------
RCVD from 34 : Hello (length:20)
 -------------------------------------------------
crc  , ACK .
 -------------------------------------------------
RCVD from 34 : Hello (length:20)
 -------------------------------------------------
crc  , ACK .
 -------------------------------------------------
RCVD from 34 : Hello (length:20)
 -------------------------------------------------
------------------ ARQ protocol starts! ------------------- ARQ pr------------------ ARQ protocol starts! --------------------------
endnode : 12, dest : 34
>>>>> HAL OnTxDone Function
>>>>> HAL OnTxTimeout
>>>>> HAL OnRxError
>>>>> HAL OnRxTimeout

   Initializing Radio Interrupt handlers 
crc  , ACK .
 -------------------------------------------------
RCVD from 34 : Hello (length:20)
 -------------------------------------------------
crc  , ACK .
 -------------------------------------------------
RCVD from 34 : Hello (length:20)
 -------------------------------------------------
crc  , ACK .
 -------------------------------------------------
RCVD from 34 : Hello (length:20)
 -------------------------------------------------
crc  , ACK .
 -------------------------------------------------
RCVD from 34 : Hello (length:20)
 -------------------------------------------------
crc  , ACK .
 -------------------------------------------------
RCVD from 34 : Hello (length:20)
 -------------------------------------------------
crc  , ACK .
 -------------------------------------------------
RCVD from 34 : Hello (length:20)
 -------------------------------------------------
crc  , ACK .
 -------------------------------------------------
RCVD from 34 : Hello (length:20)
 -------------------------------------------------
crc  , ACK .
 -------------------------------------------------
RCVD from 34 : Hello (length:20)
 -------------------------------------------------
crc  , ACK .
 -------------------------------------------------
RCVD from 34 : Hello (length:20)
 -------------------------------------------------
crc  , ACK .
 -------------------------------------------------
RCVD from 34 : Hello (length:20)
 -------------------------------------------------
crc  , ACK .
 -------------------------------------------------
RCVD from 34 : Hello (length:20)
 -------------------------------------------------
crc  , ACK .
 -------------------------------------------------
RCVD from 34 : Hello (length:20)
 -------------------------------------------------
crc  , ACK .
 -------------------------------------------------
RCVD from 34 : Hello (length:20)
 -------------------------------------------------
crc  , ACK .
 -------------------------------------------------
RCVD from 34 : Hello (length:20)
 -------------------------------------------------
crc  , ACK .
 -------------------------------------------------
RCVD from 34 : Hello (length:20)
 -------------------------------------------------
crc  , ACK .
 -------------------------------------------------
RCVD from 34 : Hello (length:20)
 -------------------------------------------------
crc  , ACK .
 -------------------------------------------------
RCVD from 34 : Hello (length:20)
 -------------------------------------------------
crc  , ACK .
 -------------------------------------------------
RCVD from 34 : Hello (length:20)
 -------------------------------------------------
crc  , ACK .
 -------------------------------------------------
RCVD from 34 : Hello (length:20)
 -------------------------------------------------
crc  , ACK .
 -------------------------------------------------
RCVD from 34 : Hello (length:20)
 -------------------------------------------------
crc  , ACK .
 -------------------------------------------------
RCVD from 34 : Hello (length:20)
 -------------------------------------------------
crc  , ACK .
 -------------------------------------------------
RCVD from 34 : Hello (length:20)
 -------------------------------------------------
crc  , ACK .
 -------------------------------------------------
RCVD from 34 : Hello (length:20)
 -------------------------------------------------
crc  , ACK .
 -------------------------------------------------
RCVD from 34 : Hello (length:20)
 -------------------------------------------------
crc  , ACK .
 -------------------------------------------------
RCVD from 34 : Hello (length:20)
 -------------------------------------------------
crc  , ACK .
 -------------------------------------------------
RCVD from 34 : Hello (length:20)
 -------------------------------------------------
crc  , ACK .
 -------------------------------------------------
RCVD from 34 : Hello (length:20)
 -------------------------------------------------
crc  , ACK .
 -------------------------------------------------
RCVD from 34 : Hello (length:20)
 -------------------------------------------------
crc  , ACK .
 -------------------------------------------------
RCVD from 34 : Hello (length:20)
 -------------------------------------------------
crc  , ACK .
 -------------------------------------------------
RCVD from 34 : Hello (length:20)
 -------------------------------------------------
