=~=~=~=~=~=~=~=~=~=~=~= PuTTY log 2024.08.19 09:30:42 =~=~=~=~=~=~=~=~=~=~=~=
-KIeoV:2"s &> *1 Qx TcW
C> *------------------ ARQ protocol starts! --------------------------
endnode : 12, dest : 34
>>>>> HAL OnTxDone Function
>>>>> HAL OnTxTimeout
>>>>> HAL OnRxError
>>>>> HAL OnRxTimeout

   Initializing Radio Interrupt handlers 
crc  , ACK .
 -------------------------------------------------
RCVD from 34 : Hello (length:20)
 -------------------------------------------------
crc  , ACK .
 -------------------------------------------------
RCVD from 34 : Hello (length:20)
 -------------------------------------------------
crc  , ACK .
 -------------------------------------------------
RCVD from 34 : Hello (length:20)
 -------------------------------------------------
crc  , ACK .
 -------------------------------------------------
RCVD from 34 : Hello (length:20)
 -------------------------------------------------
------------------ ARQ protocol starts! --------------------------
endnode : 12, dest : 34
>>>>> HAL OnTxDone Function
>>>>> HAL OnTxTimeout
>>>>> HAL OnRxError
>>>>> HAL OnRxTimeout

   Initializing Radio Interrupt handlers 
crc  , ACK .
 -------------------------------------------------
RCVD from 34 : Hello (length:20)
 -------------------------------------------------
crc  , ACK .
 -------------------------------------------------
RCVD from 34 : Hello (length:20)
 -------------------------------------------------
crc  , ACK .
 -------------------------------------------------
RCVD from 34 : Hello (length:20)
 -------------------------------------------------
crc  , ACK .
 -------------------------------------------------
RCVD from 34 : Hello (length:20)
 -------------------------------------------------
crc  , ACK .
 -------------------------------------------------
RCVD from 34 : Hello (length:20)
 -------------------------------------------------
crc  , ACK .
 -------------------------------------------------
RCVD from 34 : Hello (length:20)
 -------------------------------------------------
crc  , ACK .
 -------------------------------------------------
RCVD from 34 : Hello (length:20)
 -------------------------------------------------
crc  , ACK .
 -------------------------------------------------
RCVD from 34 : Hello (length:20)
 -------------------------------------------------
crc  , ACK .
 -------------------------------------------------
RCVD from 34 : Hello (length:20)
 -------------------------------------------------
crc  , ACK .
 -------------------------------------------------
RCVD from 34 : Hello (length:20)
 -------------------------------------------------
crc  , ACK .
 -------------------------------------------------
RCVD from 34 : Hello (length:20)
 -------------------------------------------------
crc  , ACK .
 -------------------------------------------------
RCVD from 34 : Hello (length:20)
 -------------------------------------------------
crc  , ACK .
 -------------------------------------------------
RCVD from 34 : Hello (length:20)
 -------------------------------------------------
crc  , ACK .
 -------------------------------------------------
RCVD from 34 : Hello (length:20)
 -------------------------------------------------
crc  , ACK .
 -------------------------------------------------
RCVD from 34 : Hello (length:20)
 -------------------------------------------------
crc  , ACK .
 -------------------------------------------------
RCVD from 34 : Hello (length:20)
 -------------------------------------------------
crc  , ACK .
 -------------------------------------------------
RCVD from 34 : Hello (length:20)
 -------------------------------------------------
crc  , ACK .
 -------------------------------------------------
RCVD from 34 : Hello (length:20)
 -------------------------------------------------
crc  , ACK .
 -------------------------------------------------
RCVD from 34 : Hello (length:20)
 -------------------------------------------------
crc  , ACK .
 -------------------------------------------------
RCVD from 34 : Hello (length:20)
 -------------------------------------------------
crc  .
 -------------------------------------------------
RCVD from 34 : A}t n (length:20)
 -------------------------------------------------
crc  .
 -------------------------------------------------
RCVD from 34 : Helm (length:20)
 -------------------------------------------------
crc  , ACK .
 -------------------------------------------------
RCVD from 34 : Hello (length:20)
 -------------------------------------------------
crc  .
 -------------------------------------------------
RCVD from 34 : n%llo (length:20)
 -------------------------------------------------
crc  .
 -------------------------------------------------
RCVD from 34 : Hello (length:20)
 -------------------------------------------------
crc  , ACK .
 -------------------------------------------------
RCVD from 34 : Hello (length:20)
 -------------------------------------------------
crc  .
 -------------------------------------------------
RCVD from 34 : HellM (length:20)
 -------------------------------------------------
crc  , ACK .
 -------------------------------------------------
RCVD from 34 : Hello (length:20)
 -------------------------------------------------
crc  , ACK .
 -------------------------------------------------
RCVD from 34 : Hello (length:20)
 -------------------------------------------------
crc  , ACK .
 -------------------------------------------------
RCVD from 34 : Hello (length:20)
 -------------------------------------------------
crc  , ACK .
 -------------------------------------------------
RCVD from 34 : Hello (length:20)
 -------------------------------------------------
crc  , ACK .
 -------------------------------------------------
RCVD from 34 : Hello (length:20)
 -------------------------------------------------
crc  , ACK .
 -------------------------------------------------
RCVD from 34 : Hello (length:20)
 -------------------------------------------------
crc  , ACK .
 -------------------------------------------------
RCVD from 34 : Hello (length:20)
 -------------------------------------------------
crc  , ACK .
 -------------------------------------------------
RCVD from 34 : Hello (length:20)
 -------------------------------------------------
crc  , ACK .
 -------------------------------------------------
RCVD from 34 : Hello (length:20)
 -------------------------------------------------
crc  .
 -------------------------------------------------
RCVD from 34 : Hel~ (length:20)
 -------------------------------------------------
crc  , ACK .
 -------------------------------------------------
RCVD from 34 : Hello (length:20)
 -------------------------------------------------
crc  , ACK .
 -------------------------------------------------
RCVD from 34 : Hello (length:20)
 -------------------------------------------------
crc  , ACK .
 -------------------------------------------------
RCVD from 34 : Hello (length:20)
 -------------------------------------------------
crc  , ACK .
 -------------------------------------------------
RCVD from 34 : Hello (length:20)
 -------------------------------------------------
crc  , ACK .
 -------------------------------------------------
RCVD from 34 : Hello (length:20)
 -------------------------------------------------
crc  , ACK .
 -------------------------------------------------
RCVD from 34 : Hello (length:20)
 -------------------------------------------------
crc  , ACK .
 -------------------------------------------------
RCVD from 34 : Hello (length:20)
 -------------------------------------------------
crc  , ACK .
 -------------------------------------------------
RCVD from 34 : Hello (length:20)
 -------------------------------------------------
crc  , ACK .
 -------------------------------------------------
RCVD from 34 : Hello (length:20)
 -------------------------------------------------
crc  , ACK .
 -------------------------------------------------
RCVD from 34 : Hello (length:20)
 -------------------------------------------------
crc  , ACK .
 -------------------------------------------------
RCVD from 34 : Hello (length:20)
 -------------------------------------------------
crc  , ACK .
 -------------------------------------------------
RCVD from 34 : Hello (length:20)
 -------------------------------------------------
crc  , ACK .
 -------------------------------------------------
RCVD from 34 : Hello (length:20)
 -------------------------------------------------
crc  , ACK .
 -------------------------------------------------
RCVD from 34 : Hello (length:20)
 -------------------------------------------------
crc  , ACK .
 -------------------------------------------------
RCVD from 34 : Hello (length:20)
 -------------------------------------------------
crc  , ACK .
 -------------------------------------------------
RCVD from 34 : Hello (length:20)
 -------------------------------------------------
crc  , ACK .
 -------------------------------------------------
RCVD from 34 : Hello (length:20)
 -------------------------------------------------
crc  , ACK .
 -------------------------------------------------
RCVD from 34 : Hello (length:20)
 -------------------------------------------------
crc  , ACK .
 -------------------------------------------------
RCVD from 34 : Hello (length:20)
 -------------------------------------------------
crc  , ACK .
 -------------------------------------------------
RCVD from 34 : Hello (length:20)
 -------------------------------------------------
crc  , ACK .
 -------------------------------------------------
RCVD from 34 : Hello (length:20)
 -------------------------------------------------
crc  .
 -------------------------------------------------
RCVD from 34 : Hell (length:20)
 -------------------------------------------------
crc  , ACK .
 -------------------------------------------------
RCVD from 34 : Hello (length:20)
 -------------------------------------------------
crc  , ACK .
 -------------------------------------------------
RCVD from 34 : Hello (length:20)
 -------------------------------------------------
crc  , ACK .
 -------------------------------------------------
RCVD from 34 : Hello (length:20)
 -------------------------------------------------
crc  , ACK .
 -------------------------------------------------
RCVD from 34 : Hello (length:20)
 -------------------------------------------------
crc  .
 -------------------------------------------------
RCVD from 34 : Helm (length:20)
 -------------------------------------------------
crc  .
 -------------------------------------------------
RCVD from 34 : HelZi (length:20)
 -------------------------------------------------
crc  , ACK .
 -------------------------------------------------
RCVD from 34 : Hello (length:20)
 -------------------------------------------------
crc  , ACK .
 -------------------------------------------------
RCVD from 34 : Hello (length:20)
 -------------------------------------------------
crc  , ACK .
 -------------------------------------------------
RCVD from 34 : Hello (length:20)
 -------------------------------------------------
crc  .
 -------------------------------------------------
RCVD from 34 : Helh (length:20)
 -------------------------------------------------
crc  , ACK .
 -------------------------------------------------
RCVD from 34 : Hello (length:20)
 -------------------------------------------------
crc  , ACK .
 -------------------------------------------------
RCVD from 34 : Hello (length:20)
 -------------------------------------------------
crc  .
 -------------------------------------------------
RCVD from 34 : H!h,o (length:20)
 -------------------------------------------------
crc  , ACK .
 -------------------------------------------------
RCVD from 34 : Hello (length:20)
 -------------------------------------------------
crc  , ACK .
 -------------------------------------------------
RCVD from 34 : Hello (length:20)
 -------------------------------------------------
crc  , ACK .
 -------------------------------------------------
RCVD from 34 : Hello (length:20)
 -------------------------------------------------
crc  , ACK .
 -------------------------------------------------
RCVD from 34 : Hello (length:20)
 -------------------------------------------------
crc  , ACK .
 -------------------------------------------------
RCVD from 34 : Hello (length:20)
 -------------------------------------------------
crc  , ACK .
 -------------------------------------------------
RCVD from 34 : Hello (length:20)
 -------------------------------------------------
crc  , ACK .
 -------------------------------------------------
RCVD from 34 : Hello (length:20)
 -------------------------------------------------
crc  , ACK .
 -------------------------------------------------
RCVD from 34 : Hello (length:20)
 -------------------------------------------------
crc  , ACK .
 -------------------------------------------------
RCVD from 34 : Hello (length:20)
 -------------------------------------------------
crc  , ACK .
 -------------------------------------------------
RCVD from 34 : Hello (length:20)
 -------------------------------------------------
crc  , ACK .
 -------------------------------------------------
RCVD from 34 : Hello (length:20)
 -------------------------------------------------
crc  , ACK .
 -------------------------------------------------
RCVD from 34 : Hello (length:20)
 -------------------------------------------------
crc  , ACK .
 -------------------------------------------------
RCVD from 34 : Hello (length:20)
 -------------------------------------------------
crc  , ACK .
 -------------------------------------------------
RCVD from 34 : Hello (length:20)
 -------------------------------------------------
crc  , ACK .
 -------------------------------------------------
RCVD from 34 : Hello (length:20)
 -------------------------------------------------
crc  , ACK .
 -------------------------------------------------
RCVD from 34 : Hello (length:20)
 -------------------------------------------------
crc  , ACK .
 -------------------------------------------------
RCVD from 34 : Hello (length:20)
 -------------------------------------------------
crc  , ACK .
 -------------------------------------------------
RCVD from 34 : Hello (length:20)
 -------------------------------------------------
crc  , ACK .
 -------------------------------------------------
RCVD from 34 : Hello (length:20)
 -------------------------------------------------
crc  , ACK .
 -------------------------------------------------
RCVD from 34 : Hello (length:20)
 -------------------------------------------------
crc  , ACK .
 -------------------------------------------------
RCVD from 34 : Hello (length:20)
 -------------------------------------------------
crc  , ACK .
 -------------------------------------------------
RCVD from 34 : Hello (length:20)
 -------------------------------------------------
crc  , ACK .
 -------------------------------------------------
RCVD from 34 : Hello (length:20)
 -------------------------------------------------
crc  , ACK .
 -------------------------------------------------
RCVD from 34 : Hello (length:20)
 -------------------------------------------------
crc  , ACK .
 -------------------------------------------------
RCVD from 34 : Hello (length:20)
 -------------------------------------------------
crc  , ACK .
 -------------------------------------------------
RCVD from 34 : Hello (length:20)
 -------------------------------------------------
crc  , ACK .
 -------------------------------------------------
RCVD from 34 : Hello (length:20)
 -------------------------------------------------
crc  , ACK .
 -------------------------------------------------
RCVD from 34 : Hello (length:20)
 -------------------------------------------------
crc  , ACK .
 -------------------------------------------------
RCVD from 34 : Hello (length:20)
 -------------------------------------------------
crc  , ACK .
 -------------------------------------------------
RCVD from 34 : Hello (length:20)
 -------------------------------------------------
crc  , ACK .
 -------------------------------------------------
RCVD from 34 : Hello (length:20)
 -------------------------------------------------
crc  , ACK .
 -------------------------------------------------
RCVD from 34 : Hello (length:20)
 -------------------------------------------------
crc  , ACK .
 -------------------------------------------------
RCVD from 34 : Hello (length:20)
 -------------------------------------------------
Total Rcvd: 105, CRC error: 11
Average RSSI: -124
Total ACK Send: 105
power: 14, DR: 10
crc  , ACK .
 -------------------------------------------------
RCVD from 34 : Hello (length:20)
 -------------------------------------------------
Total Rcvd: 106, CRC error: 11
Average RSSI: -124
Total ACK Send: 106
power: 14, DR: 10
crc  , ACK .
 -------------------------------------------------
RCVD from 34 : Hello (length:20)
 -------------------------------------------------
Total Rcvd: 107, CRC error: 11
Average RSSI: -124
Total ACK Send: 107
power: 14, DR: 10
crc  , ACK .
 -------------------------------------------------
RCVD from 34 : Hello (length:20)
 -------------------------------------------------
Total Rcvd: 108, CRC error: 11
Average RSSI: -124
Total ACK Send: 108
power: 14, DR: 10
------------------ ARQ protocol starts! --------------------------
endnode : 12, dest : 34
>>>>> HAL OnTxDone Function
>>>>> HAL OnTxTimeout
>>>>> HAL OnRxError
>>>>> HAL OnRxTimeout

   Initializing Radio Interrupt handlers 
crc  , ACK .
 -------------------------------------------------
RCVD from 34 : Hello (length:20)
 -------------------------------------------------
crc  , ACK .
 -------------------------------------------------
RCVD from 34 : Hello (length:20)
 -------------------------------------------------
crc  , ACK .
 -------------------------------------------------
RCVD from 34 : Hello (length:20)
 -------------------------------------------------
crc  , ACK .
 -------------------------------------------------
RCVD from 34 : Hello (length:20)
 -------------------------------------------------
crc  , ACK .
 -------------------------------------------------
RCVD from 34 : Hello (length:20)
 -------------------------------------------------
crc  , ACK .
 -------------------------------------------------
RCVD from 34 : Hello (length:20)
 -------------------------------------------------
crc  , ACK .
 -------------------------------------------------
RCVD from 34 : Hello (length:20)
 -------------------------------------------------
crc  , ACK .
 -------------------------------------------------
RCVD from 34 : Hello (length:20)
 -------------------------------------------------
crc  , ACK .
 -------------------------------------------------
RCVD from 34 : Hello (length:20)
 -------------------------------------------------
crc  , ACK .
 -------------------------------------------------
RCVD from 34 : Hello (length:20)
 -------------------------------------------------
crc  , ACK .
 -------------------------------------------------
RCVD from 34 : Hello (length:20)
 -------------------------------------------------
crc  , ACK .
 -------------------------------------------------
RCVD from 34 : Hello (length:20)
 -------------------------------------------------
crc  , ACK .
 -------------------------------------------------
RCVD from 34 : Hello (length:20)
 -------------------------------------------------
crc  , ACK .
 -------------------------------------------------
RCVD from 34 : Hello (length:20)
 -------------------------------------------------
crc  , ACK .
 -------------------------------------------------
RCVD from 34 : Hello (length:20)
 -------------------------------------------------
crc  , ACK .
 -------------------------------------------------
RCVD from 34 : Hello (length:20)
 -------------------------------------------------
crc  , ACK .
 -------------------------------------------------
RCVD from 34 : Hello (length:20)
 -------------------------------------------------
crc  , ACK .
 -------------------------------------------------
RCVD from 34 : Hello (length:20)
 -------------------------------------------------
crc  , ACK .
 -------------------------------------------------
RCVD from 34 : Hello (length:20)
 -------------------------------------------------
crc  , ACK .
 -------------------------------------------------
RCVD from 34 : Hello (length:20)
 -------------------------------------------------
crc  , ACK .
 -------------------------------------------------
RCVD from 34 : Hello (length:20)
 -------------------------------------------------
crc  , ACK .
 -------------------------------------------------
RCVD from 34 : Hello (length:20)
 -------------------------------------------------
crc  , ACK .
 -------------------------------------------------
RCVD from 34 : Hello (length:20)
 -------------------------------------------------
crc  , ACK .
 -------------------------------------------------
RCVD from 34 : Hello (length:20)
 -------------------------------------------------
crc  , ACK .
 -------------------------------------------------
RCVD from 34 : Hello (length:20)
 -------------------------------------------------
crc  , ACK .
 -------------------------------------------------
RCVD from 34 : Hello (length:20)
 -------------------------------------------------
crc  , ACK .
 -------------------------------------------------
RCVD from 34 : Hello (length:20)
 -------------------------------------------------
crc  , ACK .
 -------------------------------------------------
RCVD from 34 : Hello (length:20)
 -------------------------------------------------
crc  , ACK .
 -------------------------------------------------
RCVD from 34 : Hello (length:20)
 -------------------------------------------------
crc  , ACK .
 -------------------------------------------------
RCVD from 34 : Hello (length:20)
 -------------------------------------------------
crc  , ACK .
 -------------------------------------------------
RCVD from 34 : Hello (length:20)
 -------------------------------------------------
crc  , ACK .
 -------------------------------------------------
RCVD from 34 : Hello (length:20)
 -------------------------------------------------
crc  , ACK .
 -------------------------------------------------
RCVD from 34 : Hello (length:20)
 -------------------------------------------------
crc  , ACK .
 -------------------------------------------------
RCVD from 34 : Hello (length:20)
 -------------------------------------------------
crc  , ACK .
 -------------------------------------------------
RCVD from 34 : Hello (length:20)
 -------------------------------------------------
crc  .
 -------------------------------------------------
RCVD from 34 : Hej,o (length:20)
 -------------------------------------------------
crc  , ACK .
 -------------------------------------------------
RCVD from 34 : Hello (length:20)
 -------------------------------------------------
crc  , ACK .
 -------------------------------------------------
RCVD from 34 : Hello (length:20)
 -------------------------------------------------
crc  , ACK .
 -------------------------------------------------
RCVD from 34 : Hello (length:20)
 -------------------------------------------------
crc  , ACK .
 -------------------------------------------------
RCVD from 34 : Hello (length:20)
 -------------------------------------------------
crc  , ACK .
 -------------------------------------------------
RCVD from 34 : Hello (length:20)
 -------------------------------------------------
crc  , ACK .
 -------------------------------------------------
RCVD from 34 : Hello (length:20)
 -------------------------------------------------
crc  , ACK .
 -------------------------------------------------
RCVD from 34 : Hello (length:20)
 -------------------------------------------------
crc  , ACK .
 -------------------------------------------------
RCVD from 34 : Hello (length:20)
 -------------------------------------------------
crc  , ACK .
 -------------------------------------------------
RCVD from 34 : Hello (length:20)
 -------------------------------------------------
crc  , ACK .
 -------------------------------------------------
RCVD from 34 : Hello (length:20)
 -------------------------------------------------
crc  , ACK .
 -------------------------------------------------
RCVD from 34 : Hello (length:20)
 -------------------------------------------------
crc  , ACK .
 -------------------------------------------------
RCVD from 34 : Hello (length:20)
 -------------------------------------------------
crc  , ACK .
 -------------------------------------------------
RCVD from 34 : Hello (length:20)
 -------------------------------------------------
crc  , ACK .
 -------------------------------------------------
RCVD from 34 : Hello (length:20)
 -------------------------------------------------
crc  , ACK .
 -------------------------------------------------
RCVD from 34 : Hello (length:20)
 -------------------------------------------------
crc  , ACK .
 -------------------------------------------------
RCVD from 34 : Hello (length:20)
 -------------------------------------------------
crc  , ACK .
 -------------------------------------------------
RCVD from 34 : Hello (length:20)
 -------------------------------------------------
crc  , ACK .
 -------------------------------------------------
RCVD from 34 : Hello (length:20)
 -------------------------------------------------
crc  , ACK .
 -------------------------------------------------
RCVD from 34 : Hello (length:20)
 -------------------------------------------------
crc  , ACK .
 -------------------------------------------------
RCVD from 34 : Hello (length:20)
 -------------------------------------------------
crc  , ACK .
 -------------------------------------------------
RCVD from 34 : Hello (length:20)
 -------------------------------------------------
crc  , ACK .
 -------------------------------------------------
RCVD from 34 : Hello (length:20)
 -------------------------------------------------
crc  , ACK .
 -------------------------------------------------
RCVD from 34 : Hello (length:20)
 -------------------------------------------------
crc  , ACK .
 -------------------------------------------------
RCVD from 34 : Hello (length:20)
 -------------------------------------------------
crc  , ACK .
 -------------------------------------------------
RCVD from 34 : Hello (length:20)
 -------------------------------------------------
crc  , ACK .
 -------------------------------------------------
RCVD from 34 : Hello (length:20)
 -------------------------------------------------
crc  , ACK .
 -------------------------------------------------
RCVD from 34 : Hello (length:20)
 -------------------------------------------------
crc  , ACK .
 -------------------------------------------------
RCVD from 34 : Hello (length:20)
 -------------------------------------------------
crc  , ACK .
 -------------------------------------------------
RCVD from 34 : Hello (length:20)
 -------------------------------------------------
crc  , ACK .
 -------------------------------------------------
RCVD from 34 : Hello (length:20)
 -------------------------------------------------
crc  , ACK .
 -------------------------------------------------
RCVD from 34 : Hello (length:20)
 -------------------------------------------------
crc  , ACK .
 -------------------------------------------------
RCVD from 34 : Hello (length:20)
 -------------------------------------------------
crc  , ACK .
 -------------------------------------------------
RCVD from 34 : Hello (length:20)
 -------------------------------------------------
crc  , ACK .
 -------------------------------------------------
RCVD from 34 : Hello (length:20)
 -------------------------------------------------
crc  , ACK .
 -------------------------------------------------
RCVD from 34 : Hello (length:20)
 -------------------------------------------------
crc  , ACK .
 -------------------------------------------------
RCVD from 34 : Hello (length:20)
 -------------------------------------------------
crc  , ACK .
 -------------------------------------------------
RCVD from 34 : Hello (length:20)
 -------------------------------------------------
crc  , ACK .
 -------------------------------------------------
RCVD from 34 : Hello (length:20)
 -------------------------------------------------
crc  , ACK .
 -------------------------------------------------
RCVD from 34 : Hello (length:20)
 -------------------------------------------------
crc  , ACK .
 -------------------------------------------------
RCVD from 34 : Hello (length:20)
 -------------------------------------------------
crc  , ACK .
 -------------------------------------------------
RCVD from 34 : Hello (length:20)
 -------------------------------------------------
crc  , ACK .
 -------------------------------------------------
RCVD from 34 : Hello (length:20)
 -------------------------------------------------
crc  , ACK .
 -------------------------------------------------
RCVD from 34 : Hello (length:20)
 -------------------------------------------------
crc  , ACK .
 -------------------------------------------------
RCVD from 34 : Hello (length:20)
 -------------------------------------------------
crc  , ACK .
 -------------------------------------------------
RCVD from 34 : Hello (length:20)
 -------------------------------------------------
crc  , ACK .
 -------------------------------------------------
RCVD from 34 : Hello (length:20)
 -------------------------------------------------
crc  , ACK .
 -------------------------------------------------
RCVD from 34 : Hello (length:20)
 -------------------------------------------------
crc  , ACK .
 -------------------------------------------------
RCVD from 34 : Hello (length:20)
 -------------------------------------------------
crc  , ACK .
 -------------------------------------------------
RCVD from 34 : Hello (length:20)
 -------------------------------------------------
crc  , ACK .
 -------------------------------------------------
RCVD from 34 : Hello (length:20)
 -------------------------------------------------
crc  , ACK .
 -------------------------------------------------
RCVD from 34 : Hello (length:20)
 -------------------------------------------------
crc  , ACK .
 -------------------------------------------------
RCVD from 34 : Hello (length:20)
 -------------------------------------------------
crc  , ACK .
 -------------------------------------------------
RCVD from 34 : Hello (length:20)
 -------------------------------------------------
crc  , ACK .
 -------------------------------------------------
RCVD from 34 : Hello (length:20)
 -------------------------------------------------
crc  , ACK .
 -------------------------------------------------
RCVD from 34 : Hello (length:20)
 -------------------------------------------------
crc  , ACK .
 -------------------------------------------------
RCVD from 34 : Hello (length:20)
 -------------------------------------------------
crc  , ACK .
 -------------------------------------------------
RCVD from 34 : Hello (length:20)
 -------------------------------------------------
crc  , ACK .
 -------------------------------------------------
RCVD from 34 : Hello (length:20)
 -------------------------------------------------
crc  , ACK .
 -------------------------------------------------
RCVD from 34 : Hello (length:20)
 -------------------------------------------------
crc  .
 -------------------------------------------------
RCVD from 34 : HeLlo (length:20)
 -------------------------------------------------
crc  , ACK .
 -------------------------------------------------
RCVD from 34 : Hello (length:20)
 -------------------------------------------------
crc  , ACK .
 -------------------------------------------------
RCVD from 34 : Hello (length:20)
 -------------------------------------------------
crc  , ACK .
 -------------------------------------------------
RCVD from 34 : Hello (length:20)
 -------------------------------------------------
crc  , ACK .
 -------------------------------------------------
RCVD from 34 : Hello (length:20)
 -------------------------------------------------
crc  , ACK .
 -------------------------------------------------
RCVD from 34 : Hello (length:20)
 -------------------------------------------------
crc  , ACK .
 -------------------------------------------------
RCVD from 34 : Hello (length:20)
 -------------------------------------------------
crc  , ACK .
 -------------------------------------------------
RCVD from 34 : Hello (length:20)
 -------------------------------------------------
crc  , ACK .
 -------------------------------------------------
RCVD from 34 : Hello (length:20)
 -------------------------------------------------
crc  , ACK .
 -------------------------------------------------
RCVD from 34 : Hello (length:20)
 -------------------------------------------------
Total Rcvd: 105, CRC error: 2
Average RSSI: -121
Total ACK Send: 105
power: 14, DR: 10
crc  , ACK .
 -------------------------------------------------
RCVD from 34 : Hello (length:20)
 -------------------------------------------------
Total Rcvd: 106, CRC error: 2
Average RSSI: -121
Total ACK Send: 106
power: 14, DR: 10
------------------ ARQ protocol starts! --------------------------
endnode : 12, dest : 34
>>>>> HAL OnTxDone Function
>>>>> HAL OnTxTimeout
>>>>> HAL OnRxError
>>>>> HAL OnRxTimeout

   Initializing Radio Interrupt handlers 
crc  , ACK .
 -------------------------------------------------
RCVD from 34 : Hello (length:20)
 -------------------------------------------------
crc  , ACK .
 -------------------------------------------------
RCVD from 34 : Hello (length:20)
 -------------------------------------------------
crc  , ACK .
 -------------------------------------------------
RCVD from 34 : Hello (length:20)
 -------------------------------------------------
crc  , ACK .
 -------------------------------------------------
RCVD from 34 : Hello (length:20)
 -------------------------------------------------
crc  , ACK .
 -------------------------------------------------
RCVD from 34 : Hello (length:20)
 -------------------------------------------------
crc  , ACK .
 -------------------------------------------------
RCVD from 34 : Hello (length:20)
 -------------------------------------------------
crc  , ACK .
 -------------------------------------------------
RCVD from 34 : Hello (length:20)
 -------------------------------------------------
crc  , ACK .
 -------------------------------------------------
RCVD from 34 : Hello (length:20)
 -------------------------------------------------
crc  , ACK .
 -------------------------------------------------
RCVD from 34 : Hello (length:20)
 -------------------------------------------------
crc  , ACK .
 -------------------------------------------------
RCVD from 34 : Hello (length:20)
 -------------------------------------------------
crc  , ACK .
 -------------------------------------------------
RCVD from 34 : Hello (length:20)
 -------------------------------------------------
crc  , ACK .
 -------------------------------------------------
RCVD from 34 : Hello (length:20)
 -------------------------------------------------
crc  , ACK .
 -------------------------------------------------
RCVD from 34 : Hello (length:20)
 -------------------------------------------------
crc  , ACK .
 -------------------------------------------------
RCVD from 34 : Hello (length:20)
 -------------------------------------------------
crc  .
 -------------------------------------------------
RCVD from 34 : HelnO (length:20)
 -------------------------------------------------
crc  , ACK .
 -------------------------------------------------
RCVD from 34 : Hello (length:20)
 -------------------------------------------------
crc  , ACK .
 -------------------------------------------------
RCVD from 34 : Hello (length:20)
 -------------------------------------------------
crc  , ACK .
 -------------------------------------------------
RCVD from 34 : Hello (length:20)
 -------------------------------------------------
crc  , ACK .
 -------------------------------------------------
RCVD from 34 : Hello (length:20)
 -------------------------------------------------
crc  , ACK .
 -------------------------------------------------
RCVD from 34 : Hello (length:20)
 -------------------------------------------------
crc  , ACK .
 -------------------------------------------------
RCVD from 34 : Hello (length:20)
 -------------------------------------------------
crc  , ACK .
 -------------------------------------------------
RCVD from 34 : Hello (length:20)
 -------------------------------------------------
crc  , ACK .
 -------------------------------------------------
RCVD from 34 : Hello (length:20)
 -------------------------------------------------
crc  , ACK .
 -------------------------------------------------
RCVD from 34 : Hello (length:20)
 -------------------------------------------------
crc  , ACK .
 -------------------------------------------------
RCVD from 34 : Hello (length:20)
 -------------------------------------------------
crc  , ACK .
 -------------------------------------------------
RCVD from 34 : Hello (length:20)
 -------------------------------------------------
crc  , ACK .
 -------------------------------------------------
RCVD from 34 : Hello (length:20)
 -------------------------------------------------
crc  , ACK .
 -------------------------------------------------
RCVD from 34 : Hello (length:20)
 -------------------------------------------------
crc  , ACK .
 -------------------------------------------------
RCVD from 34 : Hello (length:20)
 -------------------------------------------------
crc  , ACK .
 -------------------------------------------------
RCVD from 34 : Hello (length:20)
 -------------------------------------------------
crc  , ACK .
 -------------------------------------------------
RCVD from 34 : Hello (length:20)
 -------------------------------------------------
crc  , ACK .
 -------------------------------------------------
RCVD from 34 : Hello (length:20)
 -------------------------------------------------
crc  , ACK .
 -------------------------------------------------
RCVD from 34 : Hello (length:20)
 -------------------------------------------------
crc  , ACK .
 -------------------------------------------------
RCVD from 34 : Hello (length:20)
 -------------------------------------------------
crc  , ACK .
 -------------------------------------------------
RCVD from 34 : Hello (length:20)
 -------------------------------------------------
crc  , ACK .
 -------------------------------------------------
RCVD from 34 : Hello (length:20)
 -------------------------------------------------
crc  .
 -------------------------------------------------
RCVD from 34 : Helmn (length:20)
 -------------------------------------------------
crc  , ACK .
 -------------------------------------------------
RCVD from 34 : Hello (length:20)
 -------------------------------------------------
crc  , ACK .
 -------------------------------------------------
RCVD from 34 : Hello (length:20)
 -------------------------------------------------
crc  , ACK .
 -------------------------------------------------
RCVD from 34 : Hello (length:20)
 -------------------------------------------------
crc  .
 -------------------------------------------------
RCVD from 34 : jElh/ (length:20)
 -------------------------------------------------
crc  , ACK .
 -------------------------------------------------
RCVD from 34 : Hello (length:20)
 -------------------------------------------------
crc  , ACK .
 -------------------------------------------------
RCVD from 34 : Hello (length:20)
 -------------------------------------------------
crc  , ACK .
 -------------------------------------------------
RCVD from 34 : Hello (length:20)
 -------------------------------------------------
crc  , ACK .
 -------------------------------------------------
RCVD from 34 : Hello (length:20)
 -------------------------------------------------
crc  , ACK .
 -------------------------------------------------
RCVD from 34 : Hello (length:20)
 -------------------------------------------------
crc  , ACK .
 -------------------------------------------------
RCVD from 34 : Hello (length:20)
 -------------------------------------------------
crc  , ACK .
 -------------------------------------------------
RCVD from 34 : Hello (length:20)
 -------------------------------------------------
crc  , ACK .
 -------------------------------------------------
RCVD from 34 : Hello (length:20)
 -------------------------------------------------
crc  , ACK .
 -------------------------------------------------
RCVD from 34 : Hello (length:20)
 -------------------------------------------------
crc  , ACK .
 -------------------------------------------------
RCVD from 34 : Hello (length:20)
 -------------------------------------------------
crc  , ACK .
 -------------------------------------------------
RCVD from 34 : Hello (length:20)
 -------------------------------------------------
crc  , ACK .
 -------------------------------------------------
RCVD from 34 : Hello (length:20)
 -------------------------------------------------
crc  , ACK .
 -------------------------------------------------
RCVD from 34 : Hello (length:20)
 -------------------------------------------------
crc  , ACK .
 -------------------------------------------------
RCVD from 34 : Hello (length:20)
 -------------------------------------------------
crc  , ACK .
 -------------------------------------------------
RCVD from 34 : Hello (length:20)
 -------------------------------------------------
crc  , ACK .
 -------------------------------------------------
RCVD from 34 : Hello (length:20)
 -------------------------------------------------
crc  , ACK .
 -------------------------------------------------
RCVD from 34 : Hello (length:20)
 -------------------------------------------------
crc  , ACK .
 -------------------------------------------------
RCVD from 34 : Hello (length:20)
 -------------------------------------------------
crc  , ACK .
 -------------------------------------------------
RCVD from 34 : Hello (length:20)
 -------------------------------------------------
crc  , ACK .
 -------------------------------------------------
RCVD from 34 : Hello (length:20)
 -------------------------------------------------
crc  , ACK .
 -------------------------------------------------
RCVD from 34 : Hello (length:20)
 -------------------------------------------------
crc  , ACK .
 -------------------------------------------------
RCVD from 34 : Hello (length:20)
 -------------------------------------------------
crc  , ACK .
 -------------------------------------------------
RCVD from 34 : Hello (length:20)
 -------------------------------------------------
crc  , ACK .
 -------------------------------------------------
RCVD from 34 : Hello (length:20)
 -------------------------------------------------
crc  .
 -------------------------------------------------
RCVD from 34 : Hellm (length:20)
 -------------------------------------------------
crc  , ACK .
 -------------------------------------------------
RCVD from 34 : Hello (length:20)
 -------------------------------------------------
crc  , ACK .
 -------------------------------------------------
RCVD from 34 : Hello (length:20)
 -------------------------------------------------
crc  , ACK .
 -------------------------------------------------
RCVD from 34 : Hello (length:20)
 -------------------------------------------------
crc  , ACK .
 -------------------------------------------------
RCVD from 34 : Hello (length:20)
 -------------------------------------------------
crc  , ACK .
 -------------------------------------------------
RCVD from 34 : Hello (length:20)
 -------------------------------------------------
crc  , ACK .
 -------------------------------------------------
RCVD from 34 : Hello (length:20)
 -------------------------------------------------
crc  , ACK .
 -------------------------------------------------
RCVD from 34 : Hello (length:20)
 -------------------------------------------------
crc  , ACK .
 -------------------------------------------------
RCVD from 34 : Hello (length:20)
 -------------------------------------------------
crc  , ACK .
 -------------------------------------------------
RCVD from 34 : Hello (length:20)
 -------------------------------------------------
crc  , ACK .
 -------------------------------------------------
RCVD from 34 : Hello (length:20)
 -------------------------------------------------
crc  , ACK .
 -------------------------------------------------
RCVD from 34 : Hello (length:20)
 -------------------------------------------------
crc  .
 -------------------------------------------------
RCVD from 34 : Hal,o (length:20)
 -------------------------------------------------
crc  , ACK .
 -------------------------------------------------
RCVD from 34 : Hello (length:20)
 -------------------------------------------------
crc  , ACK .
 -------------------------------------------------
RCVD from 34 : Hello (length:20)
 -------------------------------------------------
crc  , ACK .
 -------------------------------------------------
RCVD from 34 : Hello (length:20)
 -------------------------------------------------
crc  , ACK .
 -------------------------------------------------
RCVD from 34 : Hello (length:20)
 -------------------------------------------------
crc  , ACK .
 -------------------------------------------------
RCVD from 34 : Hello (length:20)
 -------------------------------------------------
crc  , ACK .
 -------------------------------------------------
RCVD from 34 : Hello (length:20)
 -------------------------------------------------
crc  , ACK .
 -------------------------------------------------
RCVD from 34 : Hello (length:20)
 -------------------------------------------------
crc  , ACK .
 -------------------------------------------------
RCVD from 34 : Hello (length:20)
 -------------------------------------------------
crc  , ACK .
 -------------------------------------------------
RCVD from 34 : Hello (length:20)
 -------------------------------------------------
crc  , ACK .
 -------------------------------------------------
RCVD from 34 : Hello (length:20)
 -------------------------------------------------
crc  , ACK .
 -------------------------------------------------
RCVD from 34 : Hello (length:20)
 -------------------------------------------------
crc  , ACK .
 -------------------------------------------------
RCVD from 34 : Hello (length:20)
 -------------------------------------------------
crc  , ACK .
 -------------------------------------------------
RCVD from 34 : Hello (length:20)
 -------------------------------------------------
crc  , ACK .
 -------------------------------------------------
RCVD from 34 : Hello (length:20)
 -------------------------------------------------
crc  , ACK .
 -------------------------------------------------
RCVD from 34 : Hello (length:20)
 -------------------------------------------------
crc  , ACK .
 -------------------------------------------------
RCVD from 34 : Hello (length:20)
 -------------------------------------------------
crc  , ACK .
 -------------------------------------------------
RCVD from 34 : Hello (length:20)
 -------------------------------------------------
crc  , ACK .
 -------------------------------------------------
RCVD from 34 : Hello (length:20)
 -------------------------------------------------
crc  , ACK .
 -------------------------------------------------
RCVD from 34 : Hello (length:20)
 -------------------------------------------------
crc  , ACK .
 -------------------------------------------------
RCVD from 34 : Hello (length:20)
 -------------------------------------------------
crc  , ACK .
 -------------------------------------------------
RCVD from 34 : Hello (length:20)
 -------------------------------------------------
crc  .
 -------------------------------------------------
RCVD from 34 : Hello (length:20)
 -------------------------------------------------
crc  , ACK .
 -------------------------------------------------
RCVD from 34 : Hello (length:20)
 -------------------------------------------------
crc  , ACK .
 -------------------------------------------------
RCVD from 34 : Hello (length:20)
 -------------------------------------------------
crc  , ACK .
 -------------------------------------------------
RCVD from 34 : Hello (length:20)
 -------------------------------------------------
crc  , ACK .
 -------------------------------------------------
RCVD from 34 : Hello (length:20)
 -------------------------------------------------
crc  , ACK .
 -------------------------------------------------
RCVD from 34 : Hello (length:20)
 -------------------------------------------------
Total Rcvd: 105, CRC error: 6
Average RSSI: -122
Total ACK Send: 105
power: 14, DR: 10
crc  , ACK .
 -------------------------------------------------
RCVD from 34 : Hello (length:20)
 -------------------------------------------------
Total Rcvd: 106, CRC error: 6
Average RSSI: -122
Total ACK Send: 106
power: 14, DR: 10
------------------ ARQ protocol starts! --------------------------
endnode : 12, dest : 34
>>>>> HAL OnTxDone Function
>>>>> HAL OnTxTimeout
>>>>> HAL OnRxError
>>>>> HAL OnRxTimeout

   Initializing Radio Interrupt handlers 
crc  , ACK .
 -------------------------------------------------
RCVD from 34 : Hello (length:20)
 -------------------------------------------------
crc  .
 -------------------------------------------------
RCVD from 34 : Helo_ (length:20)
 -------------------------------------------------
crc  , ACK .
 -------------------------------------------------
RCVD from 34 : Hello (length:20)
 -------------------------------------------------
crc  , ACK .
 -------------------------------------------------
RCVD from 34 : Hello (length:20)
 -------------------------------------------------
crc  , ACK .
 -------------------------------------------------
RCVD from 34 : Hello (length:20)
 -------------------------------------------------
crc  , ACK .
 -------------------------------------------------
RCVD from 34 : Hello (length:20)
 -------------------------------------------------
crc  , ACK .
 -------------------------------------------------
RCVD from 34 : Hello (length:20)
 -------------------------------------------------
crc  , ACK .
 -------------------------------------------------
RCVD from 34 : Hello (length:20)
 -------------------------------------------------
crc  , ACK .
 -------------------------------------------------
RCVD from 34 : Hello (length:20)
 -------------------------------------------------
crc  , ACK .
 -------------------------------------------------
RCVD from 34 : Hello (length:20)
 -------------------------------------------------
crc  , ACK .
 -------------------------------------------------
RCVD from 34 : Hello (length:20)
 -------------------------------------------------
crc  , ACK .
 -------------------------------------------------
RCVD from 34 : Hello (length:20)
 -------------------------------------------------
crc  .
 -------------------------------------------------
RCVD from 34 : Htllo (length:20)
 -------------------------------------------------
crc  , ACK .
 -------------------------------------------------
RCVD from 34 : Hello (length:20)
 -------------------------------------------------
crc  , ACK .
 -------------------------------------------------
RCVD from 34 : Hello (length:20)
 -------------------------------------------------
crc  , ACK .
 -------------------------------------------------
RCVD from 34 : Hello (length:20)
 -------------------------------------------------
crc  , ACK .
 -------------------------------------------------
RCVD from 34 : Hello (length:20)
 -------------------------------------------------
crc  , ACK .
 -------------------------------------------------
RCVD from 34 : Hello (length:20)
 -------------------------------------------------
crc  .
 -------------------------------------------------
RCVD from 34 : Helln (length:20)
 -------------------------------------------------
crc  , ACK .
 -------------------------------------------------
RCVD from 34 : Hello (length:20)
 -------------------------------------------------
crc  , ACK .
 -------------------------------------------------
RCVD from 34 : Hello (length:20)
 -------------------------------------------------
crc  , ACK .
 -------------------------------------------------
RCVD from 34 : Hello (length:20)
 -------------------------------------------------
crc  , ACK .
 -------------------------------------------------
RCVD from 34 : Hello (length:20)
 -------------------------------------------------
crc  .
 -------------------------------------------------
RCVD from 34 : llo (length:20)
 -------------------------------------------------
crc  .
 -------------------------------------------------
RCVD from 34 : Hello (length:20)
 -------------------------------------------------
crc  .
 -------------------------------------------------
RCVD from 34 : He#I (length:20)
 -------------------------------------------------
crc  .
 -------------------------------------------------
RCVD from 34 : Helo\ (length:20)
 -------------------------------------------------
crc  , ACK .
 -------------------------------------------------
RCVD from 34 : Hello (length:20)
 -------------------------------------------------
crc  , ACK .
 -------------------------------------------------
RCVD from 34 : Hello (length:20)
 -------------------------------------------------
crc  , ACK .
 -------------------------------------------------
RCVD from 34 : Hello (length:20)
 -------------------------------------------------
crc  , ACK .
 -------------------------------------------------
RCVD from 34 : Hello (length:20)
 -------------------------------------------------
crc  , ACK .
 -------------------------------------------------
RCVD from 34 : Hello (length:20)
 -------------------------------------------------
crc  , ACK .
 -------------------------------------------------
RCVD from 34 : Hello (length:20)
 -------------------------------------------------
crc  .
 -------------------------------------------------
RCVD from 34 : Helm (length:20)
 -------------------------------------------------
crc  .
 -------------------------------------------------
RCVD from 34 : Hel|o (length:20)
 -------------------------------------------------
crc  , ACK .
 -------------------------------------------------
RCVD from 34 : Hello (length:20)
 -------------------------------------------------
crc  , ACK .
 -------------------------------------------------
RCVD from 34 : Hello (length:20)
 -------------------------------------------------
crc  , ACK .
 -------------------------------------------------
RCVD from 34 : Hello (length:20)
 -------------------------------------------------
crc  , ACK .
 -------------------------------------------------
RCVD from 34 : Hello (length:20)
 -------------------------------------------------
crc  , ACK .
 -------------------------------------------------
RCVD from 34 : Hello (length:20)
 -------------------------------------------------
crc  , ACK .
 -------------------------------------------------
RCVD from 34 : Hello (length:20)
 -------------------------------------------------
crc  , ACK .
 -------------------------------------------------
RCVD from 34 : Hello (length:20)
 -------------------------------------------------
crc  , ACK .
 -------------------------------------------------
RCVD from 34 : Hello (length:20)
 -------------------------------------------------
crc  , ACK .
 -------------------------------------------------
RCVD from 34 : Hello (length:20)
 -------------------------------------------------
crc  , ACK .
 -------------------------------------------------
RCVD from 34 : Hello (length:20)
 -------------------------------------------------
crc  , ACK .
 -------------------------------------------------
RCVD from 34 : Hello (length:20)
 -------------------------------------------------
crc  , ACK .
 -------------------------------------------------
RCVD from 34 : Hello (length:20)
 -------------------------------------------------
crc  , ACK .
 -------------------------------------------------
RCVD from 34 : Hello (length:20)
 -------------------------------------------------
crc  , ACK .
 -------------------------------------------------
RCVD from 34 : Hello (length:20)
 -------------------------------------------------
crc  , ACK .
 -------------------------------------------------
RCVD from 34 : Hello (length:20)
 -------------------------------------------------
crc  , ACK .
 -------------------------------------------------
RCVD from 34 : Hello (length:20)
 -------------------------------------------------
crc  , ACK .
 -------------------------------------------------
RCVD from 34 : Hello (length:20)
 -------------------------------------------------
crc  , ACK .
 -------------------------------------------------
RCVD from 34 : Hello (length:20)
 -------------------------------------------------
crc  , ACK .
 -------------------------------------------------
RCVD from 34 : Hello (length:20)
 -------------------------------------------------
crc  , ACK .
 -------------------------------------------------
RCVD from 34 : Hello (length:20)
 -------------------------------------------------
crc  , ACK .
 -------------------------------------------------
RCVD from 34 : Hello (length:20)
 -------------------------------------------------
crc  , ACK .
 -------------------------------------------------
RCVD from 34 : Hello (length:20)
 -------------------------------------------------
crc  , ACK .
 -------------------------------------------------
RCVD from 34 : Hello (length:20)
 -------------------------------------------------
crc  , ACK .
 -------------------------------------------------
RCVD from 34 : Hello (length:20)
 -------------------------------------------------
crc  , ACK .
 -------------------------------------------------
RCVD from 34 : Hello (length:20)
 -------------------------------------------------
crc  , ACK .
 -------------------------------------------------
RCVD from 34 : Hello (length:20)
 -------------------------------------------------
crc  , ACK .
 -------------------------------------------------
RCVD from 34 : Hello (length:20)
 -------------------------------------------------
crc  , ACK .
 -------------------------------------------------
RCVD from 34 : Hello (length:20)
 -------------------------------------------------
crc  , ACK .
 -------------------------------------------------
RCVD from 34 : Hello (length:20)
 -------------------------------------------------
crc  , ACK .
 -------------------------------------------------
RCVD from 34 : Hello (length:20)
 -------------------------------------------------
crc  , ACK .
 -------------------------------------------------
RCVD from 34 : Hello (length:20)
 -------------------------------------------------
crc  , ACK .
 -------------------------------------------------
RCVD from 34 : Hello (length:20)
 -------------------------------------------------
crc  , ACK .
 -------------------------------------------------
RCVD from 34 : Hello (length:20)
 -------------------------------------------------
crc  , ACK .
 -------------------------------------------------
RCVD from 34 : Hello (length:20)
 -------------------------------------------------
crc  , ACK .
 -------------------------------------------------
RCVD from 34 : Hello (length:20)
 -------------------------------------------------
crc  , ACK .
 -------------------------------------------------
RCVD from 34 : Hello (length:20)
 -------------------------------------------------
crc  , ACK .
 -------------------------------------------------
RCVD from 34 : Hello (length:20)
 -------------------------------------------------
crc  , ACK .
 -------------------------------------------------
RCVD from 34 : Hello (length:20)
 -------------------------------------------------
crc  , ACK .
 -------------------------------------------------
RCVD from 34 : Hello (length:20)
 -------------------------------------------------
crc  , ACK .
 -------------------------------------------------
RCVD from 34 : Hello (length:20)
 -------------------------------------------------
crc  .
 -------------------------------------------------
RCVD from 34 : HeljI (length:20)
 -------------------------------------------------
crc  , ACK .
 -------------------------------------------------
RCVD from 34 : Hello (length:20)
 -------------------------------------------------
crc  , ACK .
 -------------------------------------------------
RCVD from 34 : Hello (length:20)
 -------------------------------------------------
crc  , ACK .
 -------------------------------------------------
RCVD from 34 : Hello (length:20)
 -------------------------------------------------
crc  .
 -------------------------------------------------
RCVD from 34 : Ha (length:20)
 -------------------------------------------------
crc  , ACK .
 -------------------------------------------------
RCVD from 34 : Hello (length:20)
 -------------------------------------------------
crc  .
 -------------------------------------------------
RCVD from 34 : Helhk (length:20)
 -------------------------------------------------
crc  .
 -------------------------------------------------
RCVD from 34 : Hell_ (length:20)
 -------------------------------------------------
crc  , ACK .
 -------------------------------------------------
RCVD from 34 : Hello (length:20)
 -------------------------------------------------
crc  , ACK .
 -------------------------------------------------
RCVD from 34 : Hello (length:20)
 -------------------------------------------------
crc  , ACK .
 -------------------------------------------------
RCVD from 34 : Hello (length:20)
 -------------------------------------------------
crc  .
 -------------------------------------------------
RCVD from 34 : Hello (length:20)
 -------------------------------------------------
crc  .
 -------------------------------------------------
RCVD from 162 : Xello (length:20)
 -------------------------------------------------
crc  , ACK .
 -------------------------------------------------
RCVD from 34 : Hello (length:20)
 -------------------------------------------------
crc  , ACK .
 -------------------------------------------------
RCVD from 34 : Hello (length:20)
 -------------------------------------------------
crc  .
 -------------------------------------------------
RCVD from 34 : HeL,o (length:20)
 -------------------------------------------------
crc  , ACK .
 -------------------------------------------------
RCVD from 34 : Hello (length:20)
 -------------------------------------------------
crc  , ACK .
 -------------------------------------------------
RCVD from 34 : Hello (length:20)
 -------------------------------------------------
crc  , ACK .
 -------------------------------------------------
RCVD from 34 : Hello (length:20)
 -------------------------------------------------
crc  .
 -------------------------------------------------
RCVD from 34 : Heli. (length:20)
 -------------------------------------------------
crc  .
 -------------------------------------------------
RCVD from 34 : Hed" (length:20)
 -------------------------------------------------
crc  , ACK .
 -------------------------------------------------
RCVD from 34 : Hello (length:20)
 -------------------------------------------------
crc  .
 -------------------------------------------------
RCVD from 34 : Hello (length:20)
 -------------------------------------------------
crc  , ACK .
 -------------------------------------------------
RCVD from 34 : Hello (length:20)
 -------------------------------------------------
crc  , ACK .
 -------------------------------------------------
RCVD from 34 : Hello (length:20)
 -------------------------------------------------
crc  , ACK .
 -------------------------------------------------
RCVD from 34 : Hello (length:20)
 -------------------------------------------------
crc  , ACK .
 -------------------------------------------------
RCVD from 34 : Hello (length:20)
 -------------------------------------------------
crc  , ACK .
 -------------------------------------------------
RCVD from 34 : Hello (length:20)
 -------------------------------------------------
crc  , ACK .
 -------------------------------------------------
RCVD from 34 : Hello (length:20)
 -------------------------------------------------
crc  , ACK .
 -------------------------------------------------
RCVD from 34 : Hello (length:20)
 -------------------------------------------------
Total Rcvd: 105, CRC error: 19
Average RSSI: -122
Total ACK Send: 105
power: 14, DR: 10
crc  , ACK .
 -------------------------------------------------
RCVD from 34 : Hello (length:20)
 -------------------------------------------------
Total Rcvd: 106, CRC error: 19
Average RSSI: -122
Total ACK Send: 106
power: 14, DR: 10
crc  , ACK .
 -------------------------------------------------
RCVD from 34 : Hello (length:20)
 -------------------------------------------------
Total Rcvd: 107, CRC error: 19
Average RSSI: -122
Total ACK Send: 107
power: 14, DR: 10
crc  .
 -------------------------------------------------
RCVD from 34 : Itllo (length:20)
 -------------------------------------------------
Total Rcvd: 108, CRC error: 20
Average RSSI: -122
Total ACK Send: 108
power: 14, DR: 10
crc  .
 -------------------------------------------------
RCVD from 34 : Hmo (length:20)
 -------------------------------------------------
Total Rcvd: 109, CRC error: 21
Average RSSI: -122
Total ACK Send: 109
power: 14, DR: 10
crc  , ACK .
 -------------------------------------------------
RCVD from 34 : Hello (length:20)
 -------------------------------------------------
Total Rcvd: 110, CRC error: 21
Average RSSI: -122
Total ACK Send: 110
power: 14, DR: 10
