=~=~=~=~=~=~=~=~=~=~=~= PuTTY log 2024.08.06 13:34:09 =~=~=~=~=~=~=~=~=~=~=~=
------------------ ARQ protocol starts! --------------------------
endnode : 12, dest : 34
>>>>> HAL OnTxDone Function
>>>>> HAL OnTxTimeout
>>>>> HAL OnRxError
>>>>> HAL OnRxTimeout

   Initializing Radio Interrupt handlers 
crc  , ACK .
 -------------------------------------------------
RCVD from 34 : Hello (length:20)
 -------------------------------------------------
crc  , ACK .
 -------------------------------------------------
RCVD from 34 : Hello (length:20)
 -------------------------------------------------
crc  , ACK .
 -------------------------------------------------
RCVD from 34 : Hello (length:20)
 -------------------------------------------------
crc  , ACK .
 -------------------------------------------------
RCVD from 34 : Hello (length:20)
 -------------------------------------------------
crc  , ACK .
 -------------------------------------------------
RCVD from 34 : Hello (length:20)
 -------------------------------------------------
crc  , ACK .
 -------------------------------------------------
RCVD from 34 : Hello (length:20)
 -------------------------------------------------
crc  , ACK .
 -------------------------------------------------
RCVD from 34 : Hello (length:20)
 -------------------------------------------------
crc  , ACK .
 -------------------------------------------------
RCVD from 34 : Hello (length:20)
 -------------------------------------------------
crc  , ACK .
 -------------------------------------------------
RCVD from 34 : Hello (length:20)
 -------------------------------------------------
crc  , ACK .
 -------------------------------------------------
RCVD from 34 : Hello (length:20)
 -------------------------------------------------
crc  , ACK .
 -------------------------------------------------
RCVD from 34 : Hello (length:20)
 -------------------------------------------------
crc  , ACK .
 -------------------------------------------------
RCVD from 34 : Hello (length:20)
 -------------------------------------------------
crc  , ACK .
 -------------------------------------------------
RCVD from 34 : Hello (length:20)
 -------------------------------------------------
crc  , ACK .
 -------------------------------------------------
RCVD from 34 : Hello (length:20)
 -------------------------------------------------
crc  , ACK .
 -------------------------------------------------
RCVD from 34 : Hello (length:20)
 -------------------------------------------------
crc  , ACK .
 -------------------------------------------------
RCVD from 34 : Hello (length:20)
 -------------------------------------------------
crc  , ACK .
 -------------------------------------------------
RCVD from 34 : Hello (length:20)
 -------------------------------------------------
crc  , ACK .
 -------------------------------------------------
RCVD from 34 : Hello (length:20)
 -------------------------------------------------
crc  , ACK .
 -------------------------------------------------
RCVD from 34 : Hello (length:20)
 -------------------------------------------------
crc  , ACK .
 -------------------------------------------------
RCVD from 34 : Hello (length:20)
 -------------------------------------------------
crc  , ACK .
 -------------------------------------------------
RCVD from 34 : Hello (length:20)
 -------------------------------------------------
crc  , ACK .
 -------------------------------------------------
RCVD from 34 : Hello (length:20)
 -------------------------------------------------
crc  , ACK .
 -------------------------------------------------
RCVD from 34 : Hello (length:20)
 -------------------------------------------------
crc  , ACK .
 -------------------------------------------------
RCVD from 34 : Hello (length:20)
 -------------------------------------------------
crc  , ACK .
 -------------------------------------------------
RCVD from 34 : Hello (length:20)
 -------------------------------------------------
crc  , ACK .
 -------------------------------------------------
RCVD from 34 : Hello (length:20)
 -------------------------------------------------
crc  , ACK .
 -------------------------------------------------
RCVD from 34 : Hello (length:20)
 -------------------------------------------------
crc  , ACK .
 -------------------------------------------------
RCVD from 34 : Hello (length:20)
 -------------------------------------------------
crc  , ACK .
 -------------------------------------------------
RCVD from 34 : Hello (length:20)
 -------------------------------------------------
crc  , ACK .
 -------------------------------------------------
RCVD from 34 : Hello (length:20)
 -------------------------------------------------
crc  , ACK .
 -------------------------------------------------
RCVD from 34 : Hello (length:20)
 -------------------------------------------------
crc  , ACK .
 -------------------------------------------------
RCVD from 34 : Hello (length:20)
 -------------------------------------------------
crc  , ACK .
 -------------------------------------------------
RCVD from 34 : Hello (length:20)
 -------------------------------------------------
crc  , ACK .
 -------------------------------------------------
RCVD from 34 : Hello (length:20)
 -------------------------------------------------
crc  , ACK .
 -------------------------------------------------
RCVD from 34 : Hello (length:20)
 -------------------------------------------------
crc  , ACK .
 -------------------------------------------------
RCVD from 34 : Hello (length:20)
 -------------------------------------------------
crc  , ACK .
 -------------------------------------------------
RCVD from 34 : Hello (length:20)
 -------------------------------------------------
crc  , ACK .
 -------------------------------------------------
RCVD from 34 : Hello (length:20)
 -------------------------------------------------
crc  , ACK .
 -------------------------------------------------
RCVD from 34 : Hello (length:20)
 -------------------------------------------------
crc  , ACK .
 -------------------------------------------------
RCVD from 34 : Hello (length:20)
 -------------------------------------------------
crc  , ACK .
 -------------------------------------------------
RCVD from 34 : Hello (length:20)
 -------------------------------------------------
crc  , ACK .
 -------------------------------------------------
RCVD from 34 : Hello (length:20)
 -------------------------------------------------
crc  , ACK .
 -------------------------------------------------
RCVD from 34 : Hello (length:20)
 -------------------------------------------------
crc  , ACK .
 -------------------------------------------------
RCVD from 34 : Hello (length:20)
 -------------------------------------------------
crc  , ACK .
 -------------------------------------------------
RCVD from 34 : Hello (length:20)
 -------------------------------------------------
crc  , ACK .
 -------------------------------------------------
RCVD from 34 : Hello (length:20)
 -------------------------------------------------
crc  , ACK .
 -------------------------------------------------
RCVD from 34 : Hello (length:20)
 -------------------------------------------------
crc  , ACK .
 -------------------------------------------------
RCVD from 34 : Hello (length:20)
 -------------------------------------------------
crc  , ACK .
 -------------------------------------------------
RCVD from 34 : Hello (length:20)
 -------------------------------------------------
crc  , ACK .
 -------------------------------------------------
RCVD from 34 : Hello (length:20)
 -------------------------------------------------
crc  , ACK .
 -------------------------------------------------
RCVD from 34 : Hello (length:20)
 -------------------------------------------------
crc  , ACK .
 -------------------------------------------------
RCVD from 34 : Hello (length:20)
 -------------------------------------------------
crc  , ACK .
 -------------------------------------------------
RCVD from 34 : Hello (length:20)
 -------------------------------------------------
crc  , ACK .
 -------------------------------------------------
RCVD from 34 : Hello (length:20)
 -------------------------------------------------
crc  , ACK .
 -------------------------------------------------
RCVD from 34 : Hello (length:20)
 -------------------------------------------------
crc  , ACK .
 -------------------------------------------------
RCVD from 34 : Hello (length:20)
 -------------------------------------------------
crc  , ACK .
 -------------------------------------------------
RCVD from 34 : Hello (length:20)
 -------------------------------------------------
crc  , ACK .
 -------------------------------------------------
RCVD from 34 : Hello (length:20)
 -------------------------------------------------
crc  , ACK .
 -------------------------------------------------
RCVD from 34 : Hello (length:20)
 -------------------------------------------------
crc  , ACK .
 -------------------------------------------------
RCVD from 34 : Hello (length:20)
 -------------------------------------------------
crc  , ACK .
 -------------------------------------------------
RCVD from 34 : Hello (length:20)
 -------------------------------------------------
crc  , ACK .
 -------------------------------------------------
RCVD from 34 : Hello (length:20)
 -------------------------------------------------
crc  , ACK .
 -------------------------------------------------
RCVD from 34 : Hello (length:20)
 -------------------------------------------------
crc  , ACK .
 -------------------------------------------------
RCVD from 34 : Hello (length:20)
 -------------------------------------------------
crc  , ACK .
 -------------------------------------------------
RCVD from 34 : Hello (length:20)
 -------------------------------------------------
crc  , ACK .
 -------------------------------------------------
RCVD from 34 : Hello (length:20)
 -------------------------------------------------
crc  , ACK .
 -------------------------------------------------
RCVD from 34 : Hello (length:20)
 -------------------------------------------------
crc  , ACK .
 -------------------------------------------------
RCVD from 34 : Hello (length:20)
 -------------------------------------------------
crc  , ACK .
 -------------------------------------------------
RCVD from 34 : Hello (length:20)
 -------------------------------------------------
crc  , ACK .
 -------------------------------------------------
RCVD from 34 : Hello (length:20)
 -------------------------------------------------
crc  , ACK .
 -------------------------------------------------
RCVD from 34 : Hello (length:20)
 -------------------------------------------------
crc  , ACK .
 -------------------------------------------------
RCVD from 34 : Hello (length:20)
 -------------------------------------------------
crc  , ACK .
 -------------------------------------------------
RCVD from 34 : Hello (length:20)
 -------------------------------------------------
crc  , ACK .
 -------------------------------------------------
RCVD from 34 : Hello (length:20)
 -------------------------------------------------
crc  , ACK .
 -------------------------------------------------
RCVD from 34 : Hello (length:20)
 -------------------------------------------------
crc  , ACK .
 -------------------------------------------------
RCVD from 34 : Hello (length:20)
 -------------------------------------------------
crc  , ACK .
 -------------------------------------------------
RCVD from 34 : Hello (length:20)
 -------------------------------------------------
crc  , ACK .
 -------------------------------------------------
RCVD from 34 : Hello (length:20)
 -------------------------------------------------
crc  , ACK .
 -------------------------------------------------
RCVD from 34 : Hello (length:20)
 -------------------------------------------------
crc  , ACK .
 -------------------------------------------------
RCVD from 34 : Hello (length:20)
 -------------------------------------------------
crc  , ACK .
 -------------------------------------------------
RCVD from 34 : Hello (length:20)
 -------------------------------------------------
crc  , ACK .
 -------------------------------------------------
RCVD from 34 : Hello (length:20)
 -------------------------------------------------
crc  , ACK .
 -------------------------------------------------
RCVD from 34 : Hello (length:20)
 -------------------------------------------------
crc  , ACK .
 -------------------------------------------------
RCVD from 34 : Hello (length:20)
 -------------------------------------------------
crc  , ACK .
 -------------------------------------------------
RCVD from 34 : Hello (length:20)
 -------------------------------------------------
crc  , ACK .
 -------------------------------------------------
RCVD from 34 : Hello (length:20)
 -------------------------------------------------
crc  , ACK .
 -------------------------------------------------
RCVD from 34 : Hello (length:20)
 -------------------------------------------------
crc  , ACK .
 -------------------------------------------------
RCVD from 34 : Hello (length:20)
 -------------------------------------------------
crc  , ACK .
 -------------------------------------------------
RCVD from 34 : Hello (length:20)
 -------------------------------------------------
crc  , ACK .
 -------------------------------------------------
RCVD from 34 : Hello (length:20)
 -------------------------------------------------
crc  , ACK .
 -------------------------------------------------
RCVD from 34 : Hello (length:20)
 -------------------------------------------------
crc  , ACK .
 -------------------------------------------------
RCVD from 34 : Hello (length:20)
 -------------------------------------------------
crc  , ACK .
 -------------------------------------------------
RCVD from 34 : Hello (length:20)
 -------------------------------------------------
crc  , ACK .
 -------------------------------------------------
RCVD from 34 : Hello (length:20)
 -------------------------------------------------
crc  , ACK .
 -------------------------------------------------
RCVD from 34 : Hello (length:20)
 -------------------------------------------------
crc  , ACK .
 -------------------------------------------------
RCVD from 34 : Hello (length:20)
 -------------------------------------------------
crc  , ACK .
 -------------------------------------------------
RCVD from 34 : Hello (length:20)
 -------------------------------------------------
crc  , ACK .
 -------------------------------------------------
RCVD from 34 : Hello (length:20)
 -------------------------------------------------
crc  , ACK .
 -------------------------------------------------
RCVD from 34 : Hello (length:20)
 -------------------------------------------------
crc  , ACK .
 -------------------------------------------------
RCVD from 34 : Hello (length:20)
 -------------------------------------------------
crc  , ACK .
 -------------------------------------------------
RCVD from 34 : Hello (length:20)
 -------------------------------------------------
crc  , ACK .
 -------------------------------------------------
RCVD from 34 : Hello (length:20)
 -------------------------------------------------
crc  , ACK .
 -------------------------------------------------
RCVD from 34 : Hello (length:20)
 -------------------------------------------------
crc  , ACK .
 -------------------------------------------------
RCVD from 34 : Hello (length:20)
 -------------------------------------------------
crc  , ACK .
 -------------------------------------------------
RCVD from 34 : Hello (length:20)
 -------------------------------------------------
Total Rcvd: 105, CRC error: 0
Average RSSI: -120
Total ACK Send: 105
power: 14, DR: 10
