=~=~=~=~=~=~=~=~=~=~=~= PuTTY log 2024.05.25 15:55:22 =~=~=~=~=~=~=~=~=~=~=~=
-Kj Pokla. Kj-Kj-Kj-Kj-Kj-KoV:2"s &> *1 Qx TcW
C> *1 QxUo]>>HP
zRrK)> *1 IxUo]
B R+iX+iRXVIr +dsR------------------ ARQ protocol starts! --------------------------
endnode : 12, dest : 34
>>>>> HAL OnTxDone Function
>>>>> HAL OnTxTimeout
>>>>> HAL OnRxError
>>>>> HAL OnRxTimeout

   Initializing Radio Interrupt handlers 
crc  , ACK .
 -------------------------------------------------
RCVD from 34 : Hello (length:20)
 -------------------------------------------------
crc  , ACK .
 -------------------------------------------------
RCVD from 34 : Hello (length:20)
 -------------------------------------------------
crc  , ACK .
 -------------------------------------------------
RCVD from 34 : Hello (length:20)
 -------------------------------------------------
crc  , ACK .
 -------------------------------------------------
RCVD from 34 : Hello (length:20)
 -------------------------------------------------
crc  , ACK .
 -------------------------------------------------
RCVD from 34 : Hello (length:20)
 -------------------------------------------------
crc  , ACK .
 -------------------------------------------------
RCVD from 34 : Hello (length:20)
 -------------------------------------------------
crc  , ACK .
 -------------------------------------------------
RCVD from 34 : Hello (length:20)
 -------------------------------------------------
crc  , ACK .
 -------------------------------------------------
RCVD from 34 : Hello (length:20)
 -------------------------------------------------
crc  , ACK .
 -------------------------------------------------
RCVD from 34 : Hello (length:20)
 -------------------------------------------------
crc  , ACK .
 -------------------------------------------------
RCVD from 34 : Hello (length:20)
 -------------------------------------------------
crc  , ACK .
 -------------------------------------------------
RCVD from 34 : Hello (length:20)
 -------------------------------------------------
crc  , ACK .
 -------------------------------------------------
RCVD from 34 : Hello (length:20)
 -------------------------------------------------
crc  , ACK .
 -------------------------------------------------
RCVD from 34 : Hello (length:20)
 -------------------------------------------------
------------------ ARQ protocol starts! --------------------------
endnode : 12, dest : 34
>>>>> HAL OnTxDone Function
>>>>> HAL OnTxTimeout
>>>>> HAL OnRxError
>>>>> HAL OnRxTimeout

   Initializing Radio Interrupt handlers 
crc  , ACK .
 -------------------------------------------------
RCVD from 34 : Hello (length:20)
 -------------------------------------------------
crc  , ACK .
 -------------------------------------------------
RCVD from 34 : Hello (length:20)
 -------------------------------------------------
crc  , ACK .
 -------------------------------------------------
RCVD from 34 : Hello (length:20)
 -------------------------------------------------
crc  , ACK .
 -------------------------------------------------
RCVD from 34 : Hello (length:20)
 -------------------------------------------------
crc  .
 -------------------------------------------------
RCVD from 104 : Ja.K (length:20)
 -------------------------------------------------
crc  , ACK .
 -------------------------------------------------
RCVD from 34 : Hello (length:20)
 -------------------------------------------------
crc  , ACK .
 -------------------------------------------------
RCVD from 34 : Hello (length:20)
 -------------------------------------------------
crc  , ACK .
 -------------------------------------------------
RCVD from 34 : Hello (length:20)
 -------------------------------------------------
crc  , ACK .
 -------------------------------------------------
RCVD from 34 : Hello (length:20)
 -------------------------------------------------
crc  , ACK .
 -------------------------------------------------
RCVD from 34 : Hello (length:20)
 -------------------------------------------------
crc  , ACK .
 -------------------------------------------------
RCVD from 34 : Hello (length:20)
 -------------------------------------------------
crc  , ACK .
 -------------------------------------------------
RCVD from 34 : Hello (length:20)
 -------------------------------------------------
crc  , ACK .
 -------------------------------------------------
RCVD from 34 : Hello (length:20)
 -------------------------------------------------
crc  .
 -------------------------------------------------
RCVD from 34 : Iello (length:20)
 -------------------------------------------------
crc  , ACK .
 -------------------------------------------------
RCVD from 34 : Hello (length:20)
 -------------------------------------------------
crc  , ACK .
 -------------------------------------------------
RCVD from 34 : Hello (length:20)
 -------------------------------------------------
crc  , ACK .
 -------------------------------------------------
RCVD from 34 : Hello (length:20)
 -------------------------------------------------
crc  , ACK .
 -------------------------------------------------
RCVD from 34 : Hello (length:20)
 -------------------------------------------------
crc  , ACK .
 -------------------------------------------------
RCVD from 34 : Hello (length:20)
 -------------------------------------------------
crc  , ACK .
 -------------------------------------------------
RCVD from 34 : Hello (length:20)
 -------------------------------------------------
crc  , ACK .
 -------------------------------------------------
RCVD from 34 : Hello (length:20)
 -------------------------------------------------
crc  , ACK .
 -------------------------------------------------
RCVD from 34 : Hello (length:20)
 -------------------------------------------------
crc  , ACK .
 -------------------------------------------------
RCVD from 34 : Hello (length:20)
 -------------------------------------------------
crc  , ACK .
 -------------------------------------------------
RCVD from 34 : Hello (length:20)
 -------------------------------------------------
crc  , ACK .
 -------------------------------------------------
RCVD from 34 : Hello (length:20)
 -------------------------------------------------
crc  , ACK .
 -------------------------------------------------
RCVD from 34 : Hello (length:20)
 -------------------------------------------------
crc  , ACK .
 -------------------------------------------------
RCVD from 34 : Hello (length:20)
 -------------------------------------------------
crc  , ACK .
 -------------------------------------------------
RCVD from 34 : Hello (length:20)
 -------------------------------------------------
crc  , ACK .
 -------------------------------------------------
RCVD from 34 : Hello (length:20)
 -------------------------------------------------
crc  , ACK .
 -------------------------------------------------
RCVD from 34 : Hello (length:20)
 -------------------------------------------------
crc  , ACK .
 -------------------------------------------------
RCVD from 34 : Hello (length:20)
 -------------------------------------------------
crc  , ACK .
 -------------------------------------------------
RCVD from 34 : Hello (length:20)
 -------------------------------------------------
crc  , ACK .
 -------------------------------------------------
RCVD from 34 : Hello (length:20)
 -------------------------------------------------
crc  , ACK .
 -------------------------------------------------
RCVD from 34 : Hello (length:20)
 -------------------------------------------------
crc  , ACK .
 -------------------------------------------------
RCVD from 34 : Hello (length:20)
 -------------------------------------------------
crc  , ACK .
 -------------------------------------------------
RCVD from 34 : Hello (length:20)
 -------------------------------------------------
crc  , ACK .
 -------------------------------------------------
RCVD from 34 : Hello (length:20)
 -------------------------------------------------
crc  , ACK .
 -------------------------------------------------
RCVD from 34 : Hello (length:20)
 -------------------------------------------------
crc  , ACK .
 -------------------------------------------------
RCVD from 34 : Hello (length:20)
 -------------------------------------------------
crc  , ACK .
 -------------------------------------------------
RCVD from 34 : Hello (length:20)
 -------------------------------------------------
crc  , ACK .
 -------------------------------------------------
RCVD from 34 : Hello (length:20)
 -------------------------------------------------
crc  , ACK .
 -------------------------------------------------
RCVD from 34 : Hello (length:20)
 -------------------------------------------------
crc  , ACK .
 -------------------------------------------------
RCVD from 34 : Hello (length:20)
 -------------------------------------------------
crc  , ACK .
 -------------------------------------------------
RCVD from 34 : Hello (length:20)
 -------------------------------------------------
crc  , ACK .
 -------------------------------------------------
RCVD from 34 : Hello (length:20)
 -------------------------------------------------
crc  , ACK .
 -------------------------------------------------
RCVD from 34 : Hello (length:20)
 -------------------------------------------------
crc  , ACK .
 -------------------------------------------------
RCVD from 34 : Hello (length:20)
 -------------------------------------------------
crc  , ACK .
 -------------------------------------------------
RCVD from 34 : Hello (length:20)
 -------------------------------------------------
crc  , ACK .
 -------------------------------------------------
RCVD from 34 : Hello (length:20)
 -------------------------------------------------
crc  , ACK .
 -------------------------------------------------
RCVD from 34 : Hello (length:20)
 -------------------------------------------------
crc  , ACK .
 -------------------------------------------------
RCVD from 34 : Hello (length:20)
 -------------------------------------------------
crc  , ACK .
 -------------------------------------------------
RCVD from 34 : Hello (length:20)
 -------------------------------------------------
crc  , ACK .
 -------------------------------------------------
RCVD from 34 : Hello (length:20)
 -------------------------------------------------
crc  , ACK .
 -------------------------------------------------
RCVD from 34 : Hello (length:20)
 -------------------------------------------------
crc  , ACK .
 -------------------------------------------------
RCVD from 34 : Hello (length:20)
 -------------------------------------------------
crc  , ACK .
 -------------------------------------------------
RCVD from 34 : Hello (length:20)
 -------------------------------------------------
crc  , ACK .
 -------------------------------------------------
RCVD from 34 : Hello (length:20)
 -------------------------------------------------
crc  , ACK .
 -------------------------------------------------
RCVD from 34 : Hello (length:20)
 -------------------------------------------------
crc  , ACK .
 -------------------------------------------------
RCVD from 34 : Hello (length:20)
 -------------------------------------------------
crc  , ACK .
 -------------------------------------------------
RCVD from 34 : Hello (length:20)
 -------------------------------------------------
crc  , ACK .
 -------------------------------------------------
RCVD from 34 : Hello (length:20)
 -------------------------------------------------
crc  , ACK .
 -------------------------------------------------
RCVD from 34 : Hello (length:20)
 -------------------------------------------------
crc  , ACK .
 -------------------------------------------------
RCVD from 34 : Hello (length:20)
 -------------------------------------------------
crc  , ACK .
 -------------------------------------------------
RCVD from 34 : Hello (length:20)
 -------------------------------------------------
crc  , ACK .
 -------------------------------------------------
RCVD from 34 : Hello (length:20)
 -------------------------------------------------
crc  , ACK .
 -------------------------------------------------
RCVD from 34 : Hello (length:20)
 -------------------------------------------------
crc  , ACK .
 -------------------------------------------------
RCVD from 34 : Hello (length:20)
 -------------------------------------------------
crc  , ACK .
 -------------------------------------------------
RCVD from 34 : Hello (length:20)
 -------------------------------------------------
crc  , ACK .
 -------------------------------------------------
RCVD from 34 : Hello (length:20)
 -------------------------------------------------
crc  , ACK .
 -------------------------------------------------
RCVD from 34 : Hello (length:20)
 -------------------------------------------------
crc  , ACK .
 -------------------------------------------------
RCVD from 34 : Hello (length:20)
 -------------------------------------------------
crc  , ACK .
 -------------------------------------------------
RCVD from 34 : Hello (length:20)
 -------------------------------------------------
crc  , ACK .
 -------------------------------------------------
RCVD from 34 : Hello (length:20)
 -------------------------------------------------
crc  , ACK .
 -------------------------------------------------
RCVD from 34 : Hello (length:20)
 -------------------------------------------------
crc  , ACK .
 -------------------------------------------------
RCVD from 34 : Hello (length:20)
 -------------------------------------------------
crc  , ACK .
 -------------------------------------------------
RCVD from 34 : Hello (length:20)
 -------------------------------------------------
crc  , ACK .
 -------------------------------------------------
RCVD from 34 : Hello (length:20)
 -------------------------------------------------
crc  , ACK .
 -------------------------------------------------
RCVD from 34 : Hello (length:20)
 -------------------------------------------------
crc  , ACK .
 -------------------------------------------------
RCVD from 34 : Hello (length:20)
 -------------------------------------------------
crc  , ACK .
 -------------------------------------------------
RCVD from 34 : Hello (length:20)
 -------------------------------------------------
crc  , ACK .
 -------------------------------------------------
RCVD from 34 : Hello (length:20)
 -------------------------------------------------
crc  , ACK .
 -------------------------------------------------
RCVD from 34 : Hello (length:20)
 -------------------------------------------------
crc  , ACK .
 -------------------------------------------------
RCVD from 34 : Hello (length:20)
 -------------------------------------------------
crc  , ACK .
 -------------------------------------------------
RCVD from 34 : Hello (length:20)
 -------------------------------------------------
crc  , ACK .
 -------------------------------------------------
RCVD from 34 : Hello (length:20)
 -------------------------------------------------
crc  .
 -------------------------------------------------
RCVD from 34 : Halo (length:20)
 -------------------------------------------------
crc  , ACK .
 -------------------------------------------------
RCVD from 34 : Hello (length:20)
 -------------------------------------------------
crc  , ACK .
 -------------------------------------------------
RCVD from 34 : Hello (length:20)
 -------------------------------------------------
crc  , ACK .
 -------------------------------------------------
RCVD from 34 : Hello (length:20)
 -------------------------------------------------
crc  , ACK .
 -------------------------------------------------
RCVD from 34 : Hello (length:20)
 -------------------------------------------------
crc  , ACK .
 -------------------------------------------------
RCVD from 34 : Hello (length:20)
 -------------------------------------------------
crc  , ACK .
 -------------------------------------------------
RCVD from 34 : Hello (length:20)
 -------------------------------------------------
crc  , ACK .
 -------------------------------------------------
RCVD from 34 : Hello (length:20)
 -------------------------------------------------
crc  , ACK .
 -------------------------------------------------
RCVD from 34 : Hello (length:20)
 -------------------------------------------------
crc  , ACK .
 -------------------------------------------------
RCVD from 34 : Hello (length:20)
 -------------------------------------------------
crc  , ACK .
 -------------------------------------------------
RCVD from 34 : Hello (length:20)
 -------------------------------------------------
crc  , ACK .
 -------------------------------------------------
RCVD from 34 : Hello (length:20)
 -------------------------------------------------
crc  , ACK .
 -------------------------------------------------
RCVD from 34 : Hello (length:20)
 -------------------------------------------------
crc  , ACK .
 -------------------------------------------------
RCVD from 34 : Hello (length:20)
 -------------------------------------------------
crc  , ACK .
 -------------------------------------------------
RCVD from 34 : Hello (length:20)
 -------------------------------------------------
crc  .
 -------------------------------------------------
RCVD from 34 : HellO (length:20)
 -------------------------------------------------
crc  , ACK .
 -------------------------------------------------
RCVD from 34 : Hello (length:20)
 -------------------------------------------------
crc  , ACK .
 -------------------------------------------------
RCVD from 34 : Hello (length:20)
 -------------------------------------------------
crc  , ACK .
 -------------------------------------------------
RCVD from 34 : Hello (length:20)
 -------------------------------------------------
crc  , ACK .
 -------------------------------------------------
RCVD from 34 : Hello (length:20)
 -------------------------------------------------
Total Rcvd: 105, CRC error: 4
Average RSSI: -118
Total ACK Send: 105
power: 14, DR: 7
crc  , ACK .
 -------------------------------------------------
RCVD from 34 : Hello (length:20)
 -------------------------------------------------
Total Rcvd: 106, CRC error: 4
Average RSSI: -118
Total ACK Send: 106
power: 14, DR: 7
crc  , ACK .
 -------------------------------------------------
RCVD from 34 : Hello (length:20)
 -------------------------------------------------
Total Rcvd: 107, CRC error: 4
Average RSSI: -118
Total ACK Send: 107
power: 14, DR: 7
crc  , ACK .
 -------------------------------------------------
RCVD from 34 : Hello (length:20)
 -------------------------------------------------
Total Rcvd: 108, CRC error: 4
Average RSSI: -118
Total ACK Send: 108
power: 14, DR: 7
