=~=~=~=~=~=~=~=~=~=~=~= PuTTY log 2024.09.16 01:43:27 =~=~=~=~=~=~=~=~=~=~=~=
------------------ ARQ protocol starts! --------------------------
endnode : 34, dest : 12
>>>>> HAL OnTxDone Function
>>>>> HAL OnTxTimeout
>>>>> HAL OnRxError
>>>>> HAL OnRxTimeout

   Initializing Radio Interrupt handlers 
Execution time: 75396 milli secomds
error count: 0
Execution time: 75345 milli secomds
error count: 0
Execution time: 75345 milli secomds
error count: 0
Execution time: 75345 milli secomds
error count: 0
Execution time: 75345 milli secomds
error count: 0
Execution time: 75345 milli secomds
error count: 0
Execution time: 75345 milli secomds
error count: 0
Execution time: 75345 milli secomds
error count: 0
Execution time: 75345 milli secomds
error count: 0
Execution time: 75345 milli secomds
error count: 0
-----------------------The End-----------------------
------------------ ARQ protocol starts! --------------------------
endnode : 34, dest : 12
>>>>> HAL OnTxDone Function
>>>>> HAL OnTxTimeout
>>>>> HAL OnRxError
>>>>> HAL OnRxTimeout

   Initializing Radio Interrupt handlers 
Execution time: 75396 milli secomds
error count: 0
------------------ ARQ protocol starts! --------------------------
endnode : 34, dest : 12
>>>>> HAL OnTxDone Function
>>>>> HAL OnTxTimeout
>>>>> HAL OnRxError
>>>>> HAL OnRxTimeout

   Initializing Radio Interrupt handlers 
Execution time: 75396 milli secomds
error count: 0
Execution time: 75345 milli secomds
error count: 0
------------------ ARQ protocol starts! --------------------------
endnode : 34, dest : 12
>>>>> HAL OnTxDone Function
>>>>> HAL OnTxTimeout
>>>>> HAL OnRxError
>>>>> HAL OnRxTimeout

   Initializing Radio Interrupt handlers 
Execution time: 76904 milli secomds
error count: 0
Execution time: 76853 milli secomds
error count: 0
Execution time: 75345 milli secomds
error count: 0
------------------ ARQ protocol starts! --------------------------
endnode : 34, dest------------------ ARQ protocol starts! --------------------------
en------------------ ARQ protocol starts! --------------------------
endnode : 34, dest :------------------ ARQ protocol starts! --------------------------
endnode : 34, dest : 12
>>>>> HAL------------------ ARQ protocol starts! --------------------------
endnode : 34, dest : 12
>>>>> HAL OnTxDone Function
>>>>> HAL OnTxTimeout
>>>>> HAL OnRxError
>>>>> HAL OnRxTimeout

   Initializing Radio Interrupt handlers 
Execution time: 76150 milli secomds
error count: 0
Execution time: 76099 milli secomds
error count: 0
Execution time: 76853 milli secomds
error count: 0
Execution time: 75345 milli secomds
error count: 0
