=~=~=~=~=~=~=~=~=~=~=~= PuTTY log 2024.09.16 00:26:30 =~=~=~=~=~=~=~=~=~=~=~=
------------------ ARQ protocol starts! --------------------------
endnode : 34, dest : 12
>>>>> HAL OnTxDone Function
>>>>> HAL OnTxTimeout
>>>>> HAL OnRxError
>>>>> HAL OnRxTimeout

   Initializing Radio Interrupt handlers 
Execution time: 8688 milli secomds
error count: 0
Execution time: 11259 milli secomds
error count: 2
Execution time: 12017 milli secomds
error count: 0
Execution time: 12293 milli secomds
error count: 3
Execution time: 14568 milli secomds
error count: 2
Execution time: 13948 milli secomds
error count: 1
Execution time: 15051 milli secomds
error count: 0
Execution time: 13396 milli secomds
error count: 1
Execution time: 12086 milli secomds
error count: 2
------------------ ARQ protocol starts! --------------------------
endnode : 34, dest : 12
>>>>> HAL OnTxDone Function
>>>>> HAL OnTxTimeout
>>>>> HAL OnRxError
>>>>> HAL OnRxTimeout

   Initializing Radio Interrupt handlers 
------------------ ARQ protocol starts! --------------------------
endnode : 34, dest : 12
>>>>> HAL OnTxDone Function
>>>>> HAL OnTxTimeout
>>>>> HAL OnRxError
>>>>> HAL OnRxTimeout

   Initializing Radio Interrupt handlers 
Execution time: 6896 milli secomds
error count: 0
Execution time: 6915 milli secomds
error count: 0
Execution time: 6846 milli secomds
error count: 0
Execution time: 6846 milli secomds
error count: 0
Execution time: 6846 milli secomds
error count: 0
Execution time: 6846 milli secomds
error count: 0
Execution time: 6846 milli secomds
error count: 0
Execution time: 6846 milli secomds
error count: 0
Execution time: 6915 milli secomds
error count: 0
Execution time: 6846 milli secomds
error count: 0
-----------------------The End-----------------------
------------------ ARQ protocol starts! --------------------------
endnode : 34, dest : 12
>>>>> HAL OnTxDone Function
>>>>> HAL OnTxTimeout
>>>>> HAL OnRxError
>>>>> HAL OnRxTimeout

   Initializing Radio Interrupt handlers 
Execution time: 14275 milli secomds
error count: 1
Execution time: 12499 milli secomds
error count: 0
Execution time: 16292 milli secomds
error count: 0
Execution time: 12568 milli secomds
error count: 1
Execution time: 16154 milli secomds
error count: 0
Execution time: 11327 milli secomds
error count: 2
Execution time: 17534 milli secomds
error count: 0
Execution time: 12775 milli secomds
error count: 1
Execution time: 12775 milli secomds
error count: 0
Execution time: 15189 milli secomds
error count: 0
-----------------------The End-----------------------
