=~=~=~=~=~=~=~=~=~=~=~= PuTTY log 2024.09.02 16:55:26 =~=~=~=~=~=~=~=~=~=~=~=
------------------ ARQ protocol starts! --------------------------
endnode : 34, dest : 12
>>>>> HAL OnTxDone Function
>>>>> HAL OnTxTimeout
>>>>> HAL OnRxError
>>>>> HAL OnRxTimeout

   Initializing Radio Interrupt handlers 
Execution time: 10413 milli secomds
error count: 0
Execution time: 16292 milli secomds
error count: 0
Execution time: 15189 milli secomds
error count: 0
------------------ ARQ protocol starts! --------------------------
endnode : 34, dest : 12
>>>>> HAL OnTxDone Function
>>>>> HAL OnTxTimeout
>>>>> HAL OnRxError
>>>>> HAL OnRxTimeout

   Initializing Radio Interrupt handlers 
Execution time: 13930 milli secomds
error count: 0
Execution time: 13948 milli secomds
error count: 0
Execution time: 12844 milli secomds
error count: 0
Execution time: 13879 milli secomds
error count: 0
Execution time: 13879 milli secomds
error count: 0
Execution time: 13879 milli secomds
error count: 0
Execution time: 15051 milli secomds
error count: 0
Execution time: 12913 milli secomds
error count: 0
Execution time: 15258 milli secomds
error count: 0
Execution time: 13879 milli secomds
error count: 1
-----------------------The End-----------------------
