=~=~=~=~=~=~=~=~=~=~=~= PuTTY log 2024.09.02 12:49:19 =~=~=~=~=~=~=~=~=~=~=~=
------------------ ARQ protocol starts! --------------------------
endnode : 34, dest : 12
>>>>> HAL OnTxDone Function
>>>>> HAL OnTxTimeout
>>>>> HAL OnRxError
>>>>> HAL OnRxTimeout

   Initializing Radio Interrupt handlers 
------------------ ARQ protocol starts! --------------------------
endnode : 34, dest : 12
>>>>> HAL OnTxDone Function
>>>>> HAL OnTxTimeout
>>>>> HAL OnRxError
>>>>> HAL OnRxTimeout

   Initializing Radio Interrupt handlers 

 -------------------------------------------------
[ARQ] ACK is received (16)
 -------------------------------------------------
[WARNING] cannot happen event 2 in the state 0
Execution time: 72763 milli secomds
error count: 15
Execution time: 76540 milli secomds
error count: 13
Execution time: 76157 milli secomds
error count: 14
Execution time: 713 milli secomds
error count: 1
Execution time: 71565 milli secomds
error count: 10
Execution time: 75774 milli secomds
error count: 15
Execution time: 79221 milli secomds
error count: 10

 -------------------------------------------------
[ARQ] ACK is received (16)
 -------------------------------------------------
[WARNING] cannot happen event 2 in the state 0
Execution time: 72710 milli secomds
error count: 6
Execution time: 72328 milli secomds
error count: 13
Execution time: 81519 milli secomds
error count: 16
-----------------------The End-----------------------
[PHYMAC] WARNING : PDU size is too large!! PDU will be truncated...
