=~=~=~=~=~=~=~=~=~=~=~= PuTTY log 2024.09.02 12:17:36 =~=~=~=~=~=~=~=~=~=~=~=
------------------ ARQ protocol starts! --------------------------
endnode : 34, dest : 12
>>>>> HAL OnTxDone Function
>>>>> HAL OnTxTimeout
>>>>> HAL OnRxError
>>>>> HAL OnRxTimeout

   Initializing Radio Interrupt handlers 
------------------ ARQ protocol starts! --------------------------
endnode : 34, dest : 12
>>>>> HAL OnTxDone Function
>>>>> HAL OnTxTimeout
>>>>> HAL OnRxError
>>>>> HAL OnRxTimeout

   Initializing Radio Interrupt handlers 
Execution time: 95753 milli secomds
error count: 0
Execution time: 107765 milli secomds
error count: 2
Execution time: 119828 milli secomds
error count: 1
Execution time: 126614 milli secomds
error count: 3
Execution time: 122844 milli secomds
error count: 2
Execution time: 124352 milli secomds
error count: 3
Execution time: 125106 milli secomds
error count: 3
Execution time: 138677 milli secomds
error count: 4
Execution time: 178637 milli secomds
error count: 2
Execution time: 183161 milli secomds
error count: 5
-----------------------The End-----------------------
