=~=~=~=~=~=~=~=~=~=~=~= PuTTY log 2024.05.31 03:14:01 =~=~=~=~=~=~=~=~=~=~=~=
------------------ ARQ protocol starts! --------------------------
endnode : 34, dest : 12
>>>>> HAL OnTxDone Function
>>>>> HAL OnTxTimeout
>>>>> HAL OnRxError
>>>>> HAL OnRxTimeout

   Initializing Radio Interrupt handlers 
Execution time: 149496 milli secomds
error count: 0
Execution time: 149444 milli secomds
error count: 0
Execution time: 149444 milli secomds
error count: 0
Execution time: 149444 milli secomds
error count: 0
Execution time: 149444 milli secomds
error count: 0
Execution time: 149444 milli secomds
error count: 0
Execution time: 149444 milli secomds
error count: 0
Execution time: 149444 milli secomds
error count: 0
Execution time: 149444 milli secomds
error count: 0
Execution time: 149444 milli secomds
error count: 0
-----------------------The End-----------------------
