=~=~=~=~=~=~=~=~=~=~=~= PuTTY log 2024.05.31 02:33:28 =~=~=~=~=~=~=~=~=~=~=~=
------------------ ARQ protocol starts! --------------------------
endnode : 34, dest : 12
>>>>> HAL OnTxDone Function
>>>>> HAL OnTxTimeout
>>>>> HAL OnRxError
>>>>> HAL OnRxTimeout

   Initializing Radio Interrupt handlers 
Execution time: 15289 milli secomds
error count: 0
Execution time: 14089 milli secomds
error count: 0
Execution time: 14318 milli secomds
error count: 0
Execution time: 12019 milli secomds
error count: 0
Execution time: 16155 milli secomds
error count: 1
Execution time: 17537 milli secomds
error count: 2
Execution time: 14318 milli secomds
error count: 0
Execution time: 16158 milli secomds
error count: 0
Execution time: 15353 milli secomds
error count: 0
Execution time: 23774 milli secomds
error count: 0
-----------------------The End-----------------------
------------------ ARQ protocol starts! --------------------------
endnode : 34, dest : 12
>>>>> HAL OnTxDone Function
>>>>> HAL OnTxTimeout
>>>>> HAL OnRxError
>>>>> HAL OnRxTimeout

   Initializing Radio Interrupt handlers 
Execution time: 13910 milli secomds
error count: 0
Execution time: 14663 milli secomds
error count: 0
Execution time: 16988 milli secomds
error count: 1
Execution time: 20067 milli secomds
error count: 2
Execution time: 14548 milli secomds
error count: 0
Execution time: 13974 milli secomds
error count: 0
Execution time: 14089 milli secomds
error count: 0
Execution time: 23975 milli secomds
error count: 3
Execution time: 17192 milli secomds
error count: 1
Execution time: 19607 milli secomds
error count: 1
-----------------------The End-----------------------
------------------ ARQ protocol starts! --------------------------
endnode : 34, dest : 12
>>>>> HAL OnTxDone Function
>>>>> HAL OnTxTimeout
>>>>> HAL OnRxError
>>>>> HAL OnRxTimeout

   Initializing Radio Interrupt handlers 
Execution time: 62998 milli secomds
error count: 12
Execution time: 38689 milli secomds
error count: 7
Execution time: 41449 milli secomds
error count: 13
Execution time: 38689 milli secomds
error count: 8
Execution time: 33057 milli secomds
error count: 8
Execution time: 36621 milli secomds
error count: 7
Execution time: 31563 milli secomds
error count: 4
Execution time: 20526 milli secomds
error count: 1
Execution time: 11559 milli secomds
error count: 0
Execution time: 11444 milli secomds
error count: 0
-----------------------The End-----------------------
