=~=~=~=~=~=~=~=~=~=~=~= PuTTY log 2024.05.31 02:59:26 =~=~=~=~=~=~=~=~=~=~=~=
------------------ ARQ protocol starts! --------------------------
endnode : 34, dest : 12
>>>>> HAL OnTxDone Function
>>>>> HAL OnTxTimeout
>>>>> HAL OnRxError
>>>>> HAL OnRxTimeout

   Initializing Radio Interrupt handlers 
Execution time: 75396 milli secomds
error count: 0
Execution time: 75345 milli secomds
error count: 0
Execution time: 75345 milli secomds
error count: 0
Execution time: 75345 milli secomds
error count: 0
Execution time: 75345 milli secomds
error count: 0
Execution time: 75345 milli secomds
error count: 0
Execution time: 75345 milli secomds
error count: 0
Execution time: 75345 milli secomds
error count: 0
Execution time: 75345 milli secomds
error count: 0
Execution time: 75345 milli secomds
error count: 0
-----------------------The End-----------------------
