=~=~=~=~=~=~=~=~=~=~=~= PuTTY log 2024.05.22 02:27:59 =~=~=~=~=~=~=~=~=~=~=~=
------------------ ARQ protocol starts! --------------------------
endnode : 34, dest : 12
>>>>> HAL OnTxDone Function
>>>>> HAL OnTxTimeout
>>>>> HAL OnRxError
>>>>> HAL OnRxTimeout

   Initializing Radio Interrupt handlers 
Execution time: 75396 milli secomds
error count: 0
Execution time: 75345 milli secomds
error count: 0
Execution time: 117567 milli secomds
error count: 0
Execution time: 75344 milli secomds
error count: 0
Execution time: 117567 milli secomds
error count: 0
Execution time: 75344 milli secomds
error count: 0
Execution time: 117567 milli secomds
error count: 0
Execution time: 75344 milli secomds
error count: 0
Execution time: 117567 milli secomds
error count: 0
Execution time: 75344 milli secomds
error count: 0
-----------------------The End-----------------------
