=~=~=~=~=~=~=~=~=~=~=~= PuTTY log 2024.05.22 02:03:50 =~=~=~=~=~=~=~=~=~=~=~=
------------------ ARQ protocol starts! --------------------------
endnode : 34, dest : 12
>>>>> HAL OnTxDone Function
>>>>> HAL OnTxTimeout
>>>>> HAL OnRxError
>>>>> HAL OnRxTimeout

   Initializing Radio Interrupt handlers 
Execution time: 22668 milli secomds
error count: 0
Execution time: 21745 milli secomds
error count: 0
Execution time: 33951 milli secomds
error count: 0
Execution time: 21745 milli secomds
error count: 0
Execution time: 33951 milli secomds
error count: 0
Execution time: 21745 milli secomds
error count: 0
Execution time: 33951 milli secomds
error count: 0
Execution time: 21745 milli secomds
error count: 0
Execution time: 33951 milli secomds
error count: 0
Execution time: 21745 milli secomds
error count: 0
-----------------------The End-----------------------
