=~=~=~=~=~=~=~=~=~=~=~= PuTTY log 2024.05.22 10:52:20 =~=~=~=~=~=~=~=~=~=~=~=
------------------ ARQ protocol starts! --------------------------
endnode : 34, dest : 12
>>>>> HAL OnTxDone Function

>>>>> HAL OnTxTimeout

>>>>> HAL OnRxError

>>>>> HAL OnRxTimeout

   Initializing Radio Interrupt handle
Execution time: 11611 milli secomds
error count: 0
Execution time: 11444 milli secomds
error count: 0
Execution time: 17882 milli secomds
error count: 0
Execution time: 11444 milli secomds
error count: 0
Execution time: 17882 milli secomds
error count: 0
Execution time: 11444 milli secomds
error count: 0
Execution time: 17882 milli secomds
error count: 0
Execution time: 11444 milli secomds
error count: 0
Execution time: 17882 milli secomds
error count: 0
Execution time: 11444 milli secomds
error count: 0
-----------------------The End-----------------------
