=~=~=~=~=~=~=~=~=~=~=~= PuTTY log 2024.05.22 10:56:57 =~=~=~=~=~=~=~=~=~=~=~=
------------------ ARQ protocol starts! --------------------------
endnode : 34, dest : 12
>>>>> HAL OnTxDone Function
>>>>> HAL OnTxTimeout
>>>>> HAL OnRxError
>>>>> HAL OnRxTimeout

   Initializing Radio Interrupt handlers 
Execution time: 6896 milli secomds
error count: 0
Execution time: 6846 milli secomds
error count: 0
Execution time: 10707 milli secomds
error count: 0
Execution time: 6845 milli secomds
error count: 0
Execution time: 10776 milli secomds
error count: 0
Execution time: 6914 milli secomds
error count: 0
Execution time: 10707 milli secomds
error count: 0
Execution time: 6845 milli secomds
error count: 0
Execution time: 10708 milli secomds
error count: 0
Execution time: 6845 milli secomds
error count: 0
-----------------------The End-----------------------
