=~=~=~=~=~=~=~=~=~=~=~= PuTTY log 2024.05.31 02:20:35 =~=~=~=~=~=~=~=~=~=~=~=
mY
C> *1 IxQ.r> *1 IxUo]
B R+iX+iRXVIr +dsREc]W W:10jl+sYso.u REc]W W:66jl+sYso.u REc]W W:1& [icso.u REc]W W:4NSmZ m)e.ru LEc]W W:8& [ic------------------ ARQ protocol starts! --------------------------
endnode : 34, dest : 12
>>>>> HAL OnTxDone Function
>>>>> HAL OnTxTimeout
>>>>> HAL OnRxError
>>>>> HAL OnRxTimeout

   Initializing Radio Interrupt handlers 
Execution time: 15654 milli secomds
error count: 6
Execution time: 6914 milli secomds
error count: 0
Execution time: 6915 milli secomds
error count: 0
Execution time: 7121 milli secomds
error count: 0
Execution time: 7121 milli secomds
error count: 0
Execution time: 6846 milli secomds
error count: 0
Execution time: 6915 milli secomds
error count: 0
Execution time: 6846 milli secomds
error count: 0
Execution time: 6915 milli secomds
error count: 0
Execution time: 6984 milli secomds
error count: 0
-----------------------The End-----------------------
