=~=~=~=~=~=~=~=~=~=~=~= PuTTY log 2024.05.22 02:46:59 =~=~=~=~=~=~=~=~=~=~=~=
------------------ ARQ protocol starts! --------------------------
endnode : 34, dest : 12
>>>>> HAL OnTxDone Function
>>>>> HAL OnTxTimeout
>>>>> HAL OnRxError
>>>>> HAL OnRxTimeout

   Initializing Radio Interrupt handlers 
Execution time: 149497 milli secomds
error count: 0
Execution time: 149445 milli secomds
error count: 0
Execution time: 233163 milli secomds
error count: 0
Execution time: 149445 milli secomds
error count: 0
Execution time: 233163 milli secomds
error count: 0
Execution time: 149445 milli secomds
error count: 0
Execution time: 233163 milli secomds
error count: 0
Execution time: 149445 milli secomds
error count: 0
Execution time: 233163 milli secomds
error count: 0
Execution time: 149445 milli secomds
error count: 0
-----------------------The End-----------------------
------------------ ARQ protocol starts! --------------------------
endnode : 34, dest : 12
>>>>> HAL OnTxDone Function
>>>>> HAL OnTxTimeout
>>>>> HAL OnRxError
>>>>> HAL OnRxTimeout

   Initializing Radio Interrupt handlers 
