=~=~=~=~=~=~=~=~=~=~=~= PuTTY log 2024.05.31 05:00:34 =~=~=~=~=~=~=~=~=~=~=~=
------------------ ARQ protocol starts! --------------------------
endnode : 34, dest : 12
>>>>> HAL OnTxDone Function
>>>>> HAL OnTxTimeout
>>>>> HAL OnRxError
>>>>> HAL OnRxTimeout

   Initializing Radio Interrupt handlers 
Execution time: 6965 milli secomds
error count: 0
Execution time: 6984 milli secomds
error count: 0
Execution time: 7052 milli secomds
error count: 0
Execution time: 7052 milli secomds
error count: 0
Execution time: 6984 milli secomds
error count: 0
Execution time: 7053 milli secomds
error count: 0
Execution time: 7121 milli secomds
error count: 0
Execution time: 7190 milli secomds
error count: 0
Execution time: 7053 milli secomds
error count: 0
Execution time: 6984 milli secomds
error count: 0
-----------------------The End-----------------------
