=~=~=~=~=~=~=~=~=~=~=~= PuTTY log 2024.09.16 16:51:10 =~=~=~=~=~=~=~=~=~=~=~=
-------------------- ARQ protocol starts! --------------------------
endnode : 34, dest : 12
>>>>> HAL OnTxDone Function

>>>>> HAL OnTxTimeout

>>>>> HAL OnRxError

>>>>> HAL OnRxTimeout

   Initializing Radio Interrupt handlers 
Execution time: 158412 milli secomds
error count: 1
Execution time: 152433 milli secomds
error count: 0
Execution time: 150939 milli secomds
error count: 0
Execution time: 153981 milli secomds
error count: 0
Execution time: 156919 milli secomds
error count: 1
Execution time: 155424 milli secomds
error count: 0
Execution time: 158414 milli secomds
error count: 0
Execution time: 153929 milli secomds
error count: 0
Execution time: 150939 milli secomds
error count: 0
Execution time: 153929 milli secomds
error count: 0
-----------------------The End-----------------------
