=~=~=~=~=~=~=~=~=~=~=~= PuTTY log 2024.09.16 14:51:27 =~=~=~=~=~=~=~=~=~=~=~=
------------------ ARQ protocol starts! --------------------------
endnode : 34, dest : 12
>>>>> HAL OnTxDone Function
>>>>> HAL OnTxTimeout
>>>>> HAL OnRxError
>>>>> HAL OnRxTimeout

   Initializing Radio Interrupt handlers 
Execution time: 75396 milli secomds
error count: 0
Execution time: 75345 milli secomds
error count: 0
Execution time: 75345 milli secomds
error count: 0
Execution time: 75345 milli secomds
error count: 0
Execution time: 75345 milli secomds
error count: 0
Execution time: 75345 milli secomds
error count: 0
Execution time: 75345 milli secomds
error count: 0
Execution time: 75345 milli secomds
error count: 0
Execution time: 75345 milli secomds
error count: 0
Execution time: 75345 milli secomds
error count: 0
-----------------------The End-----------------------
------------------ ARQ protocol starts! --------------------------
endnode : 34, dest : 12
>>>>> HAL OnTxDone Function
>>>>> HAL OnTxTimeout
>>>>> HAL OnRxError
>>>>> HAL OnRxTimeout

   Initializing Radio Interrupt handlers 
Execution time: 96507 milli secomds
error count: 5
Execution time: 98718 milli secomds
error count: 2
Execution time: 86654 milli secomds
error count: 0
Execution time: 85146 milli secomds
error count: 1
Execution time: 90424 milli secomds
error count: 1
Execution time: 92686 milli secomds
error count: 0
Execution time: 78361 milli secomds
error count: 0
Execution time: 82885 milli secomds
error count: 0
Execution time: 82885 milli secomds
error count: 1
Execution time: 79869 milli secomds
error count: 0
-----------------------The End-----------------------
