=~=~=~=~=~=~=~=~=~=~=~= PuTTY log 2024.09.16 14:25:16 =~=~=~=~=~=~=~=~=~=~=~=
Execution time: 113558 milli------------------ ARQ protocol starts! --------------------------
endnode : 34, dest : 12
>>>>> HAL OnTxDone Function
>>>>> HAL OnTxTimeout
>>>>> HAL OnRxError
>>>>> HAL OnRxTimeout

   Initializing Radio Interrupt handlers 
Execution time: 55146 milli secomds
error count: 3
Execution time: 42840 milli secomds
error count: 0
Execution time: 48968 milli secomds
error count: 2
Execution time: 44755 milli secomds
error count: 1
Execution time: 43989 milli secomds
error count: 1
Execution time: 39394 milli secomds
error count: 0
Execution time: 41308 milli secomds
error count: 0
Execution time: 42457 milli secomds
error count: 0
Execution time: 40160 milli secomds
error count: 0
Execution time: 44755 milli secomds
error count: 2
-----------------------The End-----------------------
------------------ ARQ protocol starts! --------------------------
endnode : 34, dest : 12
>>>>> HAL OnTxDone Function
>>>>> HAL OnTxTimeout
>>>>> HAL OnRxError
>>>>> HAL OnRxTimeout

   Initializing Radio Interrupt handlers 
Execution time: 38296 milli secomds
error count: 0
Execution time: 38245 milli secomds
error count: 0
Execution time: 38245 milli secomds
error count: 0
Execution time: 38245 milli secomds
error count: 0
Execution time: 38245 milli secomds
error count: 0
Execution time: 38245 milli secomds
error count: 0
Execution time: 39777 milli secomds
error count: 0
Execution time: 39011 milli secomds
error count: 0
Execution time: 38245 milli secomds
error count: 0
Execution time: 38245 milli secomds
error count: 0
-----------------------The End-----------------------
