=~=~=~=~=~=~=~=~=~=~=~= PuTTY log 2024.09.01 16:31:18 =~=~=~=~=~=~=~=~=~=~=~=
------------------ ARQ protocol starts! --------------------------
endnode : 12, dest : 34
>>>>> HAL OnTxDone Function
>>>>> HAL OnTxTimeout
>>>>> HAL OnRxError
>>>>> HAL OnRxTimeout

   Initializing Radio Interrupt handlers 
crc  , ACK .
 -------------------------------------------------
RCVD from 34 : Hello (length:20)
 -------------------------------------------------
crc  , ACK .
 -------------------------------------------------
RCVD from 34 : Hello (length:20)
 -------------------------------------------------
crc  , ACK .
 -------------------------------------------------
RCVD from 34 : Hello (length:20)
 -------------------------------------------------
crc  , ACK .
 -------------------------------------------------
RCVD from 34 : Hello (length:20)
 -------------------------------------------------
crc  , ACK .
 -------------------------------------------------
RCVD from 34 : Hello (length:20)
 -------------------------------------------------
crc  , ACK .
 -------------------------------------------------
RCVD from 34 : Hello (length:20)
 -------------------------------------------------
crc  , ACK .
 -------------------------------------------------
RCVD from 34 : Hello (length:20)
 -------------------------------------------------
crc  , ACK .
 -------------------------------------------------
RCVD from 34 : Hello (length:20)
 -------------------------------------------------
crc  , ACK .
 -------------------------------------------------
RCVD from 34 : Hello (length:20)
 -------------------------------------------------
crc  , ACK .
 -------------------------------------------------
RCVD from 34 : Hello (length:20)
 -------------------------------------------------
crc  , ACK .
 -------------------------------------------------
RCVD from 34 : Hello (length:20)
 -------------------------------------------------
crc  , ACK .
 -------------------------------------------------
RCVD from 34 : Hello (length:20)
 -------------------------------------------------
crc  , ACK .
 -------------------------------------------------
RCVD from 34 : Hello (length:20)
 -------------------------------------------------
crc  , ACK .
 -------------------------------------------------
RCVD from 34 : Hello (length:20)
 -------------------------------------------------
crc  , ACK .
 -------------------------------------------------
RCVD from 34 : Hello (length:20)
 -------------------------------------------------
crc  , ACK .
 -------------------------------------------------
RCVD from 34 : Hello (length:20)
 -------------------------------------------------
crc  , ACK .
 -------------------------------------------------
RCVD from 34 : Hello (length:20)
 -------------------------------------------------
crc  , ACK .
 -------------------------------------------------
RCVD from 34 : Hello (length:20)
 -------------------------------------------------
crc  , ACK .
 -------------------------------------------------
RCVD from 34 : Hello (length:20)
 -------------------------------------------------
crc  , ACK .
 -------------------------------------------------
RCVD from 34 : Hello (length:20)
 -------------------------------------------------
crc  , ACK .
 -------------------------------------------------
RCVD from 34 : Hello (length:20)
 -------------------------------------------------
crc  , ACK .
 -------------------------------------------------
RCVD from 34 : Hello (length:20)
 -------------------------------------------------
crc  , ACK .
 -------------------------------------------------
RCVD from 34 : Hello (length:20)
 -------------------------------------------------
crc  , ACK .
 -------------------------------------------------
RCVD from 34 : Hello (length:20)
 -------------------------------------------------
crc  , ACK .
 -------------------------------------------------
RCVD from 34 : Hello (length:20)
 -------------------------------------------------
crc  , ACK .
 -------------------------------------------------
RCVD from 34 : Hello (length:20)
 -------------------------------------------------
crc  , ACK .
 -------------------------------------------------
RCVD from 34 : Hello (length:20)
 -------------------------------------------------
crc  , ACK .
 -------------------------------------------------
RCVD from 34 : Hello (length:20)
 -------------------------------------------------
crc  , ACK .
 -------------------------------------------------
RCVD from 34 : Hello (length:20)
 -------------------------------------------------
crc  , ACK .
 -------------------------------------------------
RCVD from 34 : Hello (length:20)
 -------------------------------------------------
crc  , ACK .
 -------------------------------------------------
RCVD from 34 : Hello (length:20)
 -------------------------------------------------
crc  , ACK .
 -------------------------------------------------
RCVD from 34 : Hello (length:20)
 -------------------------------------------------
crc  , ACK .
 -------------------------------------------------
RCVD from 34 : Hello (length:20)
 -------------------------------------------------
crc  , ACK .
 -------------------------------------------------
RCVD from 34 : Hello (length:20)
 -------------------------------------------------
crc  , ACK .
 -------------------------------------------------
RCVD from 34 : Hello (length:20)
 -------------------------------------------------
crc  , ACK .
 -------------------------------------------------
RCVD from 34 : Hello (length:20)
 -------------------------------------------------
crc  , ACK .
 -------------------------------------------------
RCVD from 34 : Hello (length:20)
 -------------------------------------------------
crc  , ACK .
 -------------------------------------------------
RCVD from 34 : Hello (length:20)
 -------------------------------------------------
crc  , ACK .
 -------------------------------------------------
RCVD from 34 : Hello (length:20)
 -------------------------------------------------
crc  , ACK .
 -------------------------------------------------
RCVD from 34 : Hello (length:20)
 -------------------------------------------------
crc  , ACK .
 -------------------------------------------------
RCVD from 34 : Hello (length:20)
 -------------------------------------------------
crc  , ACK .
 -------------------------------------------------
RCVD from 34 : Hello (length:20)
 -------------------------------------------------
crc  , ACK .
 -------------------------------------------------
RCVD from 34 : Hello (length:20)
 -------------------------------------------------
crc  , ACK .
 -------------------------------------------------
RCVD from 34 : Hello (length:20)
 -------------------------------------------------
crc  , ACK .
 -------------------------------------------------
RCVD from 34 : Hello (length:20)
 -------------------------------------------------
crc  , ACK .
 -------------------------------------------------
RCVD from 34 : Hello (length:20)
 -------------------------------------------------
crc  , ACK .
 -------------------------------------------------
RCVD from 34 : Hello (length:20)
 -------------------------------------------------
crc  , ACK .
 -------------------------------------------------
RCVD from 34 : Hello (length:20)
 -------------------------------------------------
crc  , ACK .
 -------------------------------------------------
RCVD from 34 : Hello (length:20)
 -------------------------------------------------
crc  , ACK .
 -------------------------------------------------
RCVD from 34 : Hello (length:20)
 -------------------------------------------------
crc  , ACK .
 -------------------------------------------------
RCVD from 34 : Hello (length:20)
 -------------------------------------------------
crc  , ACK .
 -------------------------------------------------
RCVD from 34 : Hello (length:20)
 -------------------------------------------------
crc  , ACK .
 -------------------------------------------------
RCVD from 34 : Hello (length:20)
 -------------------------------------------------
crc  , ACK .
 -------------------------------------------------
RCVD from 34 : Hello (length:20)
 -------------------------------------------------
crc  , ACK .
 -------------------------------------------------
RCVD from 34 : Hello (length:20)
 -------------------------------------------------
crc  , ACK .
 -------------------------------------------------
RCVD from 34 : Hello (length:20)
 -------------------------------------------------
crc  , ACK .
 -------------------------------------------------
RCVD from 34 : Hello (length:20)
 -------------------------------------------------
crc  , ACK .
 -------------------------------------------------
RCVD from 34 : Hello (length:20)
 -------------------------------------------------
crc  , ACK .
 -------------------------------------------------
RCVD from 34 : Hello (length:20)
 -------------------------------------------------
crc  , ACK .
 -------------------------------------------------
RCVD from 34 : Hello (length:20)
 -------------------------------------------------
crc  , ACK .
 -------------------------------------------------
RCVD from 34 : Hello (length:20)
 -------------------------------------------------
crc  , ACK .
 -------------------------------------------------
RCVD from 34 : Hello (length:20)
 -------------------------------------------------
crc  , ACK .
 -------------------------------------------------
RCVD from 34 : Hello (length:20)
 -------------------------------------------------
crc  , ACK .
 -------------------------------------------------
RCVD from 34 : Hello (length:20)
 -------------------------------------------------
crc  , ACK .
 -------------------------------------------------
RCVD from 34 : Hello (length:20)
 -------------------------------------------------
crc  , ACK .
 -------------------------------------------------
RCVD from 34 : Hello (length:20)
 -------------------------------------------------
crc  , ACK .
 -------------------------------------------------
RCVD from 34 : Hello (length:20)
 -------------------------------------------------
crc  , ACK .
 -------------------------------------------------
RCVD from 34 : Hello (length:20)
 -------------------------------------------------
crc  , ACK .
 -------------------------------------------------
RCVD from 34 : Hello (length:20)
 -------------------------------------------------
crc  , ACK .
 -------------------------------------------------
RCVD from 34 : Hello (length:20)
 -------------------------------------------------
crc  , ACK .
 -------------------------------------------------
RCVD from 34 : Hello (length:20)
 -------------------------------------------------
crc  , ACK .
 -------------------------------------------------
RCVD from 34 : Hello (length:20)
 -------------------------------------------------
crc  , ACK .
 -------------------------------------------------
RCVD from 34 : Hello (length:20)
 -------------------------------------------------
crc  , ACK .
 -------------------------------------------------
RCVD from 34 : Hello (length:20)
 -------------------------------------------------
crc  , ACK .
 -------------------------------------------------
RCVD from 34 : Hello (length:20)
 -------------------------------------------------
crc  , ACK .
 -------------------------------------------------
RCVD from 34 : Hello (length:20)
 -------------------------------------------------
crc  , ACK .
 -------------------------------------------------
RCVD from 34 : Hello (length:20)
 -------------------------------------------------
crc  , ACK .
 -------------------------------------------------
RCVD from 34 : Hello (length:20)
 -------------------------------------------------
crc  , ACK .
 -------------------------------------------------
RCVD from 34 : Hello (length:20)
 -------------------------------------------------
crc  , ACK .
 -------------------------------------------------
RCVD from 34 : Hello (length:20)
 -------------------------------------------------
crc  , ACK .
 -------------------------------------------------
RCVD from 34 : Hello (length:20)
 -------------------------------------------------
crc  , ACK .
 -------------------------------------------------
RCVD from 34 : Hello (length:20)
 -------------------------------------------------
crc  , ACK .
 -------------------------------------------------
RCVD from 34 : Hello (length:20)
 -------------------------------------------------
crc  , ACK .
 -------------------------------------------------
RCVD from 34 : Hello (length:20)
 -------------------------------------------------
crc  , ACK .
 -------------------------------------------------
RCVD from 34 : Hello (length:20)
 -------------------------------------------------
crc  , ACK .
 -------------------------------------------------
RCVD from 34 : Hello (length:20)
 -------------------------------------------------
crc  , ACK .
 -------------------------------------------------
RCVD from 34 : Hello (length:20)
 -------------------------------------------------
crc  , ACK .
 -------------------------------------------------
RCVD from 34 : Hello (length:20)
 -------------------------------------------------
crc  , ACK .
 -------------------------------------------------
RCVD from 34 : Hello (length:20)
 -------------------------------------------------
crc  , ACK .
 -------------------------------------------------
RCVD from 34 : Hello (length:20)
 -------------------------------------------------
crc  , ACK .
 -------------------------------------------------
RCVD from 34 : Hello (length:20)
 -------------------------------------------------
crc  , ACK .
 -------------------------------------------------
RCVD from 34 : Hello (length:20)
 -------------------------------------------------
crc  , ACK .
 -------------------------------------------------
RCVD from 34 : Hello (length:20)
 -------------------------------------------------
crc  , ACK .
 -------------------------------------------------
RCVD from 34 : Hello (length:20)
 -------------------------------------------------
crc  , ACK .
 -------------------------------------------------
RCVD from 34 : Hello (length:20)
 -------------------------------------------------
crc  , ACK .
 -------------------------------------------------
RCVD from 34 : Hello (length:20)
 -------------------------------------------------
crc  , ACK .
 -------------------------------------------------
RCVD from 34 : Hello (length:20)
 -------------------------------------------------
crc  , ACK .
 -------------------------------------------------
RCVD from 34 : Hello (length:20)
 -------------------------------------------------
crc  , ACK .
 -------------------------------------------------
RCVD from 34 : Hello (length:20)
 -------------------------------------------------
crc  , ACK .
 -------------------------------------------------
RCVD from 34 : Hello (length:20)
 -------------------------------------------------
crc  , ACK .
 -------------------------------------------------
RCVD from 34 : Hello (length:20)
 -------------------------------------------------
crc  , ACK .
 -------------------------------------------------
RCVD from 34 : Hello (length:20)
 -------------------------------------------------
crc  , ACK .
 -------------------------------------------------
RCVD from 34 : Hello (length:20)
 -------------------------------------------------
crc  , ACK .
 -------------------------------------------------
RCVD from 34 : Hello (length:20)
 -------------------------------------------------
crc  , ACK .
 -------------------------------------------------
RCVD from 34 : Hello (length:20)
 -------------------------------------------------
Total Rcvd: 105, CRC error: 0
Average RSSI: -115
Total ACK Send: 105
power: 14, DR: 10
------------------ ARQ protocol starts! --------------------------
endnode : 12, dest : 34
>>>>> HAL OnTxDone Function
>>>>> HAL OnTxTimeout
>>>>> HAL OnRxError
>>>>> HAL OnRxTimeout

   Initializing Radio Interrupt handlers 
crc  , ACK .
 -------------------------------------------------
RCVD from 34 : Hello (length:20)
 -------------------------------------------------
crc  , ACK .
 -------------------------------------------------
RCVD from 34 : Hello (length:20)
 -------------------------------------------------
crc  , ACK .
 -------------------------------------------------
RCVD from 34 : Hello (length:20)
 -------------------------------------------------
crc  , ACK .
 -------------------------------------------------
RCVD from 34 : Hello (length:20)
 -------------------------------------------------
crc  , ACK .
 -------------------------------------------------
RCVD from 34 : Hello (length:20)
 -------------------------------------------------
crc  , ACK .
 -------------------------------------------------
RCVD from 34 : Hello (length:20)
 -------------------------------------------------
crc  , ACK .
 -------------------------------------------------
RCVD from 34 : Hello (length:20)
 -------------------------------------------------
crc  , ACK .
 -------------------------------------------------
RCVD from 34 : Hello (length:20)
 -------------------------------------------------
crc  , ACK .
 -------------------------------------------------
RCVD from 34 : Hello (length:20)
 -------------------------------------------------
crc  , ACK .
 -------------------------------------------------
RCVD from 34 : Hello (length:20)
 -------------------------------------------------
crc  , ACK .
 -------------------------------------------------
RCVD from 34 : Hello (length:20)
 -------------------------------------------------
crc  , ACK .
 -------------------------------------------------
RCVD from 34 : Hello (length:20)
 -------------------------------------------------
crc  , ACK .
 -------------------------------------------------
RCVD from 34 : Hello (length:20)
 -------------------------------------------------
crc  , ACK .
 -------------------------------------------------
RCVD from 34 : Hello (length:20)
 -------------------------------------------------
crc  , ACK .
 -------------------------------------------------
RCVD from 34 : Hello (length:20)
 -------------------------------------------------
crc  , ACK .
 -------------------------------------------------
RCVD from 34 : Hello (length:20)
 -------------------------------------------------
crc  , ACK .
 -------------------------------------------------
RCVD from 34 : Hello (length:20)
 -------------------------------------------------
crc  , ACK .
 -------------------------------------------------
RCVD from 34 : Hello (length:20)
 -------------------------------------------------
crc  , ACK .
 -------------------------------------------------
RCVD from 34 : Hello (length:20)
 -------------------------------------------------
crc  , ACK .
 -------------------------------------------------
RCVD from 34 : Hello (length:20)
 -------------------------------------------------
crc  , ACK .
 -------------------------------------------------
RCVD from 34 : Hello (length:20)
 -------------------------------------------------
crc  , ACK .
 -------------------------------------------------
RCVD from 34 : Hello (length:20)
 -------------------------------------------------
crc  , ACK .
 -------------------------------------------------
RCVD from 34 : Hello (length:20)
 -------------------------------------------------
crc  , ACK .
 -------------------------------------------------
RCVD from 34 : Hello (length:20)
 -------------------------------------------------
crc  , ACK .
 -------------------------------------------------
RCVD from 34 : Hello (length:20)
 -------------------------------------------------
crc  , ACK .
 -------------------------------------------------
RCVD from 34 : Hello (length:20)
 -------------------------------------------------
crc  , ACK .
 -------------------------------------------------
RCVD from 34 : Hello (length:20)
 -------------------------------------------------
crc  , ACK .
 -------------------------------------------------
RCVD from 34 : Hello (length:20)
 -------------------------------------------------
crc  , ACK .
 -------------------------------------------------
RCVD from 34 : Hello (length:20)
 -------------------------------------------------
crc  , ACK .
 -------------------------------------------------
RCVD from 34 : Hello (length:20)
 -------------------------------------------------
crc  , ACK .
 -------------------------------------------------
RCVD from 34 : Hello (length:20)
 -------------------------------------------------
crc  , ACK .
 -------------------------------------------------
RCVD from 34 : Hello (length:20)
 -------------------------------------------------
crc  , ACK .
 -------------------------------------------------
RCVD from 34 : Hello (length:20)
 -------------------------------------------------
crc  , ACK .
 -------------------------------------------------
RCVD from 34 : Hello (length:20)
 -------------------------------------------------
crc  , ACK .
 -------------------------------------------------
RCVD from 34 : Hello (length:20)
 -------------------------------------------------
crc  , ACK .
 -------------------------------------------------
RCVD from 34 : Hello (length:20)
 -------------------------------------------------
crc  , ACK .
 -------------------------------------------------
RCVD from 34 : Hello (length:20)
 -------------------------------------------------
crc  , ACK .
 -------------------------------------------------
RCVD from 34 : Hello (length:20)
 -------------------------------------------------
crc  , ACK .
 -------------------------------------------------
RCVD from 34 : Hello (length:20)
 -------------------------------------------------
crc  , ACK .
 -------------------------------------------------
RCVD from 34 : Hello (length:20)
 -------------------------------------------------
crc  , ACK .
 -------------------------------------------------
RCVD from 34 : Hello (length:20)
 -------------------------------------------------
crc  , ACK .
 -------------------------------------------------
RCVD from 34 : Hello (length:20)
 -------------------------------------------------
crc  , ACK .
 -------------------------------------------------
RCVD from 34 : Hello (length:20)
 -------------------------------------------------
crc  , ACK .
 -------------------------------------------------
RCVD from 34 : Hello (length:20)
 -------------------------------------------------
crc  , ACK .
 -------------------------------------------------
RCVD from 34 : Hello (length:20)
 -------------------------------------------------
crc  , ACK .
 -------------------------------------------------
RCVD from 34 : Hello (length:20)
 -------------------------------------------------
crc  , ACK .
 -------------------------------------------------
RCVD from 34 : Hello (length:20)
 -------------------------------------------------
crc  , ACK .
 -------------------------------------------------
RCVD from 34 : Hello (length:20)
 -------------------------------------------------
crc  , ACK .
 -------------------------------------------------
RCVD from 34 : Hello (length:20)
 -------------------------------------------------
crc  , ACK .
 -------------------------------------------------
RCVD from 34 : Hello (length:20)
 -------------------------------------------------
crc  , ACK .
 -------------------------------------------------
RCVD from 34 : Hello (length:20)
 -------------------------------------------------
crc  , ACK .
 -------------------------------------------------
RCVD from 34 : Hello (length:20)
 -------------------------------------------------
crc  , ACK .
 -------------------------------------------------
RCVD from 34 : Hello (length:20)
 -------------------------------------------------
crc  , ACK .
 -------------------------------------------------
RCVD from 34 : Hello (length:20)
 -------------------------------------------------
crc  , ACK .
 -------------------------------------------------
RCVD from 34 : Hello (length:20)
 -------------------------------------------------
crc  , ACK .
 -------------------------------------------------
RCVD from 34 : Hello (length:20)
 -------------------------------------------------
crc  , ACK .
 -------------------------------------------------
RCVD from 34 : Hello (length:20)
 -------------------------------------------------
crc  , ACK .
 -------------------------------------------------
RCVD from 34 : Hello (length:20)
 -------------------------------------------------
crc  , ACK .
 -------------------------------------------------
RCVD from 34 : Hello (length:20)
 -------------------------------------------------
crc  , ACK .
 -------------------------------------------------
RCVD from 34 : Hello (length:20)
 -------------------------------------------------
crc  , ACK .
 -------------------------------------------------
RCVD from 34 : Hello (length:20)
 -------------------------------------------------
crc  , ACK .
 -------------------------------------------------
RCVD from 34 : Hello (length:20)
 -------------------------------------------------
crc  , ACK .
 -------------------------------------------------
RCVD from 34 : Hello (length:20)
 -------------------------------------------------
crc  , ACK .
 -------------------------------------------------
RCVD from 34 : Hello (length:20)
 -------------------------------------------------
crc  , ACK .
 -------------------------------------------------
RCVD from 34 : Hello (length:20)
 -------------------------------------------------
crc  , ACK .
 -------------------------------------------------
RCVD from 34 : Hello (length:20)
 -------------------------------------------------
crc  , ACK .
 -------------------------------------------------
RCVD from 34 : Hello (length:20)
 -------------------------------------------------
crc  , ACK .
 -------------------------------------------------
RCVD from 34 : Hello (length:20)
 -------------------------------------------------
crc  , ACK .
 -------------------------------------------------
RCVD from 34 : Hello (length:20)
 -------------------------------------------------
crc  , ACK .
 -------------------------------------------------
RCVD from 34 : Hello (length:20)
 -------------------------------------------------
crc  , ACK .
 -------------------------------------------------
RCVD from 34 : Hello (length:20)
 -------------------------------------------------
crc  , ACK .
 -------------------------------------------------
RCVD from 34 : Hello (length:20)
 -------------------------------------------------
crc  , ACK .
 -------------------------------------------------
RCVD from 34 : Hello (length:20)
 -------------------------------------------------
crc  , ACK .
 -------------------------------------------------
RCVD from 34 : Hello (length:20)
 -------------------------------------------------
crc  , ACK .
 -------------------------------------------------
RCVD from 34 : Hello (length:20)
 -------------------------------------------------
crc  , ACK .
 -------------------------------------------------
RCVD from 34 : Hello (length:20)
 -------------------------------------------------
crc  , ACK .
 -------------------------------------------------
RCVD from 34 : Hello (length:20)
 -------------------------------------------------
crc  , ACK .
 -------------------------------------------------
RCVD from 34 : Hello (length:20)
 -------------------------------------------------
crc  , ACK .
 -------------------------------------------------
RCVD from 34 : Hello (length:20)
 -------------------------------------------------
crc  , ACK .
 -------------------------------------------------
RCVD from 34 : Hello (length:20)
 -------------------------------------------------
crc  , ACK .
 -------------------------------------------------
RCVD from 34 : Hello (length:20)
 -------------------------------------------------
crc  , ACK .
 -------------------------------------------------
RCVD from 34 : Hello (length:20)
 -------------------------------------------------
crc  , ACK .
 -------------------------------------------------
RCVD from 34 : Hello (length:20)
 -------------------------------------------------
crc  , ACK .
 -------------------------------------------------
RCVD from 34 : Hello (length:20)
 -------------------------------------------------
crc  , ACK .
 -------------------------------------------------
RCVD from 34 : Hello (length:20)
 -------------------------------------------------
crc  , ACK .
 -------------------------------------------------
RCVD from 34 : Hello (length:20)
 -------------------------------------------------
crc  , ACK .
 -------------------------------------------------
RCVD from 34 : Hello (length:20)
 -------------------------------------------------
crc  , ACK .
 -------------------------------------------------
RCVD from 34 : Hello (length:20)
 -------------------------------------------------
crc  , ACK .
 -------------------------------------------------
RCVD from 34 : Hello (length:20)
 -------------------------------------------------
crc  , ACK .
 -------------------------------------------------
RCVD from 34 : Hello (length:20)
 -------------------------------------------------
crc  , ACK .
 -------------------------------------------------
RCVD from 34 : Hello (length:20)
 -------------------------------------------------
crc  , ACK .
 -------------------------------------------------
RCVD from 34 : Hello (length:20)
 -------------------------------------------------
crc  , ACK .
 -------------------------------------------------
RCVD from 34 : Hello (length:20)
 -------------------------------------------------
crc  , ACK .
 -------------------------------------------------
RCVD from 34 : Hello (length:20)
 -------------------------------------------------
crc  , ACK .
 -------------------------------------------------
RCVD from 34 : Hello (length:20)
 -------------------------------------------------
crc  , ACK .
 -------------------------------------------------
RCVD from 34 : Hello (length:20)
 -------------------------------------------------
crc  , ACK .
 -------------------------------------------------
RCVD from 34 : Hello (length:20)
 -------------------------------------------------
crc  , ACK .
 -------------------------------------------------
RCVD from 34 : Hello (length:20)
 -------------------------------------------------
crc  , ACK .
 -------------------------------------------------
RCVD from 34 : Hello (length:20)
 -------------------------------------------------
crc  , ACK .
 -------------------------------------------------
RCVD from 34 : Hello (length:20)
 -------------------------------------------------
crc  , ACK .
 -------------------------------------------------
RCVD from 34 : Hello (length:20)
 -------------------------------------------------
crc  , ACK .
 -------------------------------------------------
RCVD from 34 : Hello (length:20)
 -------------------------------------------------
crc  , ACK .
 -------------------------------------------------
RCVD from 34 : Hello (length:20)
 -------------------------------------------------
crc  , ACK .
 -------------------------------------------------
RCVD from 34 : Hello (length:20)
 -------------------------------------------------
crc  , ACK .
 -------------------------------------------------
RCVD from 34 : Hello (length:20)
 -------------------------------------------------
Total Rcvd: 105, CRC error: 0
Average RSSI: -121
Total ACK Send: 105
power: 14, DR: 10
crc  , ACK .
 -------------------------------------------------
RCVD from 34 : Hello (length:20)
 -------------------------------------------------
Total Rcvd: 106, CRC error: 0
Average RSSI: -121
Total ACK Send: 106
power: 14, DR: 10
------------------ ARQ protocol starts! --------------------------
endnode : 12, dest : 34
>>>>> HAL OnTxDone Function
>>>>> HAL OnTxTimeout
>>>>> HAL OnRxError
>>>>> HAL OnRxTimeout

   Initializing Radio Interrupt handlers 
crc  , ACK .
 -------------------------------------------------
RCVD from 34 : Hello (length:20)
 -------------------------------------------------
crc  , ACK .
 -------------------------------------------------
RCVD from 34 : Hello (length:20)
 -------------------------------------------------
crc  , ACK .
 -------------------------------------------------
RCVD from 34 : Hello (length:20)
 -------------------------------------------------
crc  , ACK .
 -------------------------------------------------
RCVD from 34 : Hello (length:20)
 -------------------------------------------------
crc  , ACK .
 -------------------------------------------------
RCVD from 34 : Hello (length:20)
 -------------------------------------------------
crc  , ACK .
 -------------------------------------------------
RCVD from 34 : Hello (length:20)
 -------------------------------------------------
crc  , ACK .
 -------------------------------------------------
RCVD from 34 : Hello (length:20)
 -------------------------------------------------
crc  , ACK .
 -------------------------------------------------
RCVD from 34 : Hello (length:20)
 -------------------------------------------------
crc  , ACK .
 -------------------------------------------------
RCVD from 34 : Hello (length:20)
 -------------------------------------------------
crc  , ACK .
 -------------------------------------------------
RCVD from 34 : Hello (length:20)
 -------------------------------------------------
crc  , ACK .
 -------------------------------------------------
RCVD from 34 : Hello (length:20)
 -------------------------------------------------
crc  , ACK .
 -------------------------------------------------
RCVD from 34 : Hello (length:20)
 -------------------------------------------------
crc  , ACK .
 -------------------------------------------------
RCVD from 34 : Hello (length:20)
 -------------------------------------------------
crc  , ACK .
 -------------------------------------------------
RCVD from 34 : Hello (length:20)
 -------------------------------------------------
crc  , ACK .
 -------------------------------------------------
RCVD from 34 : Hello (length:20)
 -------------------------------------------------
crc  , ACK .
 -------------------------------------------------
RCVD from 34 : Hello (length:20)
 -------------------------------------------------
crc  , ACK .
 -------------------------------------------------
RCVD from 34 : Hello (length:20)
 -------------------------------------------------
crc  , ACK .
 -------------------------------------------------
RCVD from 34 : Hello (length:20)
 -------------------------------------------------
crc  , ACK .
 -------------------------------------------------
RCVD from 34 : Hello (length:20)
 -------------------------------------------------
crc  , ACK .
 -------------------------------------------------
RCVD from 34 : Hello (length:20)
 -------------------------------------------------
crc  , ACK .
 -------------------------------------------------
RCVD from 34 : Hello (length:20)
 -------------------------------------------------
crc  , ACK .
 -------------------------------------------------
RCVD from 34 : Hello (length:20)
 -------------------------------------------------
crc  , ACK .
 -------------------------------------------------
RCVD from 34 : Hello (length:20)
 -------------------------------------------------
crc  , ACK .
 -------------------------------------------------
RCVD from 34 : Hello (length:20)
 -------------------------------------------------
crc  , ACK .
 -------------------------------------------------
RCVD from 34 : Hello (length:20)
 -------------------------------------------------
crc  , ACK .
 -------------------------------------------------
RCVD from 34 : Hello (length:20)
 -------------------------------------------------
crc  , ACK .
 -------------------------------------------------
RCVD from 34 : Hello (length:20)
 -------------------------------------------------
crc  , ACK .
 -------------------------------------------------
RCVD from 34 : Hello (length:20)
 -------------------------------------------------
crc  , ACK .
 -------------------------------------------------
RCVD from 34 : Hello (length:20)
 -------------------------------------------------
crc  , ACK .
 -------------------------------------------------
RCVD from 34 : Hello (length:20)
 -------------------------------------------------
crc  , ACK .
 -------------------------------------------------
RCVD from 34 : Hello (length:20)
 -------------------------------------------------
crc  , ACK .
 -------------------------------------------------
RCVD from 34 : Hello (length:20)
 -------------------------------------------------
crc  , ACK .
 -------------------------------------------------
RCVD from 34 : Hello (length:20)
 -------------------------------------------------
crc  , ACK .
 -------------------------------------------------
RCVD from 34 : Hello (length:20)
 -------------------------------------------------
crc  , ACK .
 -------------------------------------------------
RCVD from 34 : Hello (length:20)
 -------------------------------------------------
crc  , ACK .
 -------------------------------------------------
RCVD from 34 : Hello (length:20)
 -------------------------------------------------
crc  , ACK .
 -------------------------------------------------
RCVD from 34 : Hello (length:20)
 -------------------------------------------------
crc  , ACK .
 -------------------------------------------------
RCVD from 34 : Hello (length:20)
 -------------------------------------------------
crc  , ACK .
 -------------------------------------------------
RCVD from 34 : Hello (length:20)
 -------------------------------------------------
crc  , ACK .
 -------------------------------------------------
RCVD from 34 : Hello (length:20)
 -------------------------------------------------
crc  , ACK .
 -------------------------------------------------
RCVD from 34 : Hello (length:20)
 -------------------------------------------------
crc  , ACK .
 -------------------------------------------------
RCVD from 34 : Hello (length:20)
 -------------------------------------------------
crc  , ACK .
 -------------------------------------------------
RCVD from 34 : Hello (length:20)
 -------------------------------------------------
crc  , ACK .
 -------------------------------------------------
RCVD from 34 : Hello (length:20)
 -------------------------------------------------
crc  , ACK .
 -------------------------------------------------
RCVD from 34 : Hello (length:20)
 -------------------------------------------------
crc  , ACK .
 -------------------------------------------------
RCVD from 34 : Hello (length:20)
 -------------------------------------------------
crc  , ACK .
 -------------------------------------------------
RCVD from 34 : Hello (length:20)
 -------------------------------------------------
crc  , ACK .
 -------------------------------------------------
RCVD from 34 : Hello (length:20)
 -------------------------------------------------
crc  , ACK .
 -------------------------------------------------
RCVD from 34 : Hello (length:20)
 -------------------------------------------------
crc  , ACK .
 -------------------------------------------------
RCVD from 34 : Hello (length:20)
 -------------------------------------------------
crc  , ACK .
 -------------------------------------------------
RCVD from 34 : Hello (length:20)
 -------------------------------------------------
crc  , ACK .
 -------------------------------------------------
RCVD from 34 : Hello (length:20)
 -------------------------------------------------
crc  , ACK .
 -------------------------------------------------
RCVD from 34 : Hello (length:20)
 -------------------------------------------------
crc  , ACK .
 -------------------------------------------------
RCVD from 34 : Hello (length:20)
 -------------------------------------------------
crc  , ACK .
 -------------------------------------------------
RCVD from 34 : Hello (length:20)
 -------------------------------------------------
crc  , ACK .
 -------------------------------------------------
RCVD from 34 : Hello (length:20)
 -------------------------------------------------
crc  , ACK .
 -------------------------------------------------
RCVD from 34 : Hello (length:20)
 -------------------------------------------------
crc  , ACK .
 -------------------------------------------------
RCVD from 34 : Hello (length:20)
 -------------------------------------------------
crc  , ACK .
 -------------------------------------------------
RCVD from 34 : Hello (length:20)
 -------------------------------------------------
crc  , ACK .
 -------------------------------------------------
RCVD from 34 : Hello (length:20)
 -------------------------------------------------
crc  , ACK .
 -------------------------------------------------
RCVD from 34 : Hello (length:20)
 -------------------------------------------------
crc  , ACK .
 -------------------------------------------------
RCVD from 34 : Hello (length:20)
 -------------------------------------------------
crc  , ACK .
 -------------------------------------------------
RCVD from 34 : Hello (length:20)
 -------------------------------------------------
crc  , ACK .
 -------------------------------------------------
RCVD from 34 : Hello (length:20)
 -------------------------------------------------
crc  , ACK .
 -------------------------------------------------
RCVD from 34 : Hello (length:20)
 -------------------------------------------------
crc  , ACK .
 -------------------------------------------------
RCVD from 34 : Hello (length:20)
 -------------------------------------------------
crc  , ACK .
 -------------------------------------------------
RCVD from 34 : Hello (length:20)
 -------------------------------------------------
crc  .
 -------------------------------------------------
RCVD from 34 : Hgl/ (length:20)
 -------------------------------------------------
crc  , ACK .
 -------------------------------------------------
RCVD from 34 : Hello (length:20)
 -------------------------------------------------
crc  , ACK .
 -------------------------------------------------
RCVD from 34 : Hello (length:20)
 -------------------------------------------------
crc  , ACK .
 -------------------------------------------------
RCVD from 34 : Hello (length:20)
 -------------------------------------------------
crc  , ACK .
 -------------------------------------------------
RCVD from 34 : Hello (length:20)
 -------------------------------------------------
crc  , ACK .
 -------------------------------------------------
RCVD from 34 : Hello (length:20)
 -------------------------------------------------
crc  , ACK .
 -------------------------------------------------
RCVD from 34 : Hello (length:20)
 -------------------------------------------------
crc  , ACK .
 -------------------------------------------------
RCVD from 34 : Hello (length:20)
 -------------------------------------------------
crc  , ACK .
 -------------------------------------------------
RCVD from 34 : Hello (length:20)
 -------------------------------------------------
crc  , ACK .
 -------------------------------------------------
RCVD from 34 : Hello (length:20)
 -------------------------------------------------
crc  , ACK .
 -------------------------------------------------
RCVD from 34 : Hello (length:20)
 -------------------------------------------------
crc  , ACK .
 -------------------------------------------------
RCVD from 34 : Hello (length:20)
 -------------------------------------------------
crc  , ACK .
 -------------------------------------------------
RCVD from 34 : Hello (length:20)
 -------------------------------------------------
crc  , ACK .
 -------------------------------------------------
RCVD from 34 : Hello (length:20)
 -------------------------------------------------
crc  , ACK .
 -------------------------------------------------
RCVD from 34 : Hello (length:20)
 -------------------------------------------------
crc  , ACK .
 -------------------------------------------------
RCVD from 34 : Hello (length:20)
 -------------------------------------------------
crc  , ACK .
 -------------------------------------------------
RCVD from 34 : Hello (length:20)
 -------------------------------------------------
crc  , ACK .
 -------------------------------------------------
RCVD from 34 : Hello (length:20)
 -------------------------------------------------
crc  , ACK .
 -------------------------------------------------
RCVD from 34 : Hello (length:20)
 -------------------------------------------------
crc  , ACK .
 -------------------------------------------------
RCVD from 34 : Hello (length:20)
 -------------------------------------------------
crc  , ACK .
 -------------------------------------------------
RCVD from 34 : Hello (length:20)
 -------------------------------------------------
crc  , ACK .
 -------------------------------------------------
RCVD from 34 : Hello (length:20)
 -------------------------------------------------
crc  , ACK .
 -------------------------------------------------
RCVD from 34 : Hello (length:20)
 -------------------------------------------------
crc  , ACK .
 -------------------------------------------------
RCVD from 34 : Hello (length:20)
 -------------------------------------------------
crc  , ACK .
 -------------------------------------------------
RCVD from 34 : Hello (length:20)
 -------------------------------------------------
crc  , ACK .
 -------------------------------------------------
RCVD from 34 : Hello (length:20)
 -------------------------------------------------
crc  , ACK .
 -------------------------------------------------
RCVD from 34 : Hello (length:20)
 -------------------------------------------------
crc  , ACK .
 -------------------------------------------------
RCVD from 34 : Hello (length:20)
 -------------------------------------------------
crc  , ACK .
 -------------------------------------------------
RCVD from 34 : Hello (length:20)
 -------------------------------------------------
crc  , ACK .
 -------------------------------------------------
RCVD from 34 : Hello (length:20)
 -------------------------------------------------
crc  , ACK .
 -------------------------------------------------
RCVD from 34 : Hello (length:20)
 -------------------------------------------------
crc  , ACK .
 -------------------------------------------------
RCVD from 34 : Hello (length:20)
 -------------------------------------------------
crc  , ACK .
 -------------------------------------------------
RCVD from 34 : Hello (length:20)
 -------------------------------------------------
crc  , ACK .
 -------------------------------------------------
RCVD from 34 : Hello (length:20)
 -------------------------------------------------
crc  , ACK .
 -------------------------------------------------
RCVD from 34 : Hello (length:20)
 -------------------------------------------------
crc  , ACK .
 -------------------------------------------------
RCVD from 34 : Hello (length:20)
 -------------------------------------------------
crc  , ACK .
 -------------------------------------------------
RCVD from 34 : Hello (length:20)
 -------------------------------------------------
crc  , ACK .
 -------------------------------------------------
RCVD from 34 : Hello (length:20)
 -------------------------------------------------
Total Rcvd: 105, CRC error: 1
Average RSSI: -123
Total ACK Send: 105
power: 14, DR: 10
crc  , ACK .
 -------------------------------------------------
RCVD from 34 : Hello (length:20)
 -------------------------------------------------
Total Rcvd: 106, CRC error: 1
Average RSSI: -123
Total ACK Send: 106
power: 14, DR: 10
crc  , ACK .
 -------------------------------------------------
RCVD from 34 : Hello (length:20)
 -------------------------------------------------
Total Rcvd: 107, CRC error: 1
Average RSSI: -123
Total ACK Send: 107
power: 14, DR: 10
crc  , ACK .
 -------------------------------------------------
RCVD from 34 : Hello (length:20)
 -------------------------------------------------
Total Rcvd: 108, CRC error: 1
Average RSSI: -123
Total ACK Send: 108
power: 14, DR: 10
crc  , ACK .
 -------------------------------------------------
RCVD from 34 : Hello (length:20)
 -------------------------------------------------
Total Rcvd: 109, CRC error: 1
Average RSSI: -123
Total ACK Send: 109
power: 14, DR: 10
crc  , ACK .
 -------------------------------------------------
RCVD from 34 : Hello (length:20)
 -------------------------------------------------
Total Rcvd: 110, CRC error: 1
Average RSSI: -123
Total ACK Send: 110
power: 14, DR: 10
crc  , ACK .
 -------------------------------------------------
RCVD from 34 : Hello (length:20)
 -------------------------------------------------
Total Rcvd: 111, CRC error: 1
Average RSSI: -123
Total ACK Send: 111
power: 14, DR: 10
crc  , ACK .
 -------------------------------------------------
RCVD from 34 : Hello (length:20)
 -------------------------------------------------
Total Rcvd: 112, CRC error: 1
Average RSSI: -123
Total ACK Send: 112
power: 14, DR: 10
crc  , ACK .
 -------------------------------------------------
RCVD from 34 : Hello (length:20)
 -------------------------------------------------
Total Rcvd: 113, CRC error: 1
Average RSSI: -123
Total ACK Send: 113
power: 14, DR: 10
crc  , ACK .
 -------------------------------------------------
RCVD from 34 : Hello (length:20)
 -------------------------------------------------
Total Rcvd: 114, CRC error: 1
Average RSSI: -123
Total ACK Send: 114
power: 14, DR: 10
crc  , ACK .
 -------------------------------------------------
RCVD from 34 : Hello (length:20)
 -------------------------------------------------
Total Rcvd: 115, CRC error: 1
Average RSSI: -123
Total ACK Send: 115
power: 14, DR: 10
------------------ ARQ protocol starts! --------------------------
endnode : 12, dest : 34
>>>>> HAL OnTxDone Function
>>>>> HAL OnTxTimeout
>>>>> HAL OnRxError
>>>>> HAL OnRxTimeout

   Initializing Radio Interrupt handlers 
crc  , ACK .
 -------------------------------------------------
RCVD from 34 : Hello (length:20)
 -------------------------------------------------
crc  , ACK .
 -------------------------------------------------
RCVD from 34 : Hello (length:20)
 -------------------------------------------------
crc  , ACK .
 -------------------------------------------------
RCVD from 34 : Hello (length:20)
 -------------------------------------------------
crc  , ACK .
 -------------------------------------------------
RCVD from 34 : Hello (length:20)
 -------------------------------------------------
crc  , ACK .
 -------------------------------------------------
RCVD from 34 : Hello (length:20)
 -------------------------------------------------
crc  , ACK .
 -------------------------------------------------
RCVD from 34 : Hello (length:20)
 -------------------------------------------------
crc  , ACK .
 -------------------------------------------------
RCVD from 34 : Hello (length:20)
 -------------------------------------------------
crc  , ACK .
 -------------------------------------------------
RCVD from 34 : Hello (length:20)
 -------------------------------------------------
crc  , ACK .
 -------------------------------------------------
RCVD from 34 : Hello (length:20)
 -------------------------------------------------
crc  , ACK .
 -------------------------------------------------
RCVD from 34 : Hello (length:20)
 -------------------------------------------------
crc  , ACK .
 -------------------------------------------------
RCVD from 34 : Hello (length:20)
 -------------------------------------------------
crc  , ACK .
 -------------------------------------------------
RCVD from 34 : Hello (length:20)
 -------------------------------------------------
crc  , ACK .
 -------------------------------------------------
RCVD from 34 : Hello (length:20)
 -------------------------------------------------
crc  , ACK .
 -------------------------------------------------
RCVD from 34 : Hello (length:20)
 -------------------------------------------------
crc  , ACK .
 -------------------------------------------------
RCVD from 34 : Hello (length:20)
 -------------------------------------------------
crc  , ACK .
 -------------------------------------------------
RCVD from 34 : Hello (length:20)
 -------------------------------------------------
crc  , ACK .
 -------------------------------------------------
RCVD from 34 : Hello (length:20)
 -------------------------------------------------
crc  , ACK .
 -------------------------------------------------
RCVD from 34 : Hello (length:20)
 -------------------------------------------------
crc  , ACK .
 -------------------------------------------------
RCVD from 34 : Hello (length:20)
 -------------------------------------------------
crc  , ACK .
 -------------------------------------------------
RCVD from 34 : Hello (length:20)
 -------------------------------------------------
crc  , ACK .
 -------------------------------------------------
RCVD from 34 : Hello (length:20)
 -------------------------------------------------
crc  , ACK .
 -------------------------------------------------
RCVD from 34 : Hello (length:20)
 -------------------------------------------------
crc  , ACK .
 -------------------------------------------------
RCVD from 34 : Hello (length:20)
 -------------------------------------------------
crc  , ACK .
 -------------------------------------------------
RCVD from 34 : Hello (length:20)
 -------------------------------------------------
crc  , ACK .
 -------------------------------------------------
RCVD from 34 : Hello (length:20)
 -------------------------------------------------
crc  , ACK .
 -------------------------------------------------
RCVD from 34 : Hello (length:20)
 -------------------------------------------------
crc  , ACK .
 -------------------------------------------------
RCVD from 34 : Hello (length:20)
 -------------------------------------------------
crc  , ACK .
 -------------------------------------------------
RCVD from 34 : Hello (length:20)
 -------------------------------------------------
crc  , ACK .
 -------------------------------------------------
RCVD from 34 : Hello (length:20)
 -------------------------------------------------
crc  , ACK .
 -------------------------------------------------
RCVD from 34 : Hello (length:20)
 -------------------------------------------------
crc  , ACK .
 -------------------------------------------------
RCVD from 34 : Hello (length:20)
 -------------------------------------------------
crc  , ACK .
 -------------------------------------------------
RCVD from 34 : Hello (length:20)
 -------------------------------------------------
crc  , ACK .
 -------------------------------------------------
RCVD from 34 : Hello (length:20)
 -------------------------------------------------
crc  , ACK .
 -------------------------------------------------
RCVD from 34 : Hello (length:20)
 -------------------------------------------------
crc  , ACK .
 -------------------------------------------------
RCVD from 34 : Hello (length:20)
 -------------------------------------------------
crc  , ACK .
 -------------------------------------------------
RCVD from 34 : Hello (length:20)
 -------------------------------------------------
crc  , ACK .
 -------------------------------------------------
RCVD from 34 : Hello (length:20)
 -------------------------------------------------
crc  , ACK .
 -------------------------------------------------
RCVD from 34 : Hello (length:20)
 -------------------------------------------------
crc  , ACK .
 -------------------------------------------------
RCVD from 34 : Hello (length:20)
 -------------------------------------------------
crc  , ACK .
 -------------------------------------------------
RCVD from 34 : Hello (length:20)
 -------------------------------------------------
crc  , ACK .
 -------------------------------------------------
RCVD from 34 : Hello (length:20)
 -------------------------------------------------
crc  , ACK .
 -------------------------------------------------
RCVD from 34 : Hello (length:20)
 -------------------------------------------------
crc  .
 -------------------------------------------------
RCVD from 34 : Hell/ (length:20)
 -------------------------------------------------
crc  , ACK .
 -------------------------------------------------
RCVD from 34 : Hello (length:20)
 -------------------------------------------------
crc  , ACK .
 -------------------------------------------------
RCVD from 34 : Hello (length:20)
 -------------------------------------------------
crc  , ACK .
 -------------------------------------------------
RCVD from 34 : Hello (length:20)
 -------------------------------------------------
crc  , ACK .
 -------------------------------------------------
RCVD from 34 : Hello (length:20)
 -------------------------------------------------
crc  , ACK .
 -------------------------------------------------
RCVD from 34 : Hello (length:20)
 -------------------------------------------------
crc  , ACK .
 -------------------------------------------------
RCVD from 34 : Hello (length:20)
 -------------------------------------------------
crc  , ACK .
 -------------------------------------------------
RCVD from 34 : Hello (length:20)
 -------------------------------------------------
crc  , ACK .
 -------------------------------------------------
RCVD from 34 : Hello (length:20)
 -------------------------------------------------
crc  , ACK .
 -------------------------------------------------
RCVD from 34 : Hello (length:20)
 -------------------------------------------------
crc  , ACK .
 -------------------------------------------------
RCVD from 34 : Hello (length:20)
 -------------------------------------------------
crc  , ACK .
 -------------------------------------------------
RCVD from 34 : Hello (length:20)
 -------------------------------------------------
crc  , ACK .
 -------------------------------------------------
RCVD from 34 : Hello (length:20)
 -------------------------------------------------
crc  , ACK .
 -------------------------------------------------
RCVD from 34 : Hello (length:20)
 -------------------------------------------------
crc  , ACK .
 -------------------------------------------------
RCVD from 34 : Hello (length:20)
 -------------------------------------------------
crc  , ACK .
 -------------------------------------------------
RCVD from 34 : Hello (length:20)
 -------------------------------------------------
crc  , ACK .
 -------------------------------------------------
RCVD from 34 : Hello (length:20)
 -------------------------------------------------
crc  , ACK .
 -------------------------------------------------
RCVD from 34 : Hello (length:20)
 -------------------------------------------------
crc  , ACK .
 -------------------------------------------------
RCVD from 34 : Hello (length:20)
 -------------------------------------------------
crc  , ACK .
 -------------------------------------------------
RCVD from 34 : Hello (length:20)
 -------------------------------------------------
crc  , ACK .
 -------------------------------------------------
RCVD from 34 : Hello (length:20)
 -------------------------------------------------
crc  , ACK .
 -------------------------------------------------
RCVD from 34 : Hello (length:20)
 -------------------------------------------------
crc  , ACK .
 -------------------------------------------------
RCVD from 34 : Hello (length:20)
 -------------------------------------------------
crc  , ACK .
 -------------------------------------------------
RCVD from 34 : Hello (length:20)
 -------------------------------------------------
crc  , ACK .
 -------------------------------------------------
RCVD from 34 : Hello (length:20)
 -------------------------------------------------
crc  , ACK .
 -------------------------------------------------
RCVD from 34 : Hello (length:20)
 -------------------------------------------------
crc  , ACK .
 -------------------------------------------------
RCVD from 34 : Hello (length:20)
 -------------------------------------------------
crc  , ACK .
 -------------------------------------------------
RCVD from 34 : Hello (length:20)
 -------------------------------------------------
crc  , ACK .
 -------------------------------------------------
RCVD from 34 : Hello (length:20)
 -------------------------------------------------
crc  , ACK .
 -------------------------------------------------
RCVD from 34 : Hello (length:20)
 -------------------------------------------------
crc  , ACK .
 -------------------------------------------------
RCVD from 34 : Hello (length:20)
 -------------------------------------------------
crc  , ACK .
 -------------------------------------------------
RCVD from 34 : Hello (length:20)
 -------------------------------------------------
crc  , ACK .
 -------------------------------------------------
RCVD from 34 : Hello (length:20)
 -------------------------------------------------
crc  , ACK .
 -------------------------------------------------
RCVD from 34 : Hello (length:20)
 -------------------------------------------------
crc  , ACK .
 -------------------------------------------------
RCVD from 34 : Hello (length:20)
 -------------------------------------------------
crc  , ACK .
 -------------------------------------------------
RCVD from 34 : Hello (length:20)
 -------------------------------------------------
crc  , ACK .
 -------------------------------------------------
RCVD from 34 : Hello (length:20)
 -------------------------------------------------
crc  , ACK .
 -------------------------------------------------
RCVD from 34 : Hello (length:20)
 -------------------------------------------------
crc  , ACK .
 -------------------------------------------------
RCVD from 34 : Hello (length:20)
 -------------------------------------------------
crc  , ACK .
 -------------------------------------------------
RCVD from 34 : Hello (length:20)
 -------------------------------------------------
crc  , ACK .
 -------------------------------------------------
RCVD from 34 : Hello (length:20)
 -------------------------------------------------
crc  , ACK .
 -------------------------------------------------
RCVD from 34 : Hello (length:20)
 -------------------------------------------------
crc  , ACK .
 -------------------------------------------------
RCVD from 34 : Hello (length:20)
 -------------------------------------------------
crc  , ACK .
 -------------------------------------------------
RCVD from 34 : Hello (length:20)
 -------------------------------------------------
crc  , ACK .
 -------------------------------------------------
RCVD from 34 : Hello (length:20)
 -------------------------------------------------
crc  , ACK .
 -------------------------------------------------
RCVD from 34 : Hello (length:20)
 -------------------------------------------------
crc  , ACK .
 -------------------------------------------------
RCVD from 34 : Hello (length:20)
 -------------------------------------------------
crc  , ACK .
 -------------------------------------------------
RCVD from 34 : Hello (length:20)
 -------------------------------------------------
crc  , ACK .
 -------------------------------------------------
RCVD from 34 : Hello (length:20)
 -------------------------------------------------
crc  , ACK .
 -------------------------------------------------
RCVD from 34 : Hello (length:20)
 -------------------------------------------------
crc  , ACK .
 -------------------------------------------------
RCVD from 34 : Hello (length:20)
 -------------------------------------------------
crc  , ACK .
 -------------------------------------------------
RCVD from 34 : Hello (length:20)
 -------------------------------------------------
crc  , ACK .
 -------------------------------------------------
RCVD from 34 : Hello (length:20)
 -------------------------------------------------
crc  , ACK .
 -------------------------------------------------
RCVD from 34 : Hello (length:20)
 -------------------------------------------------
crc  , ACK .
 -------------------------------------------------
RCVD from 34 : Hello (length:20)
 -------------------------------------------------
crc  , ACK .
 -------------------------------------------------
RCVD from 34 : Hello (length:20)
 -------------------------------------------------
crc  , ACK .
 -------------------------------------------------
RCVD from 34 : Hello (length:20)
 -------------------------------------------------
crc  , ACK .
 -------------------------------------------------
RCVD from 34 : Hello (length:20)
 -------------------------------------------------
crc  , ACK .
 -------------------------------------------------
RCVD from 34 : Hello (length:20)
 -------------------------------------------------
crc  , ACK .
 -------------------------------------------------
RCVD from 34 : Hello (length:20)
 -------------------------------------------------
crc  , ACK .
 -------------------------------------------------
RCVD from 34 : Hello (length:20)
 -------------------------------------------------
crc  , ACK .
 -------------------------------------------------
RCVD from 34 : Hello (length:20)
 -------------------------------------------------
crc  , ACK .
 -------------------------------------------------
RCVD from 34 : Hello (length:20)
 -------------------------------------------------
Total Rcvd: 105, CRC error: 1
Average RSSI: -123
Total ACK Send: 105
power: 14, DR: 10
crc  , ACK .
 -------------------------------------------------
RCVD from 34 : Hello (length:20)
 -------------------------------------------------
Total Rcvd: 106, CRC error: 1
Average RSSI: -123
Total ACK Send: 106
power: 14, DR: 10
crc  , ACK .
 -------------------------------------------------
RCVD from 34 : Hello (length:20)
 -------------------------------------------------
Total Rcvd: 107, CRC error: 1
Average RSSI: -123
Total ACK Send: 107
power: 14, DR: 10
crc  , ACK .
 -------------------------------------------------
RCVD from 34 : Hello (length:20)
 -------------------------------------------------
Total Rcvd: 108, CRC error: 1
Average RSSI: -123
Total ACK Send: 108
power: 14, DR: 10
crc  , ACK .
 -------------------------------------------------
RCVD from 34 : Hello (length:20)
 -------------------------------------------------
Total Rcvd: 109, CRC error: 1
Average RSSI: -123
Total ACK Send: 109
power: 14, DR: 10
crc  , ACK .
 -------------------------------------------------
RCVD from 34 : Hello (length:20)
 -------------------------------------------------
Total Rcvd: 110, CRC error: 1
Average RSSI: -123
Total ACK Send: 110
power: 14, DR: 10
crc  , ACK .
 -------------------------------------------------
RCVD from 34 : Hello (length:20)
 -------------------------------------------------
Total Rcvd: 111, CRC error: 1
Average RSSI: -123
Total ACK Send: 111
power: 14, DR: 10
------------------ ARQ protocol starts! --------------------------
endnode : 12, dest : 34
>>>>> HAL OnTxDone Function
>>>>> HAL OnTxTimeout
>>>>> HAL OnRxError
>>>>> HAL OnRxTimeout

   Initializing Radio Interrupt handlers 
crc  , ACK .
 -------------------------------------------------
RCVD from 34 : Hello (length:20)
 -------------------------------------------------
crc  , ACK .
 -------------------------------------------------
RCVD from 34 : Hello (length:20)
 -------------------------------------------------
crc  , ACK .
 -------------------------------------------------
RCVD from 34 : Hello (length:20)
 -------------------------------------------------
crc  , ACK .
 -------------------------------------------------
RCVD from 34 : Hello (length:20)
 -------------------------------------------------
crc  , ACK .
 -------------------------------------------------
RCVD from 34 : Hello (length:20)
 -------------------------------------------------
crc  , ACK .
 -------------------------------------------------
RCVD from 34 : Hello (length:20)
 -------------------------------------------------
crc  , ACK .
 -------------------------------------------------
RCVD from 34 : Hello (length:20)
 -------------------------------------------------
crc  , ACK .
 -------------------------------------------------
RCVD from 34 : Hello (length:20)
 -------------------------------------------------
crc  , ACK .
 -------------------------------------------------
RCVD from 34 : Hello (length:20)
 -------------------------------------------------
crc  , ACK .
 -------------------------------------------------
RCVD from 34 : Hello (length:20)
 -------------------------------------------------
crc  , ACK .
 -------------------------------------------------
RCVD from 34 : Hello (length:20)
 -------------------------------------------------
crc  , ACK .
 -------------------------------------------------
RCVD from 34 : Hello (length:20)
 -------------------------------------------------
crc  , ACK .
 -------------------------------------------------
RCVD from 34 : Hello (length:20)
 -------------------------------------------------
crc  , ACK .
 -------------------------------------------------
RCVD from 34 : Hello (length:20)
 -------------------------------------------------
crc  , ACK .
 -------------------------------------------------
RCVD from 34 : Hello (length:20)
 -------------------------------------------------
crc  , ACK .
 -------------------------------------------------
RCVD from 34 : Hello (length:20)
 -------------------------------------------------
crc  , ACK .
 -------------------------------------------------
RCVD from 34 : Hello (length:20)
 -------------------------------------------------
crc  , ACK .
 -------------------------------------------------
RCVD from 34 : Hello (length:20)
 -------------------------------------------------
crc  , ACK .
 -------------------------------------------------
RCVD from 34 : Hello (length:20)
 -------------------------------------------------
crc  , ACK .
 -------------------------------------------------
RCVD from 34 : Hello (length:20)
 -------------------------------------------------
crc  , ACK .
 -------------------------------------------------
RCVD from 34 : Hello (length:20)
 -------------------------------------------------
crc  , ACK .
 -------------------------------------------------
RCVD from 34 : Hello (length:20)
 -------------------------------------------------
crc  , ACK .
 -------------------------------------------------
RCVD from 34 : Hello (length:20)
 -------------------------------------------------
crc  , ACK .
 -------------------------------------------------
RCVD from 34 : Hello (length:20)
 -------------------------------------------------
crc  , ACK .
 -------------------------------------------------
RCVD from 34 : Hello (length:20)
 -------------------------------------------------
crc  , ACK .
 -------------------------------------------------
RCVD from 34 : Hello (length:20)
 -------------------------------------------------
crc  , ACK .
 -------------------------------------------------
RCVD from 34 : Hello (length:20)
 -------------------------------------------------
crc  , ACK .
 -------------------------------------------------
RCVD from 34 : Hello (length:20)
 -------------------------------------------------
crc  , ACK .
 -------------------------------------------------
RCVD from 34 : Hello (length:20)
 -------------------------------------------------
crc  , ACK .
 -------------------------------------------------
RCVD from 34 : Hello (length:20)
 -------------------------------------------------
crc  , ACK .
 -------------------------------------------------
RCVD from 34 : Hello (length:20)
 -------------------------------------------------
crc  , ACK .
 -------------------------------------------------
RCVD from 34 : Hello (length:20)
 -------------------------------------------------
crc  , ACK .
 -------------------------------------------------
RCVD from 34 : Hello (length:20)
 -------------------------------------------------
crc  , ACK .
 -------------------------------------------------
RCVD from 34 : Hello (length:20)
 -------------------------------------------------
crc  , ACK .
 -------------------------------------------------
RCVD from 34 : Hello (length:20)
 -------------------------------------------------
crc  , ACK .
 -------------------------------------------------
RCVD from 34 : Hello (length:20)
 -------------------------------------------------
crc  , ACK .
 -------------------------------------------------
RCVD from 34 : Hello (length:20)
 -------------------------------------------------
crc  , ACK .
 -------------------------------------------------
RCVD from 34 : Hello (length:20)
 -------------------------------------------------
crc  , ACK .
 -------------------------------------------------
RCVD from 34 : Hello (length:20)
 -------------------------------------------------
crc  , ACK .
 -------------------------------------------------
RCVD from 34 : Hello (length:20)
 -------------------------------------------------
crc  , ACK .
 -------------------------------------------------
RCVD from 34 : Hello (length:20)
 -------------------------------------------------
crc  , ACK .
 -------------------------------------------------
RCVD from 34 : Hello (length:20)
 -------------------------------------------------
crc  , ACK .
 -------------------------------------------------
RCVD from 34 : Hello (length:20)
 -------------------------------------------------
crc  , ACK .
 -------------------------------------------------
RCVD from 34 : Hello (length:20)
 -------------------------------------------------
crc  , ACK .
 -------------------------------------------------
RCVD from 34 : Hello (length:20)
 -------------------------------------------------
crc  , ACK .
 -------------------------------------------------
RCVD from 34 : Hello (length:20)
 -------------------------------------------------
crc  , ACK .
 -------------------------------------------------
RCVD from 34 : Hello (length:20)
 -------------------------------------------------
crc  , ACK .
 -------------------------------------------------
RCVD from 34 : Hello (length:20)
 -------------------------------------------------
crc  , ACK .
 -------------------------------------------------
RCVD from 34 : Hello (length:20)
 -------------------------------------------------
crc  , ACK .
 -------------------------------------------------
RCVD from 34 : Hello (length:20)
 -------------------------------------------------
crc  , ACK .
 -------------------------------------------------
RCVD from 34 : Hello (length:20)
 -------------------------------------------------
crc  , ACK .
 -------------------------------------------------
RCVD from 34 : Hello (length:20)
 -------------------------------------------------
crc  , ACK .
 -------------------------------------------------
RCVD from 34 : Hello (length:20)
 -------------------------------------------------
crc  , ACK .
 -------------------------------------------------
RCVD from 34 : Hello (length:20)
 -------------------------------------------------
crc  , ACK .
 -------------------------------------------------
RCVD from 34 : Hello (length:20)
 -------------------------------------------------
crc  , ACK .
 -------------------------------------------------
RCVD from 34 : Hello (length:20)
 -------------------------------------------------
crc  , ACK .
 -------------------------------------------------
RCVD from 34 : Hello (length:20)
 -------------------------------------------------
crc  , ACK .
 -------------------------------------------------
RCVD from 34 : Hello (length:20)
 -------------------------------------------------
crc  , ACK .
 -------------------------------------------------
RCVD from 34 : Hello (length:20)
 -------------------------------------------------
crc  , ACK .
 -------------------------------------------------
RCVD from 34 : Hello (length:20)
 -------------------------------------------------
crc  , ACK .
 -------------------------------------------------
RCVD from 34 : Hello (length:20)
 -------------------------------------------------
crc  , ACK .
 -------------------------------------------------
RCVD from 34 : Hello (length:20)
 -------------------------------------------------
crc  , ACK .
 -------------------------------------------------
RCVD from 34 : Hello (length:20)
 -------------------------------------------------
crc  , ACK .
 -------------------------------------------------
RCVD from 34 : Hello (length:20)
 -------------------------------------------------
crc  , ACK .
 -------------------------------------------------
RCVD from 34 : Hello (length:20)
 -------------------------------------------------
crc  , ACK .
 -------------------------------------------------
RCVD from 34 : Hello (length:20)
 -------------------------------------------------
crc  , ACK .
 -------------------------------------------------
RCVD from 34 : Hello (length:20)
 -------------------------------------------------
crc  , ACK .
 -------------------------------------------------
RCVD from 34 : Hello (length:20)
 -------------------------------------------------
crc  , ACK .
 -------------------------------------------------
RCVD from 34 : Hello (length:20)
 -------------------------------------------------
crc  , ACK .
 -------------------------------------------------
RCVD from 34 : Hello (length:20)
 -------------------------------------------------
crc  , ACK .
 -------------------------------------------------
RCVD from 34 : Hello (length:20)
 -------------------------------------------------
crc  , ACK .
 -------------------------------------------------
RCVD from 34 : Hello (length:20)
 -------------------------------------------------
crc  , ACK .
 -------------------------------------------------
RCVD from 34 : Hello (length:20)
 -------------------------------------------------
crc  , ACK .
 -------------------------------------------------
RCVD from 34 : Hello (length:20)
 -------------------------------------------------
crc  , ACK .
 -------------------------------------------------
RCVD from 34 : Hello (length:20)
 -------------------------------------------------
crc  , ACK .
 -------------------------------------------------
RCVD from 34 : Hello (length:20)
 -------------------------------------------------
crc  , ACK .
 -------------------------------------------------
RCVD from 34 : Hello (length:20)
 -------------------------------------------------
crc  , ACK .
 -------------------------------------------------
RCVD from 34 : Hello (length:20)
 -------------------------------------------------
crc  , ACK .
 -------------------------------------------------
RCVD from 34 : Hello (length:20)
 -------------------------------------------------
crc  , ACK .
 -------------------------------------------------
RCVD from 34 : Hello (length:20)
 -------------------------------------------------
crc  , ACK .
 -------------------------------------------------
RCVD from 34 : Hello (length:20)
 -------------------------------------------------
crc  , ACK .
 -------------------------------------------------
RCVD from 34 : Hello (length:20)
 -------------------------------------------------
crc  , ACK .
 -------------------------------------------------
RCVD from 34 : Hello (length:20)
 -------------------------------------------------
crc  , ACK .
 -------------------------------------------------
RCVD from 34 : Hello (length:20)
 -------------------------------------------------
crc  , ACK .
 -------------------------------------------------
RCVD from 34 : Hello (length:20)
 -------------------------------------------------
crc  , ACK .
 -------------------------------------------------
RCVD from 34 : Hello (length:20)
 -------------------------------------------------
crc  , ACK .
 -------------------------------------------------
RCVD from 34 : Hello (length:20)
 -------------------------------------------------
crc  , ACK .
 -------------------------------------------------
RCVD from 34 : Hello (length:20)
 -------------------------------------------------
crc  , ACK .
 -------------------------------------------------
RCVD from 34 : Hello (length:20)
 -------------------------------------------------
crc  , ACK .
 -------------------------------------------------
RCVD from 34 : Hello (length:20)
 -------------------------------------------------
crc  , ACK .
 -------------------------------------------------
RCVD from 34 : Hello (length:20)
 -------------------------------------------------
crc  , ACK .
 -------------------------------------------------
RCVD from 34 : Hello (length:20)
 -------------------------------------------------
crc  , ACK .
 -------------------------------------------------
RCVD from 34 : Hello (length:20)
 -------------------------------------------------
crc  , ACK .
 -------------------------------------------------
RCVD from 34 : Hello (length:20)
 -------------------------------------------------
crc  , ACK .
 -------------------------------------------------
RCVD from 34 : Hello (length:20)
 -------------------------------------------------
crc  , ACK .
 -------------------------------------------------
RCVD from 34 : Hello (length:20)
 -------------------------------------------------
crc  , ACK .
 -------------------------------------------------
RCVD from 34 : Hello (length:20)
 -------------------------------------------------
crc  , ACK .
 -------------------------------------------------
RCVD from 34 : Hello (length:20)
 -------------------------------------------------
crc  , ACK .
 -------------------------------------------------
RCVD from 34 : Hello (length:20)
 -------------------------------------------------
crc  , ACK .
 -------------------------------------------------
RCVD from 34 : Hello (length:20)
 -------------------------------------------------
crc  , ACK .
 -------------------------------------------------
RCVD from 34 : Hello (length:20)
 -------------------------------------------------
crc  , ACK .
 -------------------------------------------------
RCVD from 34 : Hello (length:20)
 -------------------------------------------------
crc  , ACK .
 -------------------------------------------------
RCVD from 34 : Hello (length:20)
 -------------------------------------------------
crc  , ACK .
 -------------------------------------------------
RCVD from 34 : Hello (length:20)
 -------------------------------------------------
crc  , ACK .
 -------------------------------------------------
RCVD from 34 : Hello (length:20)
 -------------------------------------------------
Total Rcvd: 105, CRC error: 0
Average RSSI: -121
Total ACK Send: 105
power: 14, DR: 10
crc  , ACK .
 -------------------------------------------------
RCVD from 34 : Hello (length:20)
 -------------------------------------------------
Total Rcvd: 106, CRC error: 0
Average RSSI: -121
Total ACK Send: 106
power: 14, DR: 10
crc  , ACK .
 -------------------------------------------------
RCVD from 34 : Hello (length:20)
 -------------------------------------------------
Total Rcvd: 107, CRC error: 0
Average RSSI: -121
Total ACK Send: 107
power: 14, DR: 10
crc  , ACK .
 -------------------------------------------------
RCVD from 34 : Hello (length:20)
 -------------------------------------------------
Total Rcvd: 108, CRC error: 0
Average RSSI: -121
Total ACK Send: 108
power: 14, DR: 10
crc  , ACK .
 -------------------------------------------------
RCVD from 34 : Hello (length:20)
 -------------------------------------------------
Total Rcvd: 109, CRC error: 0
Average RSSI: -121
Total ACK Send: 109
power: 14, DR: 10
